IP Generator (Version 2020.3 build 62942)
Check out license ...
Start generating at 2022-05-12 19:34
Instance: histogram_ram_h (F:\pds_project\ConvKing\ipcore\histogram_ram_h\histogram_ram_h.idf)
Model: Logos DRM Based Dual Port RAM (1.5)
Part: Logos-PGL22G-MBG324--6
Create directory 'rtl' ...
Copy 'rtl\ipml_dpram_v1_5.v.xml' to 'rtl' ...
Compile file 'rtl\ipml_dpram_v1_5.v.xml' to 'rtl\ipml_dpram_v1_5_histogram_ram_h.v' ...
Copy 'ipml_dpram_wrapper_v1_5.v.xml' ...
Compile file 'ipml_dpram_wrapper_v1_5.v.xml' to 'histogram_ram_h.v' ...
Found top module 'histogram_ram_h' in file 'histogram_ram_h.v'.
Copy 'ipml_dpram_wrapper_v1_3_tb.v.xml' ...
Compile file 'ipml_dpram_wrapper_v1_3_tb.v.xml' to 'histogram_ram_h_tb.v' ...
Copy 'init_param_bin_exmp.dat' ...
Copy 'init_param_hex_exmp.dat' ...
Run file 'createParam.tcl' ...
Create template file 'histogram_ram_h_tmpl.v' ...
Create template file 'histogram_ram_h_tmpl.vhdl' ...
There are 2 source files to synthesize.
Synthesis is disabled.
Done: 0 error(s), 0 warning(s)
