#Build: Fabric Compiler 2020.3, Build 62942, Sep 29 13:34 2020
#Install: D:\pango\PDS_2020.3\bin
#Application name: pds.exe
#OS: Windows 10 10.0.18363
#Hostname: DESKTOP-FPVEJ74
Generated by Fabric Compiler (version 2020.3 build 62942) at Fri May 27 22:51:24 2022
Compiling architecture definition.
W: Verilog-2007: [F:/pds_project/ConvKing/source/Accelerator/Linear/linear_top.v(line number: 3)] Empty port in module declaration
W: Verilog-2007: [F:/pds_project/ConvKing/source/Accelerator/mobilenet_invres.v(line number: 3)] Empty port in module declaration
W: Verilog-2007: [F:/pds_project/ConvKing/source/Accelerator/mobilenet_top.v(line number: 3)] Empty port in module declaration
W: Verilog-2007: [F:/pds_project/ConvKing/source/Accelerator/yolo_CBL.v(line number: 3)] Empty port in module declaration
W: Verilog-2007: [F:/pds_project/ConvKing/source/Accelerator/yolo_mobilenet.v(line number: 3)] Empty port in module declaration
W: Verilog-2007: [F:/pds_project/ConvKing/source/Accelerator/yolo_pre.v(line number: 3)] Empty port in module declaration
W: Verilog-2007: [F:/pds_project/ConvKing/source/Accelerator/KNN/tb/hist_top_tb.v(line number: 1)] Empty port in module declaration
I: Flow-6004: Design file modified: "F:/pds_project/ConvKing/source/Accelerator/KNN/histogram.v". 
Compiling architecture definition.
E: Verilog-4039: [F:/pds_project/ConvKing/source/Accelerator/KNN/histogram.v(line number: 232)] Identifier int is not declared
E: Verilog-4005: [F:/pds_project/ConvKing/source/Accelerator/KNN/histogram.v(line number: 234)] Syntax error near (
E: Parsing ERROR.
I: Flow-6004: Design file modified: "F:/pds_project/ConvKing/source/Accelerator/KNN/histogram.v". 
Compiling architecture definition.
E: Verilog-4039: [F:/pds_project/ConvKing/source/Accelerator/KNN/histogram.v(line number: 232)] Identifier int is not declared
E: Verilog-4005: [F:/pds_project/ConvKing/source/Accelerator/KNN/histogram.v(line number: 234)] Syntax error near (
E: Parsing ERROR.
I: Flow-6004: Design file modified: "F:/pds_project/ConvKing/source/Accelerator/KNN/histogram.v". 
Compiling architecture definition.
E: Verilog-4039: [F:/pds_project/ConvKing/source/Accelerator/KNN/histogram.v(line number: 232)] Identifier int is not declared
E: Verilog-4005: [F:/pds_project/ConvKing/source/Accelerator/KNN/histogram.v(line number: 234)] Syntax error near (
E: Parsing ERROR.
I: Flow-6004: Design file modified: "F:/pds_project/ConvKing/source/Accelerator/KNN/histogram.v". 
Compiling architecture definition.
E: Verilog-4039: [F:/pds_project/ConvKing/source/Accelerator/KNN/histogram.v(line number: 232)] Identifier int is not declared
E: Verilog-4005: [F:/pds_project/ConvKing/source/Accelerator/KNN/histogram.v(line number: 234)] Syntax error near (
E: Parsing ERROR.
I: Flow-6004: Design file modified: "F:/pds_project/ConvKing/source/Accelerator/KNN/histogram.v". 
Compiling architecture definition.
I: Flow-6004: Design file modified: "F:/pds_project/ConvKing/source/top.v". 
Compiling architecture definition.
