IP Generator (Version 2020.3 build 62942)
Check out license ...
Start generating at 2022-05-02 16:45
Instance: afifo_32i_64o_256depth (F:\pds_project\ConvKing\ipcore\afifo_32i_64o_256depth\afifo_32i_64o_256depth.idf)
Model: Logos DRM Based FIFO (1.5)
Part: Logos-PGL22G-MBG324--6
Create directory 'rtl' ...
Copy 'rtl\ipml_fifo_ctrl_v1_3.v' to 'rtl' ...
Copy 'rtl\ipml_fifo_v1_5.v.xml' to 'rtl' ...
Copy 'rtl\ipml_prefetch_fifo_v1_5.v.xml' to 'rtl' ...
Copy 'rtl\ipml_reg_fifo_v1_0.v' to 'rtl' ...
Copy 'rtl\ipml_sdpram_v1_5.v.xml' to 'rtl' ...
Compile file 'rtl\ipml_sdpram_v1_5.v.xml' to 'rtl\ipml_sdpram_v1_5_afifo_32i_64o_256depth.v' ...
Compile file 'rtl\ipml_fifo_v1_5.v.xml' to 'rtl\ipml_fifo_v1_5_afifo_32i_64o_256depth.v' ...
Compile file 'rtl\ipml_prefetch_fifo_v1_5.v.xml' to 'rtl\ipml_prefetch_fifo_v1_5_afifo_32i_64o_256depth.v' ...
Copy 'ipml_fifo_wrapper_v1_5.v.xml' ...
Compile file 'ipml_fifo_wrapper_v1_5.v.xml' to 'afifo_32i_64o_256depth.v' ...
Found top module 'afifo_32i_64o_256depth' in file 'afifo_32i_64o_256depth.v'.
Copy 'ipml_prefetch_fifo_wrapper_v1_5.v.xml' ...
Compile file 'ipml_prefetch_fifo_wrapper_v1_5.v.xml' to 'afifo_32i_64o_256depth_prefetch.v' ...
Copy 'ipml_fifo_wrapper_v1_3_tb.v.xml' ...
Compile file 'ipml_fifo_wrapper_v1_3_tb.v.xml' to 'afifo_32i_64o_256depth_tb.v' ...
Create template file 'afifo_32i_64o_256depth_tmpl.v' ...
Create template file 'afifo_32i_64o_256depth_tmpl.vhdl' ...
There are 4 source files to synthesize.
Synthesis is disabled.
Done: 0 error(s), 0 warning(s)
