#Build: Fabric Compiler 2020.3, Build 62942, Sep 29 13:34 2020
#Install: D:\pango\PDS_2020.3\bin
#Application name: pds_shell.exe
#OS: Windows 10 10.0.18363
#Hostname: DESKTOP-FPVEJ74
Generated by Fabric Compiler (version 2020.3 build 62942) at Thu May 12 20:04:10 2022
Compiling verification operator library.
Compiling common defs.
Loading technology operator library.
Compiling technology operator library.
Compiling technology operator (valence) library.
Compiling operator packing rules.
Compiling prim grid devices.
Compiling gate devices.
Compiling gate operators.
Compiling tech operator impls.
Building architecture model.
Loading device packaging model 'MBG324'.
I: Parameter configuration file F:/pds_project/ConvKing/testparam.txt cannot open.
Reading design from translate DB.
Flattening design 'top'
W: Adm-4021: The attribute 'PAP_P1735_KEYS' of object 'InsertedDebugger/u_ips_dbc_debug_core/u_Storage_Condition' is overwritten by new value.
W: Adm-4021: The attribute 'PAP_P1735_KEYS' of object 'InsertedDebugger/u_ips_dbc_debug_core/u_Trigger_Condition' is overwritten by new value.
W: Adm-4021: The attribute 'PAP_P1735_KEYS' of object 'InsertedDebugger/u_ips_dbc_debug_core/u_hub_data_decode' is overwritten by new value.
W: Adm-4021: The attribute 'PAP_PRESERVE' of object 'InsertedDebugger/u_ips_dbc_debug_core/u_Storage_Condition/address_nsa[0]' is overwritten by new value.
W: Adm-4021: The attribute 'PAP_PRESERVE' of object 'InsertedDebugger/u_ips_dbc_debug_core/u_Storage_Condition/address_nsa[1]' is overwritten by new value.
W: Adm-4021: The attribute 'PAP_PRESERVE' of object 'InsertedDebugger/u_ips_dbc_debug_core/u_Storage_Condition/address_nsa[2]' is overwritten by new value.
W: Adm-4021: The attribute 'PAP_PRESERVE' of object 'InsertedDebugger/u_ips_dbc_debug_core/u_Storage_Condition/address_nsa[3]' is overwritten by new value.
W: Adm-4021: The attribute 'PAP_PRESERVE' of object 'InsertedDebugger/u_ips_dbc_debug_core/u_Storage_Condition/address_nsa[4]' is overwritten by new value.
W: Adm-4021: The attribute 'PAP_PRESERVE' of object 'InsertedDebugger/u_ips_dbc_debug_core/u_Storage_Condition/address_nsa[5]' is overwritten by new value.
W: Adm-4021: The attribute 'PAP_PRESERVE' of object 'InsertedDebugger/u_ips_dbc_debug_core/u_Storage_Condition/address_nsa[6]' is overwritten by new value.
W: Adm-4021: The attribute 'PAP_PRESERVE' of object 'InsertedDebugger/u_ips_dbc_debug_core/u_Storage_Condition/address_nsa[7]' is overwritten by new value.
W: Adm-4021: The attribute 'PAP_PRESERVE' of object 'InsertedDebugger/u_ips_dbc_debug_core/u_Storage_Condition/address_nsa[8]' is overwritten by new value.
W: Adm-4021: The attribute 'PAP_PRESERVE' of object 'InsertedDebugger/u_ips_dbc_debug_core/u_Storage_Condition/address_win[0]' is overwritten by new value.
W: Adm-4021: The attribute 'PAP_PRESERVE' of object 'InsertedDebugger/u_ips_dbc_debug_core/u_Storage_Condition/address_win[1]' is overwritten by new value.
W: Adm-4021: The attribute 'PAP_PRESERVE' of object 'InsertedDebugger/u_ips_dbc_debug_core/u_Storage_Condition/address_win[2]' is overwritten by new value.
W: Adm-4021: The attribute 'PAP_PRESERVE' of object 'InsertedDebugger/u_ips_dbc_debug_core/u_Storage_Condition/address_win[3]' is overwritten by new value.
W: Adm-4021: The attribute 'PAP_PRESERVE' of object 'InsertedDebugger/u_ips_dbc_debug_core/u_Storage_Condition/address_win[4]' is overwritten by new value.
W: Adm-4021: The attribute 'PAP_PRESERVE' of object 'InsertedDebugger/u_ips_dbc_debug_core/u_Storage_Condition/address_win[5]' is overwritten by new value.
W: Adm-4021: The attribute 'PAP_PRESERVE' of object 'InsertedDebugger/u_ips_dbc_debug_core/u_Storage_Condition/address_win[6]' is overwritten by new value.
W: Adm-4021: The attribute 'PAP_PRESERVE' of object 'InsertedDebugger/u_ips_dbc_debug_core/u_Storage_Condition/address_win[7]' is overwritten by new value.
W: Adm-4021: The attribute 'PAP_PRESERVE' of object 'InsertedDebugger/u_ips_dbc_debug_core/u_Storage_Condition/address_win[8]' is overwritten by new value.
W: Adm-4021: The attribute 'PAP_PRESERVE' of object 'InsertedDebugger/u_ips_dbc_debug_core/u_Storage_Condition/conf_reg[0]' is overwritten by new value.
W: Adm-4021: The attribute 'PAP_PRESERVE' of object 'InsertedDebugger/u_ips_dbc_debug_core/u_Storage_Condition/conf_reg[1]' is overwritten by new value.
W: Adm-4021: The attribute 'PAP_PRESERVE' of object 'InsertedDebugger/u_ips_dbc_debug_core/u_Storage_Condition/conf_reg[2]' is overwritten by new value.
W: Adm-4021: The attribute 'PAP_PRESERVE' of object 'InsertedDebugger/u_ips_dbc_debug_core/u_Storage_Condition/conf_reg[3]' is overwritten by new value.
W: Adm-4021: The attribute 'PAP_PRESERVE' of object 'InsertedDebugger/u_ips_dbc_debug_core/u_Storage_Condition/conf_reg[4]' is overwritten by new value.
W: Adm-4021: The attribute 'PAP_PRESERVE' of object 'InsertedDebugger/u_ips_dbc_debug_core/u_Storage_Condition/conf_reg[5]' is overwritten by new value.
W: Adm-4021: The attribute 'PAP_PRESERVE' of object 'InsertedDebugger/u_ips_dbc_debug_core/u_Storage_Condition/conf_reg[6]' is overwritten by new value.
W: Adm-4021: The attribute 'PAP_PRESERVE' of object 'InsertedDebugger/u_ips_dbc_debug_core/u_Storage_Condition/conf_reg[7]' is overwritten by new value.
W: Adm-4021: The attribute 'PAP_PRESERVE' of object 'InsertedDebugger/u_ips_dbc_debug_core/u_Storage_Condition/conf_reg[8]' is overwritten by new value.
W: Adm-4021: The attribute 'PAP_PRESERVE' of object 'InsertedDebugger/u_ips_dbc_debug_core/u_Storage_Condition/conf_reg[9]' is overwritten by new value.
W: Adm-4021: The attribute 'PAP_PRESERVE' of object 'InsertedDebugger/u_ips_dbc_debug_core/u_Storage_Condition/conf_reg[10]' is overwritten by new value.
W: Adm-4021: The attribute 'PAP_PRESERVE' of object 'InsertedDebugger/u_ips_dbc_debug_core/u_Storage_Condition/conf_reg[11]' is overwritten by new value.
W: Adm-4021: The attribute 'PAP_PRESERVE' of object 'InsertedDebugger/u_ips_dbc_debug_core/u_Storage_Condition/conf_reg[12]' is overwritten by new value.
W: Adm-4021: The attribute 'PAP_PRESERVE' of object 'InsertedDebugger/u_ips_dbc_debug_core/u_Storage_Condition/conf_reg[13]' is overwritten by new value.
W: Adm-4021: The attribute 'PAP_PRESERVE' of object 'InsertedDebugger/u_ips_dbc_debug_core/u_Storage_Condition/counter_win[0]' is overwritten by new value.
W: Adm-4021: The attribute 'PAP_PRESERVE' of object 'InsertedDebugger/u_ips_dbc_debug_core/u_Storage_Condition/counter_win[1]' is overwritten by new value.
W: Adm-4021: The attribute 'PAP_PRESERVE' of object 'InsertedDebugger/u_ips_dbc_debug_core/u_Storage_Condition/counter_win[2]' is overwritten by new value.
W: Adm-4021: The attribute 'PAP_PRESERVE' of object 'InsertedDebugger/u_ips_dbc_debug_core/u_Storage_Condition/counter_win[3]' is overwritten by new value.
W: Adm-4021: The attribute 'PAP_PRESERVE' of object 'InsertedDebugger/u_ips_dbc_debug_core/u_Storage_Condition/counter_win[4]' is overwritten by new value.
W: Adm-4021: The attribute 'PAP_PRESERVE' of object 'InsertedDebugger/u_ips_dbc_debug_core/u_Storage_Condition/counter_win[5]' is overwritten by new value.
W: Adm-4021: The attribute 'PAP_PRESERVE' of object 'InsertedDebugger/u_ips_dbc_debug_core/u_Storage_Condition/counter_win[6]' is overwritten by new value.
W: Adm-4021: The attribute 'PAP_PRESERVE' of object 'InsertedDebugger/u_ips_dbc_debug_core/u_Storage_Condition/counter_win[7]' is overwritten by new value.
W: Adm-4021: The attribute 'PAP_PRESERVE' of object 'InsertedDebugger/u_ips_dbc_debug_core/u_Storage_Condition/counter_win[8]' is overwritten by new value.
W: Adm-4021: The attribute 'PAP_PRESERVE' of object 'InsertedDebugger/u_ips_dbc_debug_core/u_Storage_Condition/counter_win[9]' is overwritten by new value.
W: Adm-4021: The attribute 'PAP_PRESERVE' of object 'InsertedDebugger/u_ips_dbc_debug_core/u_Storage_Condition/counter_win_p[0]' is overwritten by new value.
W: Adm-4021: The attribute 'PAP_PRESERVE' of object 'InsertedDebugger/u_ips_dbc_debug_core/u_Storage_Condition/counter_win_p[1]' is overwritten by new value.
W: Adm-4021: The attribute 'PAP_PRESERVE' of object 'InsertedDebugger/u_ips_dbc_debug_core/u_Storage_Condition/counter_win_p[2]' is overwritten by new value.
W: Adm-4021: The attribute 'PAP_PRESERVE' of object 'InsertedDebugger/u_ips_dbc_debug_core/u_Storage_Condition/counter_win_p[3]' is overwritten by new value.
W: Adm-4021: The attribute 'PAP_PRESERVE' of object 'InsertedDebugger/u_ips_dbc_debug_core/u_Storage_Condition/counter_win_p[4]' is overwritten by new value.
W: Adm-4021: The attribute 'PAP_PRESERVE' of object 'InsertedDebugger/u_ips_dbc_debug_core/u_Storage_Condition/counter_win_p[5]' is overwritten by new value.
W: Adm-4021: The attribute 'PAP_PRESERVE' of object 'InsertedDebugger/u_ips_dbc_debug_core/u_Storage_Condition/counter_win_p[6]' is overwritten by new value.
W: Adm-4021: The attribute 'PAP_PRESERVE' of object 'InsertedDebugger/u_ips_dbc_debug_core/u_Storage_Condition/counter_win_p[7]' is overwritten by new value.
W: Adm-4021: The attribute 'PAP_PRESERVE' of object 'InsertedDebugger/u_ips_dbc_debug_core/u_Storage_Condition/counter_win_p[8]' is overwritten by new value.
W: Adm-4021: The attribute 'PAP_PRESERVE' of object 'InsertedDebugger/u_ips_dbc_debug_core/u_Storage_Condition/counter_win_p[9]' is overwritten by new value.
W: Adm-4021: The attribute 'PAP_PRESERVE' of object 'InsertedDebugger/u_ips_dbc_debug_core/u_Storage_Condition/stor_en_nsa_d1' is overwritten by new value.
W: Adm-4021: The attribute 'PAP_PRESERVE' of object 'InsertedDebugger/u_ips_dbc_debug_core/u_Storage_Condition/trig_condition' is overwritten by new value.
W: Adm-4021: The attribute 'PAP_PRESERVE' of object 'InsertedDebugger/u_ips_dbc_debug_core/u_Storage_Condition/trig_mask_nsa' is overwritten by new value.
W: Adm-4021: The attribute 'PAP_PRESERVE' of object 'InsertedDebugger/u_ips_dbc_debug_core/u_Storage_Condition/trig_mask_win' is overwritten by new value.
W: Adm-4021: The attribute 'PAP_PRESERVE' of object 'InsertedDebugger/u_ips_dbc_debug_core/u_Storage_Condition/trig_mask_win_p' is overwritten by new value.
W: Adm-4021: The attribute 'PAP_PRESERVE' of object 'InsertedDebugger/u_ips_dbc_debug_core/u_Storage_Condition/trigger_d1' is overwritten by new value.
W: Adm-4021: The attribute 'PAP_PRESERVE' of object 'InsertedDebugger/u_ips_dbc_debug_core/u_Storage_Condition/trigger_nsa_d1' is overwritten by new value.
W: Adm-4021: The attribute 'PAP_PRESERVE' of object 'InsertedDebugger/u_ips_dbc_debug_core/u_hub_data_decode/conf_id[0]' is overwritten by new value.
W: Adm-4021: The attribute 'PAP_PRESERVE' of object 'InsertedDebugger/u_ips_dbc_debug_core/u_hub_data_decode/conf_id[1]' is overwritten by new value.
W: Adm-4021: The attribute 'PAP_PRESERVE' of object 'InsertedDebugger/u_ips_dbc_debug_core/u_hub_data_decode/conf_id[2]' is overwritten by new value.
W: Adm-4021: The attribute 'PAP_PRESERVE' of object 'InsertedDebugger/u_ips_dbc_debug_core/u_hub_data_decode/conf_id[3]' is overwritten by new value.
W: Adm-4021: The attribute 'PAP_PRESERVE' of object 'InsertedDebugger/u_ips_dbc_debug_core/u_hub_data_decode/conf_id[4]' is overwritten by new value.
W: Adm-4021: The attribute 'PAP_PRESERVE' of object 'InsertedDebugger/u_ips_dbc_debug_core/u_hub_data_decode/conf_id_d1[0]' is overwritten by new value.
W: Adm-4021: The attribute 'PAP_PRESERVE' of object 'InsertedDebugger/u_ips_dbc_debug_core/u_hub_data_decode/conf_id_d1[1]' is overwritten by new value.
W: Adm-4021: The attribute 'PAP_PRESERVE' of object 'InsertedDebugger/u_ips_dbc_debug_core/u_hub_data_decode/conf_id_d1[2]' is overwritten by new value.
W: Adm-4021: The attribute 'PAP_PRESERVE' of object 'InsertedDebugger/u_ips_dbc_debug_core/u_hub_data_decode/conf_id_d1[3]' is overwritten by new value.
W: Adm-4021: The attribute 'PAP_PRESERVE' of object 'InsertedDebugger/u_ips_dbc_debug_core/u_hub_data_decode/conf_id_d1[4]' is overwritten by new value.
W: Adm-4021: The attribute 'PAP_PRESERVE' of object 'InsertedDebugger/u_ips_dbc_debug_core/u_hub_data_decode/conf_id_ini[0]' is overwritten by new value.
W: Adm-4021: The attribute 'PAP_PRESERVE' of object 'InsertedDebugger/u_ips_dbc_debug_core/u_hub_data_decode/conf_id_ini[1]' is overwritten by new value.
W: Adm-4021: The attribute 'PAP_PRESERVE' of object 'InsertedDebugger/u_ips_dbc_debug_core/u_hub_data_decode/conf_id_ini[2]' is overwritten by new value.
W: Adm-4021: The attribute 'PAP_PRESERVE' of object 'InsertedDebugger/u_ips_dbc_debug_core/u_hub_data_decode/conf_id_ini[3]' is overwritten by new value.
W: Adm-4021: The attribute 'PAP_PRESERVE' of object 'InsertedDebugger/u_ips_dbc_debug_core/u_hub_data_decode/conf_id_ini[4]' is overwritten by new value.
W: Adm-4021: The attribute 'PAP_PRESERVE' of object 'InsertedDebugger/u_ips_dbc_debug_core/u_hub_data_decode/conf_rden[0]' is overwritten by new value.
W: Adm-4021: The attribute 'PAP_PRESERVE' of object 'InsertedDebugger/u_ips_dbc_debug_core/u_hub_data_decode/conf_rden[1]' is overwritten by new value.
W: Adm-4021: The attribute 'PAP_PRESERVE' of object 'InsertedDebugger/u_ips_dbc_debug_core/u_hub_data_decode/conf_rden[2]' is overwritten by new value.
W: Adm-4021: The attribute 'PAP_PRESERVE' of object 'InsertedDebugger/u_ips_dbc_debug_core/u_hub_data_decode/conf_rden[3]' is overwritten by new value.
W: Adm-4021: The attribute 'PAP_PRESERVE' of object 'InsertedDebugger/u_ips_dbc_debug_core/u_hub_data_decode/conf_rden[4]' is overwritten by new value.
W: Adm-4021: The attribute 'PAP_PRESERVE' of object 'InsertedDebugger/u_ips_dbc_debug_core/u_hub_data_decode/conf_rden[5]' is overwritten by new value.
W: Adm-4021: The attribute 'PAP_PRESERVE' of object 'InsertedDebugger/u_ips_dbc_debug_core/u_hub_data_decode/conf_rden[6]' is overwritten by new value.
W: Adm-4021: The attribute 'PAP_PRESERVE' of object 'InsertedDebugger/u_ips_dbc_debug_core/u_hub_data_decode/conf_rden[7]' is overwritten by new value.
W: Adm-4021: The attribute 'PAP_PRESERVE' of object 'InsertedDebugger/u_ips_dbc_debug_core/u_hub_data_decode/conf_rden[8]' is overwritten by new value.
W: Adm-4021: The attribute 'PAP_PRESERVE' of object 'InsertedDebugger/u_ips_dbc_debug_core/u_hub_data_decode/conf_rden[9]' is overwritten by new value.
W: Adm-4021: The attribute 'PAP_PRESERVE' of object 'InsertedDebugger/u_ips_dbc_debug_core/u_hub_data_decode/conf_rden[10]' is overwritten by new value.
W: Adm-4021: The attribute 'PAP_PRESERVE' of object 'InsertedDebugger/u_ips_dbc_debug_core/u_hub_data_decode/conf_rden[11]' is overwritten by new value.
W: Adm-4021: The attribute 'PAP_PRESERVE' of object 'InsertedDebugger/u_ips_dbc_debug_core/u_hub_data_decode/conf_rden[12]' is overwritten by new value.
W: Adm-4021: The attribute 'PAP_PRESERVE' of object 'InsertedDebugger/u_ips_dbc_debug_core/u_hub_data_decode/conf_rden[13]' is overwritten by new value.
W: Adm-4021: The attribute 'PAP_PRESERVE' of object 'InsertedDebugger/u_ips_dbc_debug_core/u_hub_data_decode/conf_rden[14]' is overwritten by new value.
W: Adm-4021: The attribute 'PAP_PRESERVE' of object 'InsertedDebugger/u_ips_dbc_debug_core/u_hub_data_decode/conf_rden[15]' is overwritten by new value.
W: Adm-4021: The attribute 'PAP_PRESERVE' of object 'InsertedDebugger/u_ips_dbc_debug_core/u_hub_data_decode/conf_rden[16]' is overwritten by new value.
W: Adm-4021: The attribute 'PAP_PRESERVE' of object 'InsertedDebugger/u_ips_dbc_debug_core/u_hub_data_decode/conf_rden[17]' is overwritten by new value.
W: Adm-4021: The attribute 'PAP_PRESERVE' of object 'InsertedDebugger/u_ips_dbc_debug_core/u_hub_data_decode/conf_rden[18]' is overwritten by new value.
W: Adm-4021: The attribute 'PAP_PRESERVE' of object 'InsertedDebugger/u_ips_dbc_debug_core/u_hub_data_decode/conf_rden[19]' is overwritten by new value.
W: Adm-4021: The attribute 'PAP_PRESERVE' of object 'InsertedDebugger/u_ips_dbc_debug_core/u_hub_data_decode/conf_reg_rb[0]' is overwritten by new value.
W: Adm-4021: The attribute 'PAP_PRESERVE' of object 'InsertedDebugger/u_ips_dbc_debug_core/u_hub_data_decode/conf_reg_rb[1]' is overwritten by new value.
W: Adm-4021: The attribute 'PAP_PRESERVE' of object 'InsertedDebugger/u_ips_dbc_debug_core/u_hub_data_decode/conf_reg_rb[2]' is overwritten by new value.
W: Adm-4021: The attribute 'PAP_PRESERVE' of object 'InsertedDebugger/u_ips_dbc_debug_core/u_hub_data_decode/conf_reg_rb[3]' is overwritten by new value.
W: Adm-4021: The attribute 'PAP_PRESERVE' of object 'InsertedDebugger/u_ips_dbc_debug_core/u_hub_data_decode/conf_reg_rb[4]' is overwritten by new value.
W: Adm-4021: The attribute 'PAP_PRESERVE' of object 'InsertedDebugger/u_ips_dbc_debug_core/u_hub_data_decode/conf_rst' is overwritten by new value.
W: Adm-4021: The attribute 'PAP_PRESERVE' of object 'InsertedDebugger/u_ips_dbc_debug_core/u_hub_data_decode/conf_sel_ini' is overwritten by new value.
W: Adm-4021: The attribute 'PAP_PRESERVE' of object 'InsertedDebugger/u_ips_dbc_debug_core/u_hub_data_decode/conf_sel_ini_d1' is overwritten by new value.
W: Adm-4021: The attribute 'PAP_PRESERVE' of object 'InsertedDebugger/u_ips_dbc_debug_core/u_hub_data_decode/conf_sel_int[0]' is overwritten by new value.
W: Adm-4021: The attribute 'PAP_PRESERVE' of object 'InsertedDebugger/u_ips_dbc_debug_core/u_hub_data_decode/conf_sel_int[1]' is overwritten by new value.
W: Adm-4021: The attribute 'PAP_PRESERVE' of object 'InsertedDebugger/u_ips_dbc_debug_core/u_hub_data_decode/conf_sel_int[2]' is overwritten by new value.
W: Adm-4021: The attribute 'PAP_PRESERVE' of object 'InsertedDebugger/u_ips_dbc_debug_core/u_hub_data_decode/conf_sel_int[3]' is overwritten by new value.
W: Adm-4021: The attribute 'PAP_PRESERVE' of object 'InsertedDebugger/u_ips_dbc_debug_core/u_hub_data_decode/conf_sel_int[4]' is overwritten by new value.
W: Adm-4021: The attribute 'PAP_PRESERVE' of object 'InsertedDebugger/u_ips_dbc_debug_core/u_hub_data_decode/conf_sel_int[5]' is overwritten by new value.
W: Adm-4021: The attribute 'PAP_PRESERVE' of object 'InsertedDebugger/u_ips_dbc_debug_core/u_hub_data_decode/conf_sel_int[6]' is overwritten by new value.
W: Adm-4021: The attribute 'PAP_PRESERVE' of object 'InsertedDebugger/u_ips_dbc_debug_core/u_hub_data_decode/conf_sel_int[7]' is overwritten by new value.
W: Adm-4021: The attribute 'PAP_PRESERVE' of object 'InsertedDebugger/u_ips_dbc_debug_core/u_hub_data_decode/conf_sel_int[8]' is overwritten by new value.
W: Adm-4021: The attribute 'PAP_PRESERVE' of object 'InsertedDebugger/u_ips_dbc_debug_core/u_hub_data_decode/conf_sel_int[9]' is overwritten by new value.
W: Adm-4021: The attribute 'PAP_PRESERVE' of object 'InsertedDebugger/u_ips_dbc_debug_core/u_hub_data_decode/conf_sel_int[10]' is overwritten by new value.
W: Adm-4021: The attribute 'PAP_PRESERVE' of object 'InsertedDebugger/u_ips_dbc_debug_core/u_hub_data_decode/conf_sel_int[11]' is overwritten by new value.
W: Adm-4021: The attribute 'PAP_PRESERVE' of object 'InsertedDebugger/u_ips_dbc_debug_core/u_hub_data_decode/conf_sel_int[12]' is overwritten by new value.
W: Adm-4021: The attribute 'PAP_PRESERVE' of object 'InsertedDebugger/u_ips_dbc_debug_core/u_hub_data_decode/conf_sel_int[13]' is overwritten by new value.
W: Adm-4021: The attribute 'PAP_PRESERVE' of object 'InsertedDebugger/u_ips_dbc_debug_core/u_hub_data_decode/conf_sel_int[14]' is overwritten by new value.
W: Adm-4021: The attribute 'PAP_PRESERVE' of object 'InsertedDebugger/u_ips_dbc_debug_core/u_hub_data_decode/conf_sel_int[15]' is overwritten by new value.
W: Adm-4021: The attribute 'PAP_PRESERVE' of object 'InsertedDebugger/u_ips_dbc_debug_core/u_hub_data_decode/conf_sel_int[16]' is overwritten by new value.
W: Adm-4021: The attribute 'PAP_PRESERVE' of object 'InsertedDebugger/u_ips_dbc_debug_core/u_hub_data_decode/conf_sel_int[17]' is overwritten by new value.
W: Adm-4021: The attribute 'PAP_PRESERVE' of object 'InsertedDebugger/u_ips_dbc_debug_core/u_hub_data_decode/conf_sel_int[18]' is overwritten by new value.
W: Adm-4021: The attribute 'PAP_PRESERVE' of object 'InsertedDebugger/u_ips_dbc_debug_core/u_hub_data_decode/conf_sel_int[19]' is overwritten by new value.
W: Adm-4021: The attribute 'PAP_PRESERVE' of object 'InsertedDebugger/u_ips_dbc_debug_core/u_hub_data_decode/conf_sel_rb' is overwritten by new value.
W: Adm-4021: The attribute 'PAP_PRESERVE' of object 'InsertedDebugger/u_ips_dbc_debug_core/u_hub_data_decode/conf_tdi_s' is overwritten by new value.
W: Adm-4021: The attribute 'PAP_PRESERVE' of object 'InsertedDebugger/u_ips_dbc_debug_core/u_hub_data_decode/start' is overwritten by new value.
W: Public-4008: Instance 'InsertedDebugger/u_ips_dbc_debug_core/resetn' of 'GTP_DFF' unit is dangling and will be cleaned.
W: Public-4008: Instance 'InsertedDebugger/u_ips_dbc_debug_core/rst_trig[0]' of 'GTP_DFF_P' unit is dangling and will be cleaned.
W: Public-4008: Instance 'InsertedDebugger/u_ips_dbc_debug_core/rst_trig[1]' of 'GTP_DFF_P' unit is dangling and will be cleaned.
W: Public-4008: Instance 'InsertedDebugger/u_ips_dbc_debug_core/rstn_i_d1' of 'GTP_DFF' unit is dangling and will be cleaned.
W: Public-4008: Instance 'InsertedDebugger/u_ips_dbc_debug_core/start_d1' of 'GTP_DFF_C' unit is dangling and will be cleaned.
W: Public-4008: Instance 'InsertedDebugger/u_ips_dbc_debug_core/start_d2' of 'GTP_DFF_C' unit is dangling and will be cleaned.
W: Public-4008: Instance 'InsertedJtag/u_ips_jtag_hub/conf_sel[0]' of 'GTP_DFF_C' unit is dangling and will be cleaned.
W: Public-4008: Instance 'InsertedJtag/u_ips_jtag_hub/id_o[0]' of 'GTP_DFF_C' unit is dangling and will be cleaned.
W: Public-4008: Instance 'InsertedJtag/u_ips_jtag_hub/id_o[1]' of 'GTP_DFF_C' unit is dangling and will be cleaned.
W: Public-4008: Instance 'InsertedJtag/u_ips_jtag_hub/id_o[2]' of 'GTP_DFF_C' unit is dangling and will be cleaned.
W: Public-4008: Instance 'InsertedJtag/u_ips_jtag_hub/id_o[3]' of 'GTP_DFF_C' unit is dangling and will be cleaned.
W: Public-4008: Instance 'InsertedJtag/u_ips_jtag_hub/id_o[4]' of 'GTP_DFF_C' unit is dangling and will be cleaned.
W: Public-4008: Instance 'InsertedDebugger/u_ips_dbc_debug_core/u_Storage_Condition/address_nsa[0]' of 'GTP_DFF_CE' unit is dangling and will be cleaned.
W: Public-4008: Instance 'InsertedDebugger/u_ips_dbc_debug_core/u_Storage_Condition/address_nsa[1]' of 'GTP_DFF_CE' unit is dangling and will be cleaned.
W: Public-4008: Instance 'InsertedDebugger/u_ips_dbc_debug_core/u_Storage_Condition/address_nsa[2]' of 'GTP_DFF_CE' unit is dangling and will be cleaned.
W: Public-4008: Instance 'InsertedDebugger/u_ips_dbc_debug_core/u_Storage_Condition/address_nsa[3]' of 'GTP_DFF_CE' unit is dangling and will be cleaned.
W: Public-4008: Instance 'InsertedDebugger/u_ips_dbc_debug_core/u_Storage_Condition/address_nsa[4]' of 'GTP_DFF_CE' unit is dangling and will be cleaned.
W: Public-4008: Instance 'InsertedDebugger/u_ips_dbc_debug_core/u_Storage_Condition/address_nsa[5]' of 'GTP_DFF_CE' unit is dangling and will be cleaned.
W: Public-4008: Instance 'InsertedDebugger/u_ips_dbc_debug_core/u_Storage_Condition/address_nsa[6]' of 'GTP_DFF_CE' unit is dangling and will be cleaned.
W: Public-4008: Instance 'InsertedDebugger/u_ips_dbc_debug_core/u_Storage_Condition/address_nsa[7]' of 'GTP_DFF_CE' unit is dangling and will be cleaned.
W: Public-4008: Instance 'InsertedDebugger/u_ips_dbc_debug_core/u_Storage_Condition/address_nsa[8]' of 'GTP_DFF_CE' unit is dangling and will be cleaned.
W: Public-4008: Instance 'InsertedDebugger/u_ips_dbc_debug_core/u_Storage_Condition/address_win[0]' of 'GTP_DFF_CE' unit is dangling and will be cleaned.
W: Public-4008: Instance 'InsertedDebugger/u_ips_dbc_debug_core/u_Storage_Condition/address_win[1]' of 'GTP_DFF_CE' unit is dangling and will be cleaned.
W: Public-4008: Instance 'InsertedDebugger/u_ips_dbc_debug_core/u_Storage_Condition/address_win[2]' of 'GTP_DFF_CE' unit is dangling and will be cleaned.
W: Public-4008: Instance 'InsertedDebugger/u_ips_dbc_debug_core/u_Storage_Condition/address_win[3]' of 'GTP_DFF_CE' unit is dangling and will be cleaned.
W: Public-4008: Instance 'InsertedDebugger/u_ips_dbc_debug_core/u_Storage_Condition/address_win[4]' of 'GTP_DFF_CE' unit is dangling and will be cleaned.
W: Public-4008: Instance 'InsertedDebugger/u_ips_dbc_debug_core/u_Storage_Condition/address_win[5]' of 'GTP_DFF_CE' unit is dangling and will be cleaned.
W: Public-4008: Instance 'InsertedDebugger/u_ips_dbc_debug_core/u_Storage_Condition/address_win[6]' of 'GTP_DFF_CE' unit is dangling and will be cleaned.
W: Public-4008: Instance 'InsertedDebugger/u_ips_dbc_debug_core/u_Storage_Condition/address_win[7]' of 'GTP_DFF_CE' unit is dangling and will be cleaned.
W: Public-4008: Instance 'InsertedDebugger/u_ips_dbc_debug_core/u_Storage_Condition/address_win[8]' of 'GTP_DFF_CE' unit is dangling and will be cleaned.
W: Public-4008: Instance 'InsertedDebugger/u_ips_dbc_debug_core/u_Storage_Condition/conf_reg[0]' of 'GTP_DFF_CE' unit is dangling and will be cleaned.
W: Public-4008: Instance 'InsertedDebugger/u_ips_dbc_debug_core/u_Storage_Condition/conf_reg[1]' of 'GTP_DFF_CE' unit is dangling and will be cleaned.
W: Public-4008: Instance 'InsertedDebugger/u_ips_dbc_debug_core/u_Storage_Condition/conf_reg[2]' of 'GTP_DFF_CE' unit is dangling and will be cleaned.
W: Public-4008: Instance 'InsertedDebugger/u_ips_dbc_debug_core/u_Storage_Condition/conf_reg[3]' of 'GTP_DFF_CE' unit is dangling and will be cleaned.
W: Public-4008: Instance 'InsertedDebugger/u_ips_dbc_debug_core/u_Storage_Condition/conf_reg[4]' of 'GTP_DFF_CE' unit is dangling and will be cleaned.
W: Public-4008: Instance 'InsertedDebugger/u_ips_dbc_debug_core/u_Storage_Condition/conf_reg[5]' of 'GTP_DFF_CE' unit is dangling and will be cleaned.
W: Public-4008: Instance 'InsertedDebugger/u_ips_dbc_debug_core/u_Storage_Condition/conf_reg[6]' of 'GTP_DFF_CE' unit is dangling and will be cleaned.
W: Public-4008: Instance 'InsertedDebugger/u_ips_dbc_debug_core/u_Storage_Condition/conf_reg[7]' of 'GTP_DFF_CE' unit is dangling and will be cleaned.
W: Public-4008: Instance 'InsertedDebugger/u_ips_dbc_debug_core/u_Storage_Condition/conf_reg[8]' of 'GTP_DFF_CE' unit is dangling and will be cleaned.
W: Public-4008: Instance 'InsertedDebugger/u_ips_dbc_debug_core/u_Storage_Condition/conf_reg[9]' of 'GTP_DFF_CE' unit is dangling and will be cleaned.
W: Public-4008: Instance 'InsertedDebugger/u_ips_dbc_debug_core/u_Storage_Condition/conf_reg[10]' of 'GTP_DFF_CE' unit is dangling and will be cleaned.
W: Public-4008: Instance 'InsertedDebugger/u_ips_dbc_debug_core/u_Storage_Condition/conf_reg[11]' of 'GTP_DFF_CE' unit is dangling and will be cleaned.
W: Public-4008: Instance 'InsertedDebugger/u_ips_dbc_debug_core/u_Storage_Condition/conf_reg[12]' of 'GTP_DFF_CE' unit is dangling and will be cleaned.
W: Public-4008: Instance 'InsertedDebugger/u_ips_dbc_debug_core/u_Storage_Condition/conf_reg[13]' of 'GTP_DFF_CE' unit is dangling and will be cleaned.
W: Public-4008: Instance 'InsertedDebugger/u_ips_dbc_debug_core/u_Storage_Condition/counter_win[0]' of 'GTP_DFF_C' unit is dangling and will be cleaned.
W: Public-4008: Instance 'InsertedDebugger/u_ips_dbc_debug_core/u_Storage_Condition/counter_win[1]' of 'GTP_DFF_C' unit is dangling and will be cleaned.
W: Public-4008: Instance 'InsertedDebugger/u_ips_dbc_debug_core/u_Storage_Condition/counter_win[2]' of 'GTP_DFF_C' unit is dangling and will be cleaned.
W: Public-4008: Instance 'InsertedDebugger/u_ips_dbc_debug_core/u_Storage_Condition/counter_win[3]' of 'GTP_DFF_C' unit is dangling and will be cleaned.
W: Public-4008: Instance 'InsertedDebugger/u_ips_dbc_debug_core/u_Storage_Condition/counter_win[4]' of 'GTP_DFF_C' unit is dangling and will be cleaned.
W: Public-4008: Instance 'InsertedDebugger/u_ips_dbc_debug_core/u_Storage_Condition/counter_win[5]' of 'GTP_DFF_C' unit is dangling and will be cleaned.
W: Public-4008: Instance 'InsertedDebugger/u_ips_dbc_debug_core/u_Storage_Condition/counter_win[6]' of 'GTP_DFF_C' unit is dangling and will be cleaned.
W: Public-4008: Instance 'InsertedDebugger/u_ips_dbc_debug_core/u_Storage_Condition/counter_win[7]' of 'GTP_DFF_C' unit is dangling and will be cleaned.
W: Public-4008: Instance 'InsertedDebugger/u_ips_dbc_debug_core/u_Storage_Condition/counter_win[8]' of 'GTP_DFF_C' unit is dangling and will be cleaned.
W: Public-4008: Instance 'InsertedDebugger/u_ips_dbc_debug_core/u_Storage_Condition/counter_win[9]' of 'GTP_DFF_C' unit is dangling and will be cleaned.
W: Public-4008: Instance 'InsertedDebugger/u_ips_dbc_debug_core/u_Storage_Condition/counter_win_p[0]' of 'GTP_DFF_PE' unit is dangling and will be cleaned.
W: Public-4008: Instance 'InsertedDebugger/u_ips_dbc_debug_core/u_Storage_Condition/counter_win_p[1]' of 'GTP_DFF_PE' unit is dangling and will be cleaned.
W: Public-4008: Instance 'InsertedDebugger/u_ips_dbc_debug_core/u_Storage_Condition/counter_win_p[2]' of 'GTP_DFF_PE' unit is dangling and will be cleaned.
W: Public-4008: Instance 'InsertedDebugger/u_ips_dbc_debug_core/u_Storage_Condition/counter_win_p[3]' of 'GTP_DFF_PE' unit is dangling and will be cleaned.
W: Public-4008: Instance 'InsertedDebugger/u_ips_dbc_debug_core/u_Storage_Condition/counter_win_p[4]' of 'GTP_DFF_PE' unit is dangling and will be cleaned.
W: Public-4008: Instance 'InsertedDebugger/u_ips_dbc_debug_core/u_Storage_Condition/counter_win_p[5]' of 'GTP_DFF_PE' unit is dangling and will be cleaned.
W: Public-4008: Instance 'InsertedDebugger/u_ips_dbc_debug_core/u_Storage_Condition/counter_win_p[6]' of 'GTP_DFF_PE' unit is dangling and will be cleaned.
W: Public-4008: Instance 'InsertedDebugger/u_ips_dbc_debug_core/u_Storage_Condition/counter_win_p[7]' of 'GTP_DFF_PE' unit is dangling and will be cleaned.
W: Public-4008: Instance 'InsertedDebugger/u_ips_dbc_debug_core/u_Storage_Condition/counter_win_p[8]' of 'GTP_DFF_PE' unit is dangling and will be cleaned.
W: Public-4008: Instance 'InsertedDebugger/u_ips_dbc_debug_core/u_Storage_Condition/counter_win_p[9]' of 'GTP_DFF_PE' unit is dangling and will be cleaned.
W: Public-4008: Instance 'InsertedDebugger/u_ips_dbc_debug_core/u_Storage_Condition/stor_en_nsa_d1' of 'GTP_DFF_C' unit is dangling and will be cleaned.
W: Public-4008: Instance 'InsertedDebugger/u_ips_dbc_debug_core/u_Storage_Condition/trig_condition' of 'GTP_DFF_C' unit is dangling and will be cleaned.
W: Public-4008: Instance 'InsertedDebugger/u_ips_dbc_debug_core/u_Storage_Condition/trig_mask_nsa' of 'GTP_DFF_CE' unit is dangling and will be cleaned.
W: Public-4008: Instance 'InsertedDebugger/u_ips_dbc_debug_core/u_Storage_Condition/trig_mask_win' of 'GTP_DFF_C' unit is dangling and will be cleaned.
W: Public-4008: Instance 'InsertedDebugger/u_ips_dbc_debug_core/u_Storage_Condition/trig_mask_win_p' of 'GTP_DFF_C' unit is dangling and will be cleaned.
W: Public-4008: Instance 'InsertedDebugger/u_ips_dbc_debug_core/u_Storage_Condition/trigger_d1' of 'GTP_DFF_C' unit is dangling and will be cleaned.
W: Public-4008: Instance 'InsertedDebugger/u_ips_dbc_debug_core/u_Storage_Condition/trigger_nsa_d1' of 'GTP_DFF_C' unit is dangling and will be cleaned.
W: Public-4008: Instance 'InsertedDebugger/u_ips_dbc_debug_core/u_Trigger_Condition/bool_match[0]' of 'GTP_DFF_C' unit is dangling and will be cleaned.
W: Public-4008: Instance 'InsertedDebugger/u_ips_dbc_debug_core/u_hub_data_decode/conf_id[0]' of 'GTP_DFF_CE' unit is dangling and will be cleaned.
W: Public-4008: Instance 'InsertedDebugger/u_ips_dbc_debug_core/u_hub_data_decode/conf_id[1]' of 'GTP_DFF_CE' unit is dangling and will be cleaned.
W: Public-4008: Instance 'InsertedDebugger/u_ips_dbc_debug_core/u_hub_data_decode/conf_id[2]' of 'GTP_DFF_CE' unit is dangling and will be cleaned.
W: Public-4008: Instance 'InsertedDebugger/u_ips_dbc_debug_core/u_hub_data_decode/conf_id[3]' of 'GTP_DFF_CE' unit is dangling and will be cleaned.
W: Public-4008: Instance 'InsertedDebugger/u_ips_dbc_debug_core/u_hub_data_decode/conf_id[4]' of 'GTP_DFF_CE' unit is dangling and will be cleaned.
W: Public-4008: Instance 'InsertedDebugger/u_ips_dbc_debug_core/u_hub_data_decode/conf_id_d1[0]' of 'GTP_DFF_C' unit is dangling and will be cleaned.
W: Public-4008: Instance 'InsertedDebugger/u_ips_dbc_debug_core/u_hub_data_decode/conf_id_d1[1]' of 'GTP_DFF_C' unit is dangling and will be cleaned.
W: Public-4008: Instance 'InsertedDebugger/u_ips_dbc_debug_core/u_hub_data_decode/conf_id_d1[2]' of 'GTP_DFF_C' unit is dangling and will be cleaned.
W: Public-4008: Instance 'InsertedDebugger/u_ips_dbc_debug_core/u_hub_data_decode/conf_id_d1[3]' of 'GTP_DFF_C' unit is dangling and will be cleaned.
W: Public-4008: Instance 'InsertedDebugger/u_ips_dbc_debug_core/u_hub_data_decode/conf_id_d1[4]' of 'GTP_DFF_C' unit is dangling and will be cleaned.
W: Public-4008: Instance 'InsertedDebugger/u_ips_dbc_debug_core/u_hub_data_decode/conf_id_ini[0]' of 'GTP_DFF_C' unit is dangling and will be cleaned.
W: Public-4008: Instance 'InsertedDebugger/u_ips_dbc_debug_core/u_hub_data_decode/conf_id_ini[1]' of 'GTP_DFF_C' unit is dangling and will be cleaned.
W: Public-4008: Instance 'InsertedDebugger/u_ips_dbc_debug_core/u_hub_data_decode/conf_id_ini[2]' of 'GTP_DFF_C' unit is dangling and will be cleaned.
W: Public-4008: Instance 'InsertedDebugger/u_ips_dbc_debug_core/u_hub_data_decode/conf_id_ini[3]' of 'GTP_DFF_C' unit is dangling and will be cleaned.
W: Public-4008: Instance 'InsertedDebugger/u_ips_dbc_debug_core/u_hub_data_decode/conf_id_ini[4]' of 'GTP_DFF_C' unit is dangling and will be cleaned.
W: Public-4008: Instance 'InsertedDebugger/u_ips_dbc_debug_core/u_hub_data_decode/conf_rden[0]' of 'GTP_DFF_C' unit is dangling and will be cleaned.
W: Public-4008: Instance 'InsertedDebugger/u_ips_dbc_debug_core/u_hub_data_decode/conf_rden[1]' of 'GTP_DFF_C' unit is dangling and will be cleaned.
W: Public-4008: Instance 'InsertedDebugger/u_ips_dbc_debug_core/u_hub_data_decode/conf_rden[2]' of 'GTP_DFF_C' unit is dangling and will be cleaned.
W: Public-4008: Instance 'InsertedDebugger/u_ips_dbc_debug_core/u_hub_data_decode/conf_rden[3]' of 'GTP_DFF_C' unit is dangling and will be cleaned.
W: Public-4008: Instance 'InsertedDebugger/u_ips_dbc_debug_core/u_hub_data_decode/conf_rden[4]' of 'GTP_DFF_C' unit is dangling and will be cleaned.
W: Public-4008: Instance 'InsertedDebugger/u_ips_dbc_debug_core/u_hub_data_decode/conf_rden[5]' of 'GTP_DFF_C' unit is dangling and will be cleaned.
W: Public-4008: Instance 'InsertedDebugger/u_ips_dbc_debug_core/u_hub_data_decode/conf_rden[6]' of 'GTP_DFF_C' unit is dangling and will be cleaned.
W: Public-4008: Instance 'InsertedDebugger/u_ips_dbc_debug_core/u_hub_data_decode/conf_rden[7]' of 'GTP_DFF_C' unit is dangling and will be cleaned.
W: Public-4008: Instance 'InsertedDebugger/u_ips_dbc_debug_core/u_hub_data_decode/conf_rden[8]' of 'GTP_DFF_C' unit is dangling and will be cleaned.
W: Public-4008: Instance 'InsertedDebugger/u_ips_dbc_debug_core/u_hub_data_decode/conf_rden[9]' of 'GTP_DFF_C' unit is dangling and will be cleaned.
W: Public-4008: Instance 'InsertedDebugger/u_ips_dbc_debug_core/u_hub_data_decode/conf_rden[10]' of 'GTP_DFF_C' unit is dangling and will be cleaned.
W: Public-4008: Instance 'InsertedDebugger/u_ips_dbc_debug_core/u_hub_data_decode/conf_rden[11]' of 'GTP_DFF_C' unit is dangling and will be cleaned.
W: Public-4008: Instance 'InsertedDebugger/u_ips_dbc_debug_core/u_hub_data_decode/conf_rden[12]' of 'GTP_DFF_C' unit is dangling and will be cleaned.
W: Public-4008: Instance 'InsertedDebugger/u_ips_dbc_debug_core/u_hub_data_decode/conf_rden[13]' of 'GTP_DFF_C' unit is dangling and will be cleaned.
W: Public-4008: Instance 'InsertedDebugger/u_ips_dbc_debug_core/u_hub_data_decode/conf_rden[14]' of 'GTP_DFF_C' unit is dangling and will be cleaned.
W: Public-4008: Instance 'InsertedDebugger/u_ips_dbc_debug_core/u_hub_data_decode/conf_rden[15]' of 'GTP_DFF_C' unit is dangling and will be cleaned.
W: Public-4008: Instance 'InsertedDebugger/u_ips_dbc_debug_core/u_hub_data_decode/conf_rden[16]' of 'GTP_DFF_C' unit is dangling and will be cleaned.
W: Public-4008: Instance 'InsertedDebugger/u_ips_dbc_debug_core/u_hub_data_decode/conf_rden[17]' of 'GTP_DFF_C' unit is dangling and will be cleaned.
W: Public-4008: Instance 'InsertedDebugger/u_ips_dbc_debug_core/u_hub_data_decode/conf_rden[18]' of 'GTP_DFF_C' unit is dangling and will be cleaned.
W: Public-4008: Instance 'InsertedDebugger/u_ips_dbc_debug_core/u_hub_data_decode/conf_rden[19]' of 'GTP_DFF_C' unit is dangling and will be cleaned.
W: Public-4008: Instance 'InsertedDebugger/u_ips_dbc_debug_core/u_hub_data_decode/conf_reg_rb[0]' of 'GTP_DFF_CE' unit is dangling and will be cleaned.
W: Public-4008: Instance 'InsertedDebugger/u_ips_dbc_debug_core/u_hub_data_decode/conf_reg_rb[1]' of 'GTP_DFF_CE' unit is dangling and will be cleaned.
W: Public-4008: Instance 'InsertedDebugger/u_ips_dbc_debug_core/u_hub_data_decode/conf_reg_rb[2]' of 'GTP_DFF_CE' unit is dangling and will be cleaned.
W: Public-4008: Instance 'InsertedDebugger/u_ips_dbc_debug_core/u_hub_data_decode/conf_reg_rb[3]' of 'GTP_DFF_CE' unit is dangling and will be cleaned.
W: Public-4008: Instance 'InsertedDebugger/u_ips_dbc_debug_core/u_hub_data_decode/conf_reg_rb[4]' of 'GTP_DFF_CE' unit is dangling and will be cleaned.
W: Public-4008: Instance 'InsertedDebugger/u_ips_dbc_debug_core/u_hub_data_decode/conf_rst' of 'GTP_DFF_C' unit is dangling and will be cleaned.
W: Public-4008: Instance 'InsertedDebugger/u_ips_dbc_debug_core/u_hub_data_decode/conf_sel_ini' of 'GTP_DFF_C' unit is dangling and will be cleaned.
W: Public-4008: Instance 'InsertedDebugger/u_ips_dbc_debug_core/u_hub_data_decode/conf_sel_ini_d1' of 'GTP_DFF_C' unit is dangling and will be cleaned.
W: Public-4008: Instance 'InsertedDebugger/u_ips_dbc_debug_core/u_hub_data_decode/conf_sel_int[0]' of 'GTP_DFF_C' unit is dangling and will be cleaned.
W: Public-4008: Instance 'InsertedDebugger/u_ips_dbc_debug_core/u_hub_data_decode/conf_sel_int[1]' of 'GTP_DFF_C' unit is dangling and will be cleaned.
W: Public-4008: Instance 'InsertedDebugger/u_ips_dbc_debug_core/u_hub_data_decode/conf_sel_int[2]' of 'GTP_DFF_C' unit is dangling and will be cleaned.
W: Public-4008: Instance 'InsertedDebugger/u_ips_dbc_debug_core/u_hub_data_decode/conf_sel_int[3]' of 'GTP_DFF_C' unit is dangling and will be cleaned.
W: Public-4008: Instance 'InsertedDebugger/u_ips_dbc_debug_core/u_hub_data_decode/conf_sel_int[4]' of 'GTP_DFF_C' unit is dangling and will be cleaned.
W: Public-4008: Instance 'InsertedDebugger/u_ips_dbc_debug_core/u_hub_data_decode/conf_sel_int[5]' of 'GTP_DFF_C' unit is dangling and will be cleaned.
W: Public-4008: Instance 'InsertedDebugger/u_ips_dbc_debug_core/u_hub_data_decode/conf_sel_int[6]' of 'GTP_DFF_C' unit is dangling and will be cleaned.
W: Public-4008: Instance 'InsertedDebugger/u_ips_dbc_debug_core/u_hub_data_decode/conf_sel_int[7]' of 'GTP_DFF_C' unit is dangling and will be cleaned.
W: Public-4008: Instance 'InsertedDebugger/u_ips_dbc_debug_core/u_hub_data_decode/conf_sel_int[8]' of 'GTP_DFF_C' unit is dangling and will be cleaned.
W: Public-4008: Instance 'InsertedDebugger/u_ips_dbc_debug_core/u_hub_data_decode/conf_sel_int[9]' of 'GTP_DFF_C' unit is dangling and will be cleaned.
W: Public-4008: Instance 'InsertedDebugger/u_ips_dbc_debug_core/u_hub_data_decode/conf_sel_int[10]' of 'GTP_DFF_C' unit is dangling and will be cleaned.
W: Public-4008: Instance 'InsertedDebugger/u_ips_dbc_debug_core/u_hub_data_decode/conf_sel_int[11]' of 'GTP_DFF_C' unit is dangling and will be cleaned.
W: Public-4008: Instance 'InsertedDebugger/u_ips_dbc_debug_core/u_hub_data_decode/conf_sel_int[12]' of 'GTP_DFF_C' unit is dangling and will be cleaned.
W: Public-4008: Instance 'InsertedDebugger/u_ips_dbc_debug_core/u_hub_data_decode/conf_sel_int[13]' of 'GTP_DFF_C' unit is dangling and will be cleaned.
W: Public-4008: Instance 'InsertedDebugger/u_ips_dbc_debug_core/u_hub_data_decode/conf_sel_int[14]' of 'GTP_DFF_C' unit is dangling and will be cleaned.
W: Public-4008: Instance 'InsertedDebugger/u_ips_dbc_debug_core/u_hub_data_decode/conf_sel_int[15]' of 'GTP_DFF_C' unit is dangling and will be cleaned.
W: Public-4008: Instance 'InsertedDebugger/u_ips_dbc_debug_core/u_hub_data_decode/conf_sel_int[16]' of 'GTP_DFF_C' unit is dangling and will be cleaned.
W: Public-4008: Instance 'InsertedDebugger/u_ips_dbc_debug_core/u_hub_data_decode/conf_sel_int[17]' of 'GTP_DFF_C' unit is dangling and will be cleaned.
W: Public-4008: Instance 'InsertedDebugger/u_ips_dbc_debug_core/u_hub_data_decode/conf_sel_int[18]' of 'GTP_DFF_C' unit is dangling and will be cleaned.
W: Public-4008: Instance 'InsertedDebugger/u_ips_dbc_debug_core/u_hub_data_decode/conf_sel_int[19]' of 'GTP_DFF_C' unit is dangling and will be cleaned.
W: Public-4008: Instance 'InsertedDebugger/u_ips_dbc_debug_core/u_hub_data_decode/conf_sel_rb' of 'GTP_DFF_C' unit is dangling and will be cleaned.
W: Public-4008: Instance 'InsertedDebugger/u_ips_dbc_debug_core/u_hub_data_decode/conf_tdi_s' of 'GTP_DFF_C' unit is dangling and will be cleaned.
W: Public-4008: Instance 'InsertedDebugger/u_ips_dbc_debug_core/u_hub_data_decode/start' of 'GTP_DFF_C' unit is dangling and will be cleaned.
Device mapping started.
Optimizing circuit logic.
W: Public-4008: Instance 'frame_read_write_m0/write_buf/U_ipml_fifo_afifo_16i_64o_512/U_ipml_fifo_ctrl/rd_water_level[0]' of 'GTP_DFF_C' unit is dangling and will be cleaned.
W: Public-4008: Instance 'frame_read_write_m0/write_buf/U_ipml_fifo_afifo_16i_64o_512/U_ipml_fifo_ctrl/rd_water_level[1]' of 'GTP_DFF_C' unit is dangling and will be cleaned.
W: Public-4008: Instance 'frame_read_write_m0/write_buf/U_ipml_fifo_afifo_16i_64o_512/U_ipml_fifo_ctrl/rd_water_level[2]' of 'GTP_DFF_C' unit is dangling and will be cleaned.
W: Public-4008: Instance 'frame_read_write_m0/write_buf/U_ipml_fifo_afifo_16i_64o_512/U_ipml_fifo_ctrl/rd_water_level[3]' of 'GTP_DFF_C' unit is dangling and will be cleaned.
W: Public-4008: Instance 'frame_read_write_m0/write_buf/U_ipml_fifo_afifo_16i_64o_512/U_ipml_fifo_ctrl/rd_water_level[4]' of 'GTP_DFF_C' unit is dangling and will be cleaned.
W: Public-4008: Instance 'frame_read_write_m0/write_buf/U_ipml_fifo_afifo_16i_64o_512/U_ipml_fifo_ctrl/rd_water_level[5]' of 'GTP_DFF_C' unit is dangling and will be cleaned.
W: Public-4008: Instance 'frame_read_write_m0/read_buf/U_ipml_fifo_afifo_64i_16o_128/U_ipml_fifo_ctrl/wr_water_level[0]' of 'GTP_DFF_C' unit is dangling and will be cleaned.
Checking design netlist.
Processing tech operator.
I: The instance clkbufg_0(GTP_CLKBUFG) has been inserted on the net debug_drck in design, driver pin TCK_USER(instance InsertedJtag/u_GTP_SCANCHAIN) -> load pin CLK(instance InsertedJtag/u_ips_jtag_hub/data_ctrl).
I: The instance clkbufg_1(GTP_CLKBUFG) has been inserted on the net u_ipsl_hmic_h_top/pll_pclk in design, driver pin CLKOUT1(instance u_ipsl_hmic_h_top/u_pll_50_400/u_pll_e1) -> load pin CLK(instance u_ipsl_hmic_h_top/u_ipsl_hmic_h_ddrc_top/u_ddrc_reset_ctrl/ddr_init_done).
I: The instance clkbufg_2(GTP_CLKBUFG) has been inserted on the net axi_clk in design, driver pin CLKOUT3(instance u_ipsl_hmic_h_top/u_pll_50_400/u_pll_e1) -> load pin CLK(instance frame_read_write_m0/frame_fifo_read_m0/fifo_aclr).
Converting tech operator to gate operator.
Processing gate operator.
W: Adm-4021: The attribute '.pap_unconnected_inputs' of object 'sd_card_weight_inst/sd_card_top_m0/sd_card_cmd_m0/N112_4[6]_muxf6' is overwritten by new value.
W: Adm-4021: The attribute '.pap_unconnected_inputs' of object 'sd_card_weight_inst/sd_card_top_m0/sd_card_cmd_m0/N112_4[6]_muxf6' is overwritten by new value.
W: Adm-4021: The attribute '.pap_unconnected_inputs' of object 'sd_card_weight_inst/sd_card_top_m0/sd_card_cmd_m0/N417_4[0]_muxf6' is overwritten by new value.
W: Adm-4021: The attribute '.pap_unconnected_inputs' of object 'sd_card_weight_inst/sd_card_top_m0/sd_card_cmd_m0/N417_4[0]_muxf6' is overwritten by new value.
W: Adm-4021: The attribute '.pap_unconnected_inputs' of object 'sd_card_weight_inst/sd_card_top_m0/sd_card_cmd_m0/N417_4[1]_muxf6' is overwritten by new value.
W: Adm-4021: The attribute '.pap_unconnected_inputs' of object 'sd_card_weight_inst/sd_card_top_m0/sd_card_cmd_m0/N417_4[1]_muxf6' is overwritten by new value.
W: Adm-4021: The attribute '.pap_unconnected_inputs' of object 'sd_card_weight_inst/sd_card_top_m0/sd_card_cmd_m0/N417_4[2]_muxf6' is overwritten by new value.
W: Adm-4021: The attribute '.pap_unconnected_inputs' of object 'sd_card_weight_inst/sd_card_top_m0/sd_card_cmd_m0/N417_4[2]_muxf6' is overwritten by new value.
W: Adm-4021: The attribute '.pap_unconnected_inputs' of object 'sd_card_weight_inst/sd_card_top_m0/sd_card_cmd_m0/N417_4[3]_muxf6' is overwritten by new value.
W: Adm-4021: The attribute '.pap_unconnected_inputs' of object 'sd_card_weight_inst/sd_card_top_m0/sd_card_cmd_m0/N417_4[3]_muxf6' is overwritten by new value.
W: Adm-4021: The attribute '.pap_unconnected_inputs' of object 'sd_card_weight_inst/sd_card_top_m0/sd_card_cmd_m0/N417_4[5]_muxf6' is overwritten by new value.
W: Adm-4021: The attribute '.pap_unconnected_inputs' of object 'sd_card_weight_inst/sd_card_top_m0/sd_card_cmd_m0/N417_4[5]_muxf6' is overwritten by new value.
W: Adm-4021: The attribute '.pap_unconnected_inputs' of object 'sd_card_weight_inst/sd_card_top_m0/sd_card_cmd_m0/N417_4[11]_muxf6' is overwritten by new value.
W: Adm-4021: The attribute '.pap_unconnected_inputs' of object 'sd_card_weight_inst/sd_card_top_m0/sd_card_cmd_m0/N417_4[11]_muxf6' is overwritten by new value.
W: Adm-4021: The attribute '.pap_unconnected_inputs' of object 'sd_card_weight_inst/sd_card_top_m0/sd_card_cmd_m0/N417_4[12]_muxf6' is overwritten by new value.
W: Adm-4021: The attribute '.pap_unconnected_inputs' of object 'sd_card_weight_inst/sd_card_top_m0/sd_card_cmd_m0/N417_4[12]_muxf6' is overwritten by new value.
W: Adm-4021: The attribute '.pap_unconnected_inputs' of object 'sd_card_weight_inst/sd_card_top_m0/sd_card_cmd_m0/N417_6[4]_muxf6' is overwritten by new value.
W: Adm-4021: The attribute '.pap_unconnected_inputs' of object 'sd_card_weight_inst/sd_card_top_m0/sd_card_cmd_m0/N417_6[4]_muxf6' is overwritten by new value.
W: Adm-4021: The attribute '.pap_unconnected_inputs' of object 'sd_card_weight_inst/sd_card_top_m0/sd_card_cmd_m0/N417_6[6]_muxf6' is overwritten by new value.
W: Adm-4021: The attribute '.pap_unconnected_inputs' of object 'sd_card_weight_inst/sd_card_top_m0/sd_card_cmd_m0/N417_6[6]_muxf6' is overwritten by new value.
W: Adm-4021: The attribute '.pap_unconnected_inputs' of object 'sd_card_weight_inst/sd_card_top_m0/sd_card_cmd_m0/N417_6[7]_muxf6' is overwritten by new value.
W: Adm-4021: The attribute '.pap_unconnected_inputs' of object 'sd_card_weight_inst/sd_card_top_m0/sd_card_cmd_m0/N417_6[7]_muxf6' is overwritten by new value.
W: Adm-4021: The attribute '.pap_unconnected_inputs' of object 'sd_card_weight_inst/sd_card_top_m0/sd_card_cmd_m0/N417_6[8]_muxf6' is overwritten by new value.
W: Adm-4021: The attribute '.pap_unconnected_inputs' of object 'sd_card_weight_inst/sd_card_top_m0/sd_card_cmd_m0/N417_6[8]_muxf6' is overwritten by new value.
W: Adm-4021: The attribute '.pap_unconnected_inputs' of object 'sd_card_weight_inst/sd_card_top_m0/sd_card_cmd_m0/N417_6[9]_muxf6' is overwritten by new value.
W: Adm-4021: The attribute '.pap_unconnected_inputs' of object 'sd_card_weight_inst/sd_card_top_m0/sd_card_cmd_m0/N417_6[9]_muxf6' is overwritten by new value.
W: Adm-4021: The attribute '.pap_unconnected_inputs' of object 'sd_card_weight_inst/sd_card_top_m0/sd_card_cmd_m0/N417_6[10]_muxf6' is overwritten by new value.
W: Adm-4021: The attribute '.pap_unconnected_inputs' of object 'sd_card_weight_inst/sd_card_top_m0/sd_card_cmd_m0/N417_6[10]_muxf6' is overwritten by new value.
W: Adm-4021: The attribute '.pap_unconnected_inputs' of object 'sd_card_weight_inst/sd_card_top_m0/sd_card_cmd_m0/N417_6[13]_muxf6' is overwritten by new value.
W: Adm-4021: The attribute '.pap_unconnected_inputs' of object 'sd_card_weight_inst/sd_card_top_m0/sd_card_cmd_m0/N417_6[13]_muxf6' is overwritten by new value.
W: Adm-4021: The attribute '.pap_unconnected_inputs' of object 'sd_card_weight_inst/sd_card_top_m0/sd_card_cmd_m0/N417_6[14]_muxf6' is overwritten by new value.
W: Adm-4021: The attribute '.pap_unconnected_inputs' of object 'sd_card_weight_inst/sd_card_top_m0/sd_card_cmd_m0/N417_6[14]_muxf6' is overwritten by new value.
W: Adm-4021: The attribute '.pap_unconnected_inputs' of object 'sd_card_weight_inst/sd_card_top_m0/sd_card_cmd_m0/N417_6[15]_muxf6' is overwritten by new value.
W: Adm-4021: The attribute '.pap_unconnected_inputs' of object 'sd_card_weight_inst/sd_card_top_m0/sd_card_cmd_m0/N417_6[15]_muxf6' is overwritten by new value.
W: Adm-4021: The attribute '.pap_unconnected_inputs' of object 'u_ipsl_hmic_h_top/u_ipsl_hmic_h_phy_top/u_phy_io/genblk2.iob_08_09_dut/opit_2_O' is overwritten by new value.
W: Adm-4021: The attribute '.pap_unconnected_inputs' of object 'u_ipsl_hmic_h_top/u_ipsl_hmic_h_phy_top/u_phy_io/genblk3.iob_30_31_dut/opit_2_O' is overwritten by new value.
W: Adm-4021: The attribute '.pap_unconnected_inputs' of object 'u_ipsl_hmic_h_top/u_ipsl_hmic_h_phy_top/u_phy_io/iob_03_dut/opit_1_DELI_O' is overwritten by new value.
W: Adm-4021: The attribute '.pap_unconnected_inputs' of object 'u_ipsl_hmic_h_top/u_ipsl_hmic_h_phy_top/u_phy_io/iob_04_dut/opit_1_DELI_O' is overwritten by new value.
W: Adm-4021: The attribute '.pap_unconnected_inputs' of object 'u_ipsl_hmic_h_top/u_ipsl_hmic_h_phy_top/u_phy_io/iob_05_dut/opit_1_DELI_O' is overwritten by new value.
W: Adm-4021: The attribute '.pap_unconnected_inputs' of object 'u_ipsl_hmic_h_top/u_ipsl_hmic_h_phy_top/u_phy_io/iob_06_dut/opit_1_DELI_O' is overwritten by new value.
W: Adm-4021: The attribute '.pap_unconnected_inputs' of object 'u_ipsl_hmic_h_top/u_ipsl_hmic_h_phy_top/u_phy_io/iob_07_dut/opit_1_DELI_O' is overwritten by new value.
W: Adm-4021: The attribute '.pap_unconnected_inputs' of object 'u_ipsl_hmic_h_top/u_ipsl_hmic_h_phy_top/u_phy_io/iob_10_dut/opit_1_DELI_O' is overwritten by new value.
W: Adm-4021: The attribute '.pap_unconnected_inputs' of object 'u_ipsl_hmic_h_top/u_ipsl_hmic_h_phy_top/u_phy_io/iob_11_dut/opit_1_DELI_O' is overwritten by new value.
W: Adm-4021: The attribute '.pap_unconnected_inputs' of object 'u_ipsl_hmic_h_top/u_ipsl_hmic_h_phy_top/u_phy_io/iob_12_dut/opit_1_DELI_O' is overwritten by new value.
W: Adm-4021: The attribute '.pap_unconnected_inputs' of object 'u_ipsl_hmic_h_top/u_ipsl_hmic_h_phy_top/u_phy_io/iob_27_dut/opit_1_DELI_O' is overwritten by new value.
W: Adm-4021: The attribute '.pap_unconnected_inputs' of object 'u_ipsl_hmic_h_top/u_ipsl_hmic_h_phy_top/u_phy_io/iob_28_dut/opit_1_DELI_O' is overwritten by new value.
W: Adm-4021: The attribute '.pap_unconnected_inputs' of object 'u_ipsl_hmic_h_top/u_ipsl_hmic_h_phy_top/u_phy_io/iob_29_dut/opit_1_DELI_O' is overwritten by new value.
W: Adm-4021: The attribute '.pap_unconnected_inputs' of object 'u_ipsl_hmic_h_top/u_ipsl_hmic_h_phy_top/u_phy_io/iob_32_dut/opit_1_DELI_O' is overwritten by new value.
W: Adm-4021: The attribute '.pap_unconnected_inputs' of object 'u_ipsl_hmic_h_top/u_ipsl_hmic_h_phy_top/u_phy_io/iob_33_dut/opit_1_DELI_O' is overwritten by new value.
W: Adm-4021: The attribute '.pap_unconnected_inputs' of object 'u_ipsl_hmic_h_top/u_ipsl_hmic_h_phy_top/u_phy_io/iob_34_dut/opit_1_DELI_O' is overwritten by new value.
W: Adm-4021: The attribute '.pap_unconnected_inputs' of object 'u_ipsl_hmic_h_top/u_ipsl_hmic_h_phy_top/u_phy_io/iob_35_dut/opit_1_DELI_O' is overwritten by new value.
W: Adm-4021: The attribute '.pap_unconnected_inputs' of object 'u_ipsl_hmic_h_top/u_ipsl_hmic_h_phy_top/u_phy_io/iob_36_dut/opit_1_DELI_O' is overwritten by new value.
W: Adm-4021: The attribute '.pap_unconnected_inputs' of object 'u_ipsl_hmic_h_top/u_ipsl_hmic_h_phy_top/u_phy_io/iob_59_dut/opit_1_IOL' is overwritten by new value.
W: Adm-4021: The attribute '.pap_unconnected_inputs' of object 'u_ipsl_hmic_h_top/u_ipsl_hmic_h_phy_top/u_phy_io/iob_02_dut/opit_1_IOL' is overwritten by new value.
W: Adm-4021: The attribute '.pap_unconnected_inputs' of object 'u_ipsl_hmic_h_top/u_ipsl_hmic_h_phy_top/u_phy_io/iob_16_17_dut/opit_3_IOL' is overwritten by new value.
W: Adm-4021: The attribute '.pap_unconnected_inputs' of object 'u_ipsl_hmic_h_top/u_ipsl_hmic_h_phy_top/u_phy_io/iob_18_dut/opit_1_IOL' is overwritten by new value.
W: Adm-4021: The attribute '.pap_unconnected_inputs' of object 'u_ipsl_hmic_h_top/u_ipsl_hmic_h_phy_top/u_phy_io/iob_19_dut/opit_1_IOL' is overwritten by new value.
W: Adm-4021: The attribute '.pap_unconnected_inputs' of object 'u_ipsl_hmic_h_top/u_ipsl_hmic_h_phy_top/u_phy_io/iob_20_dut/opit_1_IOL' is overwritten by new value.
W: Adm-4021: The attribute '.pap_unconnected_inputs' of object 'u_ipsl_hmic_h_top/u_ipsl_hmic_h_phy_top/u_phy_io/iob_21_dut/opit_1_IOL' is overwritten by new value.
W: Adm-4021: The attribute '.pap_unconnected_inputs' of object 'u_ipsl_hmic_h_top/u_ipsl_hmic_h_phy_top/u_phy_io/iob_22_dut/opit_1_IOL' is overwritten by new value.
W: Adm-4021: The attribute '.pap_unconnected_inputs' of object 'u_ipsl_hmic_h_top/u_ipsl_hmic_h_phy_top/u_phy_io/iob_23_dut/opit_1_IOL' is overwritten by new value.
W: Adm-4021: The attribute '.pap_unconnected_inputs' of object 'u_ipsl_hmic_h_top/u_ipsl_hmic_h_phy_top/u_phy_io/iob_24_dut/opit_1_IOL' is overwritten by new value.
W: Adm-4021: The attribute '.pap_unconnected_inputs' of object 'u_ipsl_hmic_h_top/u_ipsl_hmic_h_phy_top/u_phy_io/iob_25_dut/opit_1_IOL' is overwritten by new value.
W: Adm-4021: The attribute '.pap_unconnected_inputs' of object 'u_ipsl_hmic_h_top/u_ipsl_hmic_h_phy_top/u_phy_io/iob_37_dut/opit_1_IOL' is overwritten by new value.
W: Adm-4021: The attribute '.pap_unconnected_inputs' of object 'u_ipsl_hmic_h_top/u_ipsl_hmic_h_phy_top/u_phy_io/iob_40_dut/opit_1_IOL' is overwritten by new value.
W: Adm-4021: The attribute '.pap_unconnected_inputs' of object 'u_ipsl_hmic_h_top/u_ipsl_hmic_h_phy_top/u_phy_io/iob_41_dut/opit_1_IOL' is overwritten by new value.
W: Adm-4021: The attribute '.pap_unconnected_inputs' of object 'u_ipsl_hmic_h_top/u_ipsl_hmic_h_phy_top/u_phy_io/iob_42_dut/opit_1_IOL' is overwritten by new value.
W: Adm-4021: The attribute '.pap_unconnected_inputs' of object 'u_ipsl_hmic_h_top/u_ipsl_hmic_h_phy_top/u_phy_io/iob_43_dut/opit_1_IOL' is overwritten by new value.
W: Adm-4021: The attribute '.pap_unconnected_inputs' of object 'u_ipsl_hmic_h_top/u_ipsl_hmic_h_phy_top/u_phy_io/iob_44_dut/opit_1_IOL' is overwritten by new value.
W: Adm-4021: The attribute '.pap_unconnected_inputs' of object 'u_ipsl_hmic_h_top/u_ipsl_hmic_h_phy_top/u_phy_io/iob_45_dut/opit_1_IOL' is overwritten by new value.
W: Adm-4021: The attribute '.pap_unconnected_inputs' of object 'u_ipsl_hmic_h_top/u_ipsl_hmic_h_phy_top/u_phy_io/iob_46_dut/opit_1_IOL' is overwritten by new value.
W: Adm-4021: The attribute '.pap_unconnected_inputs' of object 'u_ipsl_hmic_h_top/u_ipsl_hmic_h_phy_top/u_phy_io/iob_47_dut/opit_1_IOL' is overwritten by new value.
W: Adm-4021: The attribute '.pap_unconnected_inputs' of object 'u_ipsl_hmic_h_top/u_ipsl_hmic_h_phy_top/u_phy_io/iob_48_dut/opit_1_IOL' is overwritten by new value.
W: Adm-4021: The attribute '.pap_unconnected_inputs' of object 'u_ipsl_hmic_h_top/u_ipsl_hmic_h_phy_top/u_phy_io/iob_49_dut/opit_1_IOL' is overwritten by new value.
W: Adm-4021: The attribute '.pap_unconnected_inputs' of object 'u_ipsl_hmic_h_top/u_ipsl_hmic_h_phy_top/u_phy_io/iob_51_dut/opit_1_IOL' is overwritten by new value.
W: Adm-4021: The attribute '.pap_unconnected_inputs' of object 'u_ipsl_hmic_h_top/u_ipsl_hmic_h_phy_top/u_phy_io/iob_52_dut/opit_1_IOL' is overwritten by new value.
W: Adm-4021: The attribute '.pap_unconnected_inputs' of object 'u_ipsl_hmic_h_top/u_ipsl_hmic_h_phy_top/u_phy_io/iob_55_dut/opit_1_IOL' is overwritten by new value.
W: Adm-4021: The attribute '.pap_unconnected_inputs' of object 'u_ipsl_hmic_h_top/u_ipsl_hmic_h_phy_top/u_phy_io/iob_56_dut/opit_1_IOL' is overwritten by new value.
W: Adm-4021: The attribute '.pap_unconnected_inputs' of object 'u_ipsl_hmic_h_top/u_ipsl_hmic_h_phy_top/u_phy_io/iob_57_dut/opit_1_IOL' is overwritten by new value.
W: Adm-4021: The attribute '.pap_unconnected_inputs' of object 'u_ipsl_hmic_h_top/u_ipsl_hmic_h_phy_top/u_phy_io/iob_58_dut/opit_1_IOL' is overwritten by new value.
W: Adm-4021: The attribute '.pap_unconnected_inputs' of object 'u_ipsl_hmic_h_top/u_ipsl_hmic_h_phy_top/u_phy_io/iol_iddr3_dut/gateop_inv_IO' is overwritten by new value.
W: Adm-4021: The attribute '.pap_unconnected_inputs' of object 'u_ipsl_hmic_h_top/u_ipsl_hmic_h_phy_top/u_phy_io/iol_iddr4_dut/gateop_inv_IO' is overwritten by new value.
W: Adm-4021: The attribute '.pap_unconnected_inputs' of object 'u_ipsl_hmic_h_top/u_ipsl_hmic_h_phy_top/u_phy_io/iol_iddr5_dut/gateop_inv_IO' is overwritten by new value.
W: Adm-4021: The attribute '.pap_unconnected_inputs' of object 'u_ipsl_hmic_h_top/u_ipsl_hmic_h_phy_top/u_phy_io/iol_iddr6_dut/gateop_inv_IO' is overwritten by new value.
W: Adm-4021: The attribute '.pap_unconnected_inputs' of object 'u_ipsl_hmic_h_top/u_ipsl_hmic_h_phy_top/u_phy_io/iol_iddr7_dut/gateop_inv_IO' is overwritten by new value.
W: Adm-4021: The attribute '.pap_unconnected_inputs' of object 'u_ipsl_hmic_h_top/u_ipsl_hmic_h_phy_top/u_phy_io/iol_iddr10_dut/gateop_inv_IO' is overwritten by new value.
W: Adm-4021: The attribute '.pap_unconnected_inputs' of object 'u_ipsl_hmic_h_top/u_ipsl_hmic_h_phy_top/u_phy_io/iol_iddr11_dut/gateop_inv_IO' is overwritten by new value.
W: Adm-4021: The attribute '.pap_unconnected_inputs' of object 'u_ipsl_hmic_h_top/u_ipsl_hmic_h_phy_top/u_phy_io/iol_iddr12_dut/gateop_inv_IO' is overwritten by new value.
W: Adm-4021: The attribute '.pap_unconnected_inputs' of object 'u_ipsl_hmic_h_top/u_ipsl_hmic_h_phy_top/u_phy_io/iol_iddr27_dut/gateop_inv_IO' is overwritten by new value.
W: Adm-4021: The attribute '.pap_unconnected_inputs' of object 'u_ipsl_hmic_h_top/u_ipsl_hmic_h_phy_top/u_phy_io/iol_iddr28_dut/gateop_inv_IO' is overwritten by new value.
W: Adm-4021: The attribute '.pap_unconnected_inputs' of object 'u_ipsl_hmic_h_top/u_ipsl_hmic_h_phy_top/u_phy_io/iol_iddr29_dut/gateop_inv_IO' is overwritten by new value.
W: Adm-4021: The attribute '.pap_unconnected_inputs' of object 'u_ipsl_hmic_h_top/u_ipsl_hmic_h_phy_top/u_phy_io/iol_iddr32_dut/gateop_inv_IO' is overwritten by new value.
W: Adm-4021: The attribute '.pap_unconnected_inputs' of object 'u_ipsl_hmic_h_top/u_ipsl_hmic_h_phy_top/u_phy_io/iol_iddr33_dut/gateop_inv_IO' is overwritten by new value.
W: Adm-4021: The attribute '.pap_unconnected_inputs' of object 'u_ipsl_hmic_h_top/u_ipsl_hmic_h_phy_top/u_phy_io/iol_iddr34_dut/gateop_inv_IO' is overwritten by new value.
W: Adm-4021: The attribute '.pap_unconnected_inputs' of object 'u_ipsl_hmic_h_top/u_ipsl_hmic_h_phy_top/u_phy_io/iol_iddr35_dut/gateop_inv_IO' is overwritten by new value.
W: Adm-4021: The attribute '.pap_unconnected_inputs' of object 'u_ipsl_hmic_h_top/u_ipsl_hmic_h_phy_top/u_phy_io/iol_iddr36_dut/gateop_inv_IO' is overwritten by new value.
W: Adm-4021: The attribute '.pap_unconnected_inputs' of object 'u_ipsl_hmic_h_top/u_ipsl_hmic_h_ddrc_top/u_ddrc_reset_ctrl/u_ddrc_apb_reset/cnt[1]/opit_0_inv_A2Q1' is overwritten by new value.
W: Adm-4021: The attribute '.pap_unconnected_inputs' of object 'u_ipsl_hmic_h_top/u_ipsl_hmic_h_ddrc_top/u_ddrc_reset_ctrl/u_ddrc_apb_reset/cnt[2]/opit_0_inv_A2Q0' is overwritten by new value.
W: Adm-4021: The attribute '.pap_unconnected_inputs' of object 'u_ipsl_hmic_h_top/u_ipsl_hmic_h_ddrc_top/u_ddrc_reset_ctrl/u_ddrc_apb_reset/cnt[3]/opit_0_inv_A2Q21' is overwritten by new value.
W: Adm-4021: The attribute '.pap_unconnected_inputs' of object 'u_ipsl_hmic_h_top/u_ipsl_hmic_h_ddrc_top/u_ddrc_reset_ctrl/u_ddrc_apb_reset/cnt[4]/opit_0_inv_A2Q0' is overwritten by new value.
W: Adm-4021: The attribute '.pap_unconnected_inputs' of object 'u_ipsl_hmic_h_top/u_ipsl_hmic_h_ddrc_top/u_ddrc_reset_ctrl/u_ddrc_apb_reset/cnt[5]/opit_0_inv_A2Q21' is overwritten by new value.
W: Adm-4021: The attribute '.pap_unconnected_inputs' of object 'u_ipsl_hmic_h_top/u_ipsl_hmic_h_ddrc_top/u_ddrc_reset_ctrl/u_ddrc_apb_reset/cnt[6]/opit_0_inv_AQ' is overwritten by new value.
W: Adm-4021: The attribute '.pap_unconnected_inputs' of object 'u_ipsl_hmic_h_top/u_ipsl_hmic_h_ddrc_top/u_ddrc_reset_ctrl/u_ddrc_apb_reset/ddrc_init_done/opit_0_inv_L5Q' is overwritten by new value.
W: Adm-4021: The attribute '.pap_unconnected_inputs' of object 'u_ipsl_hmic_h_top/u_ipsl_hmic_h_ddrc_top/u_ddrc_reset_ctrl/u_ddrc_apb_reset/penable/opit_0_inv_L5Q' is overwritten by new value.
W: Adm-4021: The attribute '.pap_unconnected_inputs' of object 'u_ipsl_hmic_h_top/u_ipsl_hmic_h_ddrc_top/u_ddrc_reset_ctrl/u_ddrc_apb_reset/psel/opit_0_inv_L5Q' is overwritten by new value.
W: Adm-4021: The attribute 'PAP_P1735_KEYS' of object 'InsertedJtag/u_ips_jtag_hub/data_ctrl/opit_0_inv_L5Q' is overwritten by new value.
W: Adm-4021: The attribute 'PAP_P1735_KEYS' of object 'InsertedJtag/u_ips_jtag_hub/shift_data[0]/opit_0_L5Q' is overwritten by new value.
W: Adm-4021: The attribute 'PAP_P1735_KEYS' of object 'InsertedJtag/u_ips_jtag_hub/shift_data[1]/opit_0_L5Q' is overwritten by new value.
W: Adm-4021: The attribute 'PAP_P1735_KEYS' of object 'InsertedJtag/u_ips_jtag_hub/shift_data[2]/opit_0_L5Q' is overwritten by new value.
W: Adm-4021: The attribute 'PAP_P1735_KEYS' of object 'InsertedJtag/u_ips_jtag_hub/shift_data[3]/opit_0_L5Q' is overwritten by new value.
W: Adm-4021: The attribute 'PAP_P1735_KEYS' of object 'InsertedJtag/u_ips_jtag_hub/shift_data[4]/opit_0_L5Q' is overwritten by new value.
W: Adm-4021: The attribute 'PAP_P1735_KEYS' of object 'InsertedJtag/u_ips_jtag_hub/shift_data[5]/opit_0_L5Q' is overwritten by new value.
W: Adm-4021: The attribute 'PAP_P1735_KEYS' of object 'InsertedJtag/u_ips_jtag_hub/shift_data[6]/opit_0_L5Q' is overwritten by new value.
W: Adm-4021: The attribute 'PAP_P1735_KEYS' of object 'InsertedJtag/u_ips_jtag_hub/shift_data[7]/opit_0_L5Q' is overwritten by new value.
W: Adm-4021: The attribute 'PAP_P1735_KEYS' of object 'InsertedJtag/u_ips_jtag_hub/shift_data[8]/opit_0_L5Q' is overwritten by new value.
W: Adm-4021: The attribute '.pap_unconnected_inputs' of object 'sd_card_weight_inst/sd_card_top_m0/sd_card_cmd_m0/CS_reg/opit_0_inv_L5Q' is overwritten by new value.
W: Adm-4021: The attribute '.pap_unconnected_inputs' of object 'sd_card_weight_inst/sd_card_top_m0/sd_card_cmd_m0/block_read_valid/opit_0_inv_L5Q' is overwritten by new value.
W: Adm-4021: The attribute '.pap_unconnected_inputs' of object 'sd_card_weight_inst/sd_card_top_m0/sd_card_cmd_m0/byte_cnt[0]/opit_0_inv_MUX4TO1Q' is overwritten by new value.
W: Adm-4021: The attribute '.pap_unconnected_inputs' of object 'sd_card_weight_inst/sd_card_top_m0/sd_card_cmd_m0/byte_cnt[1]/opit_0_inv_MUX4TO1Q' is overwritten by new value.
W: Adm-4021: The attribute '.pap_unconnected_inputs' of object 'sd_card_weight_inst/sd_card_top_m0/sd_card_cmd_m0/byte_cnt[2]/opit_0_inv_MUX4TO1Q' is overwritten by new value.
W: Adm-4021: The attribute '.pap_unconnected_inputs' of object 'sd_card_weight_inst/sd_card_top_m0/sd_card_cmd_m0/byte_cnt[3]/opit_0_inv_MUX4TO1Q' is overwritten by new value.
W: Adm-4021: The attribute '.pap_unconnected_inputs' of object 'sd_card_weight_inst/sd_card_top_m0/sd_card_cmd_m0/byte_cnt[4]/opit_0_inv_MUX8TO1Q' is overwritten by new value.
W: Adm-4021: The attribute '.pap_unconnected_inputs' of object 'sd_card_weight_inst/sd_card_top_m0/sd_card_cmd_m0/byte_cnt[5]/opit_0_inv_MUX4TO1Q' is overwritten by new value.
W: Adm-4021: The attribute '.pap_unconnected_inputs' of object 'sd_card_weight_inst/sd_card_top_m0/sd_card_cmd_m0/byte_cnt[6]/opit_0_inv_MUX8TO1Q' is overwritten by new value.
W: Adm-4021: The attribute '.pap_unconnected_inputs' of object 'sd_card_weight_inst/sd_card_top_m0/sd_card_cmd_m0/byte_cnt[7]/opit_0_inv_MUX8TO1Q' is overwritten by new value.
W: Adm-4021: The attribute '.pap_unconnected_inputs' of object 'sd_card_weight_inst/sd_card_top_m0/sd_card_cmd_m0/byte_cnt[8]/opit_0_inv_MUX8TO1Q' is overwritten by new value.
W: Adm-4021: The attribute '.pap_unconnected_inputs' of object 'sd_card_weight_inst/sd_card_top_m0/sd_card_cmd_m0/byte_cnt[9]/opit_0_inv_MUX8TO1Q' is overwritten by new value.
W: Adm-4021: The attribute '.pap_unconnected_inputs' of object 'sd_card_weight_inst/sd_card_top_m0/sd_card_cmd_m0/byte_cnt[10]/opit_0_inv_MUX8TO1Q' is overwritten by new value.
W: Adm-4021: The attribute '.pap_unconnected_inputs' of object 'sd_card_weight_inst/sd_card_top_m0/sd_card_cmd_m0/byte_cnt[11]/opit_0_inv_MUX4TO1Q' is overwritten by new value.
W: Adm-4021: The attribute '.pap_unconnected_inputs' of object 'sd_card_weight_inst/sd_card_top_m0/sd_card_cmd_m0/byte_cnt[12]/opit_0_inv_MUX4TO1Q' is overwritten by new value.
W: Adm-4021: The attribute '.pap_unconnected_inputs' of object 'sd_card_weight_inst/sd_card_top_m0/sd_card_cmd_m0/byte_cnt[13]/opit_0_inv_MUX8TO1Q' is overwritten by new value.
W: Adm-4021: The attribute '.pap_unconnected_inputs' of object 'sd_card_weight_inst/sd_card_top_m0/sd_card_cmd_m0/byte_cnt[14]/opit_0_inv_MUX8TO1Q' is overwritten by new value.
W: Adm-4021: The attribute '.pap_unconnected_inputs' of object 'sd_card_weight_inst/sd_card_top_m0/sd_card_cmd_m0/byte_cnt[15]/opit_0_inv_MUX8TO1Q' is overwritten by new value.
W: Adm-4021: The attribute '.pap_unconnected_inputs' of object 'sd_card_weight_inst/sd_card_top_m0/sd_card_cmd_m0/clk_div[3]/opit_0_inv_L5Q' is overwritten by new value.
W: Adm-4021: The attribute '.pap_unconnected_inputs' of object 'sd_card_weight_inst/sd_card_top_m0/sd_card_cmd_m0/cmd_req_error/opit_0_inv_L5Q' is overwritten by new value.
W: Adm-4021: The attribute '.pap_unconnected_inputs' of object 'sd_card_weight_inst/sd_card_top_m0/sd_card_cmd_m0/send_data[0]/opit_0_inv_L5Q' is overwritten by new value.
W: Adm-4021: The attribute '.pap_unconnected_inputs' of object 'sd_card_weight_inst/sd_card_top_m0/sd_card_cmd_m0/send_data[1]/opit_0_inv_L5Q' is overwritten by new value.
W: Adm-4021: The attribute '.pap_unconnected_inputs' of object 'sd_card_weight_inst/sd_card_top_m0/sd_card_cmd_m0/send_data[2]/opit_0_inv_L5Q' is overwritten by new value.
W: Adm-4021: The attribute '.pap_unconnected_inputs' of object 'sd_card_weight_inst/sd_card_top_m0/sd_card_cmd_m0/send_data[3]/opit_0_inv_L5Q' is overwritten by new value.
W: Adm-4021: The attribute '.pap_unconnected_inputs' of object 'sd_card_weight_inst/sd_card_top_m0/sd_card_cmd_m0/send_data[4]/opit_0_inv_L5Q' is overwritten by new value.
W: Adm-4021: The attribute '.pap_unconnected_inputs' of object 'sd_card_weight_inst/sd_card_top_m0/sd_card_cmd_m0/send_data[5]/opit_0_inv_L5Q' is overwritten by new value.
W: Adm-4021: The attribute '.pap_unconnected_inputs' of object 'sd_card_weight_inst/sd_card_top_m0/sd_card_cmd_m0/send_data[6]/opit_0_inv_L5Q' is overwritten by new value.
W: Adm-4021: The attribute '.pap_unconnected_inputs' of object 'sd_card_weight_inst/sd_card_top_m0/sd_card_cmd_m0/send_data[7]/opit_0_inv_L5Q' is overwritten by new value.
W: Adm-4021: The attribute '.pap_unconnected_inputs' of object 'sd_card_weight_inst/sd_card_top_m0/sd_card_cmd_m0/spi_wr_req/opit_0_inv_L5Q' is overwritten by new value.
W: Adm-4021: The attribute '.pap_unconnected_inputs' of object 'sd_card_weight_inst/sd_card_top_m0/sd_card_cmd_m0/state_1/opit_0_inv_L5Q' is overwritten by new value.
W: Adm-4021: The attribute '.pap_unconnected_inputs' of object 'sd_card_weight_inst/sd_card_top_m0/sd_card_cmd_m0/state_3/opit_0_inv_L5Q' is overwritten by new value.
W: Adm-4021: The attribute '.pap_unconnected_inputs' of object 'sd_card_weight_inst/sd_card_top_m0/sd_card_cmd_m0/state_4/opit_0_inv_L5Q' is overwritten by new value.
W: Adm-4021: The attribute '.pap_unconnected_inputs' of object 'sd_card_weight_inst/sd_card_top_m0/sd_card_cmd_m0/state_5/opit_0_inv_L5Q' is overwritten by new value.
W: Adm-4021: The attribute '.pap_unconnected_inputs' of object 'sd_card_weight_inst/sd_card_top_m0/sd_card_cmd_m0/state_6/opit_0_inv_L5Q' is overwritten by new value.
W: Adm-4021: The attribute '.pap_unconnected_inputs' of object 'sd_card_weight_inst/sd_card_top_m0/sd_card_cmd_m0/state_7/opit_0_inv_L5Q' is overwritten by new value.
W: Adm-4021: The attribute '.pap_unconnected_inputs' of object 'sd_card_weight_inst/sd_card_top_m0/sd_card_cmd_m0/state_8/opit_0_inv_L5Q' is overwritten by new value.
W: Adm-4021: The attribute '.pap_unconnected_inputs' of object 'sd_card_weight_inst/sd_card_top_m0/sd_card_cmd_m0/state_10/opit_0_inv_L5Q' is overwritten by new value.
W: Adm-4021: The attribute '.pap_unconnected_inputs' of object 'sd_card_weight_inst/sd_card_top_m0/sd_card_cmd_m0/state_12/opit_0_inv_L5Q' is overwritten by new value.
W: Adm-4021: The attribute '.pap_unconnected_inputs' of object 'sd_card_weight_inst/sd_card_top_m0/sd_card_cmd_m0/state_13/opit_0_inv_L5Q' is overwritten by new value.
W: Adm-4021: The attribute '.pap_unconnected_inputs' of object 'sd_card_weight_inst/sd_card_top_m0/sd_card_cmd_m0/state_14/opit_0_inv_L5Q' is overwritten by new value.
W: Adm-4021: The attribute '.pap_unconnected_inputs' of object 'sd_card_weight_inst/sd_card_top_m0/sd_card_cmd_m0/state_15/opit_0_inv_L5Q' is overwritten by new value.
W: Adm-4021: The attribute '.pap_unconnected_inputs' of object 'sd_card_weight_inst/sd_card_top_m0/sd_card_cmd_m0/state_16/opit_0_inv_L5Q' is overwritten by new value.
W: Adm-4021: The attribute '.pap_unconnected_inputs' of object 'sd_card_weight_inst/sd_card_top_m0/sd_card_cmd_m0/state_17/opit_0_inv_L5Q' is overwritten by new value.
W: Adm-4021: The attribute '.pap_unconnected_inputs' of object 'sd_card_weight_inst/sd_card_top_m0/sd_card_cmd_m0/wr_data_cnt[0]/opit_0_inv_A2Q0' is overwritten by new value.
W: Adm-4021: The attribute '.pap_unconnected_inputs' of object 'sd_card_weight_inst/sd_card_top_m0/sd_card_cmd_m0/wr_data_cnt[1]/opit_0_inv_A2Q21' is overwritten by new value.
W: Adm-4021: The attribute '.pap_unconnected_inputs' of object 'sd_card_weight_inst/sd_card_top_m0/sd_card_cmd_m0/wr_data_cnt[2]/opit_0_inv_A2Q0' is overwritten by new value.
W: Adm-4021: The attribute '.pap_unconnected_inputs' of object 'sd_card_weight_inst/sd_card_top_m0/sd_card_cmd_m0/wr_data_cnt[3]/opit_0_inv_A2Q21' is overwritten by new value.
W: Adm-4021: The attribute '.pap_unconnected_inputs' of object 'sd_card_weight_inst/sd_card_top_m0/sd_card_cmd_m0/wr_data_cnt[4]/opit_0_inv_A2Q0' is overwritten by new value.
W: Adm-4021: The attribute '.pap_unconnected_inputs' of object 'sd_card_weight_inst/sd_card_top_m0/sd_card_cmd_m0/wr_data_cnt[5]/opit_0_inv_A2Q21' is overwritten by new value.
W: Adm-4021: The attribute '.pap_unconnected_inputs' of object 'sd_card_weight_inst/sd_card_top_m0/sd_card_cmd_m0/wr_data_cnt[6]/opit_0_inv_A2Q0' is overwritten by new value.
W: Adm-4021: The attribute '.pap_unconnected_inputs' of object 'sd_card_weight_inst/sd_card_top_m0/sd_card_cmd_m0/wr_data_cnt[7]/opit_0_inv_A2Q21' is overwritten by new value.
W: Adm-4021: The attribute '.pap_unconnected_inputs' of object 'sd_card_weight_inst/sd_card_top_m0/sd_card_cmd_m0/wr_data_cnt[8]/opit_0_inv_A2Q0' is overwritten by new value.
W: Adm-4021: The attribute '.pap_unconnected_inputs' of object 'sd_card_weight_inst/sd_card_top_m0/sd_card_cmd_m0/wr_data_cnt[9]/opit_0_inv_A2Q21' is overwritten by new value.
W: Adm-4021: The attribute '.pap_unconnected_inputs' of object 'sd_card_weight_inst/sd_card_top_m0/sd_card_sec_read_write_m0/block_read_req/opit_0_inv_L5Q' is overwritten by new value.
W: Adm-4021: The attribute '.pap_unconnected_inputs' of object 'sd_card_weight_inst/sd_card_top_m0/sd_card_sec_read_write_m0/cmd[1]/opit_0_inv_L5Q' is overwritten by new value.
W: Adm-4021: The attribute '.pap_unconnected_inputs' of object 'sd_card_weight_inst/sd_card_top_m0/sd_card_sec_read_write_m0/cmd[3]/opit_0_inv_L5Q' is overwritten by new value.
W: Adm-4021: The attribute '.pap_unconnected_inputs' of object 'sd_card_weight_inst/sd_card_top_m0/sd_card_sec_read_write_m0/cmd[4]/opit_0_inv_L5Q' is overwritten by new value.
W: Adm-4021: The attribute '.pap_unconnected_inputs' of object 'sd_card_weight_inst/sd_card_top_m0/sd_card_sec_read_write_m0/cmd[8]/opit_0_inv_L5Q' is overwritten by new value.
W: Adm-4021: The attribute '.pap_unconnected_inputs' of object 'sd_card_weight_inst/sd_card_top_m0/sd_card_sec_read_write_m0/cmd[9]/opit_0_inv_L5Q' is overwritten by new value.
W: Adm-4021: The attribute '.pap_unconnected_inputs' of object 'sd_card_weight_inst/sd_card_top_m0/sd_card_sec_read_write_m0/cmd[10]/opit_0_inv_L5Q' is overwritten by new value.
W: Adm-4021: The attribute '.pap_unconnected_inputs' of object 'sd_card_weight_inst/sd_card_top_m0/sd_card_sec_read_write_m0/cmd[11]/opit_0_inv_L5Q' is overwritten by new value.
W: Adm-4021: The attribute '.pap_unconnected_inputs' of object 'sd_card_weight_inst/sd_card_top_m0/sd_card_sec_read_write_m0/cmd[12]/opit_0_inv_L5Q' is overwritten by new value.
W: Adm-4021: The attribute '.pap_unconnected_inputs' of object 'sd_card_weight_inst/sd_card_top_m0/sd_card_sec_read_write_m0/cmd[13]/opit_0_inv_L5Q' is overwritten by new value.
W: Adm-4021: The attribute '.pap_unconnected_inputs' of object 'sd_card_weight_inst/sd_card_top_m0/sd_card_sec_read_write_m0/cmd[14]/opit_0_inv_L5Q' is overwritten by new value.
W: Adm-4021: The attribute '.pap_unconnected_inputs' of object 'sd_card_weight_inst/sd_card_top_m0/sd_card_sec_read_write_m0/cmd[15]/opit_0_inv_L5Q' is overwritten by new value.
W: Adm-4021: The attribute '.pap_unconnected_inputs' of object 'sd_card_weight_inst/sd_card_top_m0/sd_card_sec_read_write_m0/cmd[16]/opit_0_inv_L5Q' is overwritten by new value.
W: Adm-4021: The attribute '.pap_unconnected_inputs' of object 'sd_card_weight_inst/sd_card_top_m0/sd_card_sec_read_write_m0/cmd[17]/opit_0_inv_L5Q' is overwritten by new value.
W: Adm-4021: The attribute '.pap_unconnected_inputs' of object 'sd_card_weight_inst/sd_card_top_m0/sd_card_sec_read_write_m0/cmd[18]/opit_0_inv_L5Q' is overwritten by new value.
W: Adm-4021: The attribute '.pap_unconnected_inputs' of object 'sd_card_weight_inst/sd_card_top_m0/sd_card_sec_read_write_m0/cmd[19]/opit_0_inv_L5Q' is overwritten by new value.
W: Adm-4021: The attribute '.pap_unconnected_inputs' of object 'sd_card_weight_inst/sd_card_top_m0/sd_card_sec_read_write_m0/cmd[20]/opit_0_inv_L5Q' is overwritten by new value.
W: Adm-4021: The attribute '.pap_unconnected_inputs' of object 'sd_card_weight_inst/sd_card_top_m0/sd_card_sec_read_write_m0/cmd[21]/opit_0_inv_L5Q' is overwritten by new value.
W: Adm-4021: The attribute '.pap_unconnected_inputs' of object 'sd_card_weight_inst/sd_card_top_m0/sd_card_sec_read_write_m0/cmd[22]/opit_0_inv_L5Q' is overwritten by new value.
W: Adm-4021: The attribute '.pap_unconnected_inputs' of object 'sd_card_weight_inst/sd_card_top_m0/sd_card_sec_read_write_m0/cmd[23]/opit_0_inv_L5Q' is overwritten by new value.
W: Adm-4021: The attribute '.pap_unconnected_inputs' of object 'sd_card_weight_inst/sd_card_top_m0/sd_card_sec_read_write_m0/cmd[24]/opit_0_inv_L5Q' is overwritten by new value.
W: Adm-4021: The attribute '.pap_unconnected_inputs' of object 'sd_card_weight_inst/sd_card_top_m0/sd_card_sec_read_write_m0/cmd[25]/opit_0_inv_L5Q' is overwritten by new value.
W: Adm-4021: The attribute '.pap_unconnected_inputs' of object 'sd_card_weight_inst/sd_card_top_m0/sd_card_sec_read_write_m0/cmd[26]/opit_0_inv_L5Q' is overwritten by new value.
W: Adm-4021: The attribute '.pap_unconnected_inputs' of object 'sd_card_weight_inst/sd_card_top_m0/sd_card_sec_read_write_m0/cmd[27]/opit_0_inv_L5Q' is overwritten by new value.
W: Adm-4021: The attribute '.pap_unconnected_inputs' of object 'sd_card_weight_inst/sd_card_top_m0/sd_card_sec_read_write_m0/cmd[28]/opit_0_inv_L5Q' is overwritten by new value.
W: Adm-4021: The attribute '.pap_unconnected_inputs' of object 'sd_card_weight_inst/sd_card_top_m0/sd_card_sec_read_write_m0/cmd[29]/opit_0_inv_L5Q' is overwritten by new value.
W: Adm-4021: The attribute '.pap_unconnected_inputs' of object 'sd_card_weight_inst/sd_card_top_m0/sd_card_sec_read_write_m0/cmd[30]/opit_0_inv_L5Q' is overwritten by new value.
W: Adm-4021: The attribute '.pap_unconnected_inputs' of object 'sd_card_weight_inst/sd_card_top_m0/sd_card_sec_read_write_m0/cmd[31]/opit_0_inv_L5Q' is overwritten by new value.
W: Adm-4021: The attribute '.pap_unconnected_inputs' of object 'sd_card_weight_inst/sd_card_top_m0/sd_card_sec_read_write_m0/cmd[32]/opit_0_inv_L5Q' is overwritten by new value.
W: Adm-4021: The attribute '.pap_unconnected_inputs' of object 'sd_card_weight_inst/sd_card_top_m0/sd_card_sec_read_write_m0/cmd[33]/opit_0_inv_L5Q' is overwritten by new value.
W: Adm-4021: The attribute '.pap_unconnected_inputs' of object 'sd_card_weight_inst/sd_card_top_m0/sd_card_sec_read_write_m0/cmd[34]/opit_0_inv_L5Q' is overwritten by new value.
W: Adm-4021: The attribute '.pap_unconnected_inputs' of object 'sd_card_weight_inst/sd_card_top_m0/sd_card_sec_read_write_m0/cmd[35]/opit_0_inv_L5Q' is overwritten by new value.
W: Adm-4021: The attribute '.pap_unconnected_inputs' of object 'sd_card_weight_inst/sd_card_top_m0/sd_card_sec_read_write_m0/cmd[36]/opit_0_inv_L5Q' is overwritten by new value.
W: Adm-4021: The attribute '.pap_unconnected_inputs' of object 'sd_card_weight_inst/sd_card_top_m0/sd_card_sec_read_write_m0/cmd[37]/opit_0_inv_L5Q' is overwritten by new value.
W: Adm-4021: The attribute '.pap_unconnected_inputs' of object 'sd_card_weight_inst/sd_card_top_m0/sd_card_sec_read_write_m0/cmd[38]/opit_0_inv_L5Q' is overwritten by new value.
W: Adm-4021: The attribute '.pap_unconnected_inputs' of object 'sd_card_weight_inst/sd_card_top_m0/sd_card_sec_read_write_m0/cmd[39]/opit_0_inv_L5Q' is overwritten by new value.
W: Adm-4021: The attribute '.pap_unconnected_inputs' of object 'sd_card_weight_inst/sd_card_top_m0/sd_card_sec_read_write_m0/cmd[40]/opit_0_inv_L5Q' is overwritten by new value.
W: Adm-4021: The attribute '.pap_unconnected_inputs' of object 'sd_card_weight_inst/sd_card_top_m0/sd_card_sec_read_write_m0/cmd[41]/opit_0_inv_L5Q' is overwritten by new value.
W: Adm-4021: The attribute '.pap_unconnected_inputs' of object 'sd_card_weight_inst/sd_card_top_m0/sd_card_sec_read_write_m0/cmd[42]/opit_0_inv_L5Q' is overwritten by new value.
W: Adm-4021: The attribute '.pap_unconnected_inputs' of object 'sd_card_weight_inst/sd_card_top_m0/sd_card_sec_read_write_m0/cmd[43]/opit_0_inv_L5Q' is overwritten by new value.
W: Adm-4021: The attribute '.pap_unconnected_inputs' of object 'sd_card_weight_inst/sd_card_top_m0/sd_card_sec_read_write_m0/cmd[44]/opit_0_inv_L5Q' is overwritten by new value.
W: Adm-4021: The attribute '.pap_unconnected_inputs' of object 'sd_card_weight_inst/sd_card_top_m0/sd_card_sec_read_write_m0/cmd[45]/opit_0_inv_L5Q' is overwritten by new value.
W: Adm-4021: The attribute '.pap_unconnected_inputs' of object 'sd_card_weight_inst/sd_card_top_m0/sd_card_sec_read_write_m0/cmd_data_len[2]/opit_0_inv_MUX4TO1Q' is overwritten by new value.
W: Adm-4021: The attribute '.pap_unconnected_inputs' of object 'sd_card_weight_inst/sd_card_top_m0/sd_card_sec_read_write_m0/cmd_r1[0]/opit_0_inv_L5Q' is overwritten by new value.
W: Adm-4021: The attribute '.pap_unconnected_inputs' of object 'sd_card_weight_inst/sd_card_top_m0/sd_card_sec_read_write_m0/cmd_req/opit_0_inv_L5Q' is overwritten by new value.
W: Adm-4021: The attribute '.pap_unconnected_inputs' of object 'sd_card_weight_inst/sd_card_top_m0/sd_card_sec_read_write_m0/sd_init_done/opit_0_inv_L5Q' is overwritten by new value.
W: Adm-4021: The attribute '.pap_unconnected_inputs' of object 'sd_card_weight_inst/sd_card_top_m0/sd_card_sec_read_write_m0/spi_clk_div[3]/opit_0_inv_L5Q' is overwritten by new value.
W: Adm-4021: The attribute '.pap_unconnected_inputs' of object 'sd_card_weight_inst/sd_card_top_m0/sd_card_sec_read_write_m0/state_2/opit_0_inv_L5Q' is overwritten by new value.
W: Adm-4021: The attribute '.pap_unconnected_inputs' of object 'sd_card_weight_inst/sd_card_top_m0/sd_card_sec_read_write_m0/state_3/opit_0_inv_L5Q' is overwritten by new value.
W: Adm-4021: The attribute '.pap_unconnected_inputs' of object 'sd_card_weight_inst/sd_card_top_m0/sd_card_sec_read_write_m0/state_4/opit_0_inv_L5Q' is overwritten by new value.
W: Adm-4021: The attribute '.pap_unconnected_inputs' of object 'sd_card_weight_inst/sd_card_top_m0/sd_card_sec_read_write_m0/state_5/opit_0_inv_L5Q' is overwritten by new value.
W: Adm-4021: The attribute '.pap_unconnected_inputs' of object 'sd_card_weight_inst/sd_card_top_m0/sd_card_sec_read_write_m0/state_6/opit_0_inv_L5Q' is overwritten by new value.
W: Adm-4021: The attribute '.pap_unconnected_inputs' of object 'sd_card_weight_inst/sd_card_top_m0/sd_card_sec_read_write_m0/state_10/opit_0_inv_L5Q' is overwritten by new value.
W: Adm-4021: The attribute '.pap_unconnected_inputs' of object 'sd_card_weight_inst/sd_card_top_m0/sd_card_sec_read_write_m0/state_11/opit_0_inv_L5Q' is overwritten by new value.
W: Adm-4021: The attribute '.pap_unconnected_inputs' of object 'sd_card_weight_inst/sd_card_top_m0/sd_card_sec_read_write_m0/state_12/opit_0_inv_L5Q' is overwritten by new value.
W: Adm-4021: The attribute '.pap_unconnected_inputs' of object 'sd_card_weight_inst/sd_card_top_m0/spi_master_m0/DCLK_reg/opit_0_inv_L5Q' is overwritten by new value.
W: Adm-4021: The attribute '.pap_unconnected_inputs' of object 'sd_card_weight_inst/sd_card_top_m0/spi_master_m0/MISO_shift[0]/opit_0_inv_L5Q' is overwritten by new value.
W: Adm-4021: The attribute '.pap_unconnected_inputs' of object 'sd_card_weight_inst/sd_card_top_m0/spi_master_m0/MISO_shift[1]/opit_0_inv_L5Q' is overwritten by new value.
W: Adm-4021: The attribute '.pap_unconnected_inputs' of object 'sd_card_weight_inst/sd_card_top_m0/spi_master_m0/MISO_shift[2]/opit_0_inv_L5Q' is overwritten by new value.
W: Adm-4021: The attribute '.pap_unconnected_inputs' of object 'sd_card_weight_inst/sd_card_top_m0/spi_master_m0/MISO_shift[3]/opit_0_inv_L5Q' is overwritten by new value.
W: Adm-4021: The attribute '.pap_unconnected_inputs' of object 'sd_card_weight_inst/sd_card_top_m0/spi_master_m0/MISO_shift[4]/opit_0_inv_L5Q' is overwritten by new value.
W: Adm-4021: The attribute '.pap_unconnected_inputs' of object 'sd_card_weight_inst/sd_card_top_m0/spi_master_m0/MISO_shift[5]/opit_0_inv_L5Q' is overwritten by new value.
W: Adm-4021: The attribute '.pap_unconnected_inputs' of object 'sd_card_weight_inst/sd_card_top_m0/spi_master_m0/MISO_shift[6]/opit_0_inv_L5Q' is overwritten by new value.
W: Adm-4021: The attribute '.pap_unconnected_inputs' of object 'sd_card_weight_inst/sd_card_top_m0/spi_master_m0/MISO_shift[7]/opit_0_inv_L5Q' is overwritten by new value.
W: Adm-4021: The attribute '.pap_unconnected_inputs' of object 'sd_card_weight_inst/sd_card_top_m0/spi_master_m0/MOSI_shift[0]/opit_0_inv_L5Q' is overwritten by new value.
W: Adm-4021: The attribute '.pap_unconnected_inputs' of object 'sd_card_weight_inst/sd_card_top_m0/spi_master_m0/MOSI_shift[1]/opit_0_inv_L5Q' is overwritten by new value.
W: Adm-4021: The attribute '.pap_unconnected_inputs' of object 'sd_card_weight_inst/sd_card_top_m0/spi_master_m0/MOSI_shift[2]/opit_0_inv_L5Q' is overwritten by new value.
W: Adm-4021: The attribute '.pap_unconnected_inputs' of object 'sd_card_weight_inst/sd_card_top_m0/spi_master_m0/MOSI_shift[3]/opit_0_inv_L5Q' is overwritten by new value.
W: Adm-4021: The attribute '.pap_unconnected_inputs' of object 'sd_card_weight_inst/sd_card_top_m0/spi_master_m0/MOSI_shift[4]/opit_0_inv_L5Q' is overwritten by new value.
W: Adm-4021: The attribute '.pap_unconnected_inputs' of object 'sd_card_weight_inst/sd_card_top_m0/spi_master_m0/MOSI_shift[5]/opit_0_inv_L5Q' is overwritten by new value.
W: Adm-4021: The attribute '.pap_unconnected_inputs' of object 'sd_card_weight_inst/sd_card_top_m0/spi_master_m0/MOSI_shift[6]/opit_0_inv_L5Q' is overwritten by new value.
W: Adm-4021: The attribute '.pap_unconnected_inputs' of object 'sd_card_weight_inst/sd_card_top_m0/spi_master_m0/MOSI_shift[7]/opit_0_inv_L5Q' is overwritten by new value.
W: Adm-4021: The attribute '.pap_unconnected_inputs' of object 'sd_card_weight_inst/sd_card_top_m0/spi_master_m0/clk_cnt[0]/opit_0_inv_A2Q0' is overwritten by new value.
W: Adm-4021: The attribute '.pap_unconnected_inputs' of object 'sd_card_weight_inst/sd_card_top_m0/spi_master_m0/clk_cnt[1]/opit_0_inv_A2Q21' is overwritten by new value.
W: Adm-4021: The attribute '.pap_unconnected_inputs' of object 'sd_card_weight_inst/sd_card_top_m0/spi_master_m0/clk_cnt[2]/opit_0_inv_A2Q0' is overwritten by new value.
W: Adm-4021: The attribute '.pap_unconnected_inputs' of object 'sd_card_weight_inst/sd_card_top_m0/spi_master_m0/clk_cnt[3]/opit_0_inv_A2Q21' is overwritten by new value.
W: Adm-4021: The attribute '.pap_unconnected_inputs' of object 'sd_card_weight_inst/sd_card_top_m0/spi_master_m0/clk_cnt[4]/opit_0_inv_A2Q0' is overwritten by new value.
W: Adm-4021: The attribute '.pap_unconnected_inputs' of object 'sd_card_weight_inst/sd_card_top_m0/spi_master_m0/clk_cnt[5]/opit_0_inv_A2Q21' is overwritten by new value.
W: Adm-4021: The attribute '.pap_unconnected_inputs' of object 'sd_card_weight_inst/sd_card_top_m0/spi_master_m0/clk_cnt[6]/opit_0_inv_A2Q0' is overwritten by new value.
W: Adm-4021: The attribute '.pap_unconnected_inputs' of object 'sd_card_weight_inst/sd_card_top_m0/spi_master_m0/clk_cnt[7]/opit_0_inv_A2Q21' is overwritten by new value.
W: Adm-4021: The attribute '.pap_unconnected_inputs' of object 'sd_card_weight_inst/sd_card_top_m0/spi_master_m0/clk_cnt[8]/opit_0_inv_A2Q0' is overwritten by new value.
W: Adm-4021: The attribute '.pap_unconnected_inputs' of object 'sd_card_weight_inst/sd_card_top_m0/spi_master_m0/clk_cnt[9]/opit_0_inv_A2Q21' is overwritten by new value.
W: Adm-4021: The attribute '.pap_unconnected_inputs' of object 'sd_card_weight_inst/sd_card_top_m0/spi_master_m0/clk_cnt[10]/opit_0_inv_A2Q0' is overwritten by new value.
W: Adm-4021: The attribute '.pap_unconnected_inputs' of object 'sd_card_weight_inst/sd_card_top_m0/spi_master_m0/clk_cnt[11]/opit_0_inv_A2Q21' is overwritten by new value.
W: Adm-4021: The attribute '.pap_unconnected_inputs' of object 'sd_card_weight_inst/sd_card_top_m0/spi_master_m0/clk_cnt[12]/opit_0_inv_A2Q0' is overwritten by new value.
W: Adm-4021: The attribute '.pap_unconnected_inputs' of object 'sd_card_weight_inst/sd_card_top_m0/spi_master_m0/clk_cnt[13]/opit_0_inv_A2Q21' is overwritten by new value.
W: Adm-4021: The attribute '.pap_unconnected_inputs' of object 'sd_card_weight_inst/sd_card_top_m0/spi_master_m0/clk_cnt[14]/opit_0_inv_A2Q0' is overwritten by new value.
W: Adm-4021: The attribute '.pap_unconnected_inputs' of object 'sd_card_weight_inst/sd_card_top_m0/spi_master_m0/clk_cnt[15]/opit_0_inv_A2Q21' is overwritten by new value.
W: Adm-4021: The attribute '.pap_unconnected_inputs' of object 'sd_card_weight_inst/sd_card_top_m0/spi_master_m0/clk_edge_cnt[0]/opit_0_inv_L5Q' is overwritten by new value.
W: Adm-4021: The attribute '.pap_unconnected_inputs' of object 'sd_card_weight_inst/sd_card_top_m0/spi_master_m0/clk_edge_cnt[1]/opit_0_inv_L5Q' is overwritten by new value.
W: Adm-4021: The attribute '.pap_unconnected_inputs' of object 'sd_card_weight_inst/sd_card_top_m0/spi_master_m0/clk_edge_cnt[2]/opit_0_inv_L5Q' is overwritten by new value.
W: Adm-4021: The attribute '.pap_unconnected_inputs' of object 'sd_card_weight_inst/sd_card_top_m0/spi_master_m0/clk_edge_cnt[3]/opit_0_inv_L5Q' is overwritten by new value.
W: Adm-4021: The attribute '.pap_unconnected_inputs' of object 'sd_card_weight_inst/sd_card_top_m0/spi_master_m0/clk_edge_cnt[4]/opit_0_inv_L5Q' is overwritten by new value.
W: Adm-4021: The attribute '.pap_unconnected_inputs' of object 'sd_card_weight_inst/sd_card_top_m0/spi_master_m0/state_0/opit_0_inv_L5Q' is overwritten by new value.
W: Adm-4021: The attribute '.pap_unconnected_inputs' of object 'sd_card_weight_inst/sd_card_top_m0/spi_master_m0/state_1/opit_0_inv_L5Q' is overwritten by new value.
W: Adm-4021: The attribute '.pap_unconnected_inputs' of object 'sd_card_weight_inst/sd_card_top_m0/spi_master_m0/state_2/opit_0_inv_L5Q' is overwritten by new value.
W: Adm-4021: The attribute '.pap_unconnected_inputs' of object 'sd_card_weight_inst/sd_card_top_m0/spi_master_m0/state_3/opit_0_inv_L5Q' is overwritten by new value.
W: Adm-4021: The attribute '.pap_unconnected_inputs' of object 'sd_card_weight_inst/sd_card_top_m0/spi_master_m0/state_4/opit_0_inv_L5Q' is overwritten by new value.
W: Adm-4021: The attribute '.pap_unconnected_inputs' of object 'u_ipsl_hmic_h_top/u_ipsl_hmic_h_ddrc_top/u_ddrc_reset_ctrl/ddrc_rst_cnt[0]/opit_0_inv_L5Q' is overwritten by new value.
W: Adm-4021: The attribute '.pap_unconnected_inputs' of object 'u_ipsl_hmic_h_top/u_ipsl_hmic_h_ddrc_top/u_ddrc_reset_ctrl/ddrc_rst_cnt[1]/opit_0_inv_L5Q' is overwritten by new value.
W: Adm-4021: The attribute '.pap_unconnected_inputs' of object 'u_ipsl_hmic_h_top/u_ipsl_hmic_h_ddrc_top/u_ddrc_reset_ctrl/ddrc_rst_cnt[2]/opit_0_inv_L5Q' is overwritten by new value.
W: Adm-4021: The attribute '.pap_unconnected_inputs' of object 'u_ipsl_hmic_h_top/u_ipsl_hmic_h_ddrc_top/u_ddrc_reset_ctrl/ddrc_rst_cnt[3]/opit_0_inv_L5Q' is overwritten by new value.
W: Adm-4021: The attribute '.pap_unconnected_inputs' of object 'u_ipsl_hmic_h_top/u_ipsl_hmic_h_ddrc_top/u_ddrc_reset_ctrl/ddrc_rst_cnt[4]/opit_0_inv_L5Q' is overwritten by new value.
W: Adm-4021: The attribute '.pap_unconnected_inputs' of object 'u_ipsl_hmic_h_top/u_ipsl_hmic_h_ddrc_top/u_ddrc_reset_ctrl/init_axi_reset0/opit_0_inv_L5Q' is overwritten by new value.
W: Adm-4021: The attribute '.pap_unconnected_inputs' of object 'u_ipsl_hmic_h_top/u_ipsl_hmic_h_ddrc_top/u_ddrc_reset_ctrl/presetn/opit_0_inv_L5Q' is overwritten by new value.
W: Adm-4021: The attribute '.pap_unconnected_inputs' of object 'u_ipsl_hmic_h_top/u_ipsl_hmic_h_ddrc_top/u_ddrc_reset_ctrl/rst_cnt[1]/opit_0_inv_L5Q' is overwritten by new value.
W: Adm-4021: The attribute '.pap_unconnected_inputs' of object 'u_ipsl_hmic_h_top/u_ipsl_hmic_h_ddrc_top/u_ddrc_reset_ctrl/rst_cnt[2]/opit_0_inv_L5Q' is overwritten by new value.
W: Adm-4021: The attribute '.pap_unconnected_inputs' of object 'u_ipsl_hmic_h_top/u_ipsl_hmic_h_ddrc_top/u_ddrc_reset_ctrl/rst_cnt[3]/opit_0_inv_L5Q' is overwritten by new value.
W: Adm-4021: The attribute '.pap_unconnected_inputs' of object 'u_ipsl_hmic_h_top/u_ipsl_hmic_h_ddrc_top/u_ddrc_reset_ctrl/rst_cnt[4]/opit_0_inv_L5Q' is overwritten by new value.
W: Adm-4021: The attribute '.pap_unconnected_inputs' of object 'u_ipsl_hmic_h_top/u_ipsl_hmic_h_ddrc_top/u_ddrc_reset_ctrl/u_ddrc_apb_reset/cnt[0]/opit_0_inv_A2Q20' is overwritten by new value.
Device mapping done.
Total device mapping takes 0.843750 sec.

Device Utilization Summary:
+-------------------------------------------------------------------------+
| Logic Utilization     | Used     | Available     | Utilization(%)     
+-------------------------------------------------------------------------+
| APM                   | 0        | 30            | 0                   
| IOCKDLY               | 0        | 24            | 0                   
| FF                    | 1484     | 26304         | 6                   
| LUT                   | 2739     | 17536         | 16                  
| Distributed RAM       | 0        | 4440          | 0                   
| DLL                   | 2        | 6             | 34                  
| DQSL                  | 5        | 18            | 28                  
| DRM                   | 4        | 48            | 9                   
| FUSECODE              | 0        | 1             | 0                   
| IO                    | 91       | 240           | 38                  
| IOCKDIV               | 1        | 12            | 9                   
| IOCKGATE              | 2        | 12            | 17                  
| IPAL                  | 0        | 1             | 0                   
| PLL                   | 2        | 6             | 34                  
| RCKB                  | 0        | 24            | 0                   
| SCANCHAIN             | 1        | 4             | 25                  
| START                 | 0        | 1             | 0                   
| USCM                  | 8        | 20            | 40                  
| HMEMC                 | 1        | 2             | 50                  
| OSC                   | 0        | 1             | 0                   
| ADC                   | 0        | 1             | 0                   
| CRYSTAL               | 0        | 6             | 0                   
| FLSIF                 | 0        | 1             | 0                   
| RESCAL                | 0        | 6             | 0                   
| UDID                  | 0        | 1             | 0                   
+-------------------------------------------------------------------------+

Design 'top' has been successfully mapped to architecture-specific objects.
Saving design to DB.
W: Public-4010: Pcf file F:/pds_project/ConvKing/device_map/top.pcf has been covered.
Action dev_map: Real time elapsed is 5.000 sec
Action dev_map: CPU time elapsed is 3.984 sec
Current time: Thu May 12 20:04:13 2022
Action dev_map: Peak memory pool usage is 201,048,064 bytes
