#Build: Fabric Compiler 2020.3, Build 62942, Sep 29 13:34 2020
#Install: D:\pango\PDS_2020.3\bin
#Application name: pds_shell.exe
#OS: Windows 10 10.0.18363
#Hostname: DESKTOP-FPVEJ74
Generated by Fabric Compiler (version 2020.3 build 62942) at Thu May 12 18:02:51 2022
Compiling verification operator library.
Compiling common defs.
Compiling prim grid devices.
Compiling gate devices.
Compiling gate operators.
Building architecture model.
Loading device packaging model 'MBG324'.
Reading design from DB.
Start Generating Programming File...
Reading design from DB takes 0.796875 sec.
Generating architecture configuration.
The bitstream file is "F:/pds_project/ConvKing/generate_bitstream/top.sbit"
Generate programming file takes 11.906250 sec.
Generating Programming File done.
Action gen_bit_stream: Real time elapsed is 16.000 sec
Action gen_bit_stream: CPU time elapsed is 14.922 sec
Current time: Thu May 12 18:03:06 2022
Action gen_bit_stream: Peak memory pool usage is 337,055,744 bytes
