#Build: Fabric Configuration 2020.3, Build 62942, Sep 29 13:34 2020
#Install: D:\pango\PDS_2020.3\bin
#Application name: cdt_cfg.exe
#OS: Windows 10 10.0.18363
#Hostname: DESKTOP-FPVEJ74
Generated by Fabric Configuration (version 2020.3 build 62942) at Mon May 30 10:17:09 2022
Connecting to server[127.0.0.1 : 65420].
Connect to server[127.0.0.1 : 65420] successfully.
COMMAND[check version information] execute successfully, takes 0.4 secs.
The cable List : 
Cable index 0:USB Cable II/fffffffffffffffe 

COMMAND[get_cable_paras] execute successfully, takes 1.2 secs.
PANGO USB CABLE II cable driver: D2XX DLL
COMMAND[Open config cable] execute successfully, takes 4.3 secs.
The Start Address of bit file F:/pds_project/ConvKing/generate_bitstream/top.sbit: 0x0
COMMAND[Scan Outer SPI Flash] execute successfully, takes 1.8 secs.
The start address of operating flash is 0x0.
COMMAND[Erase Outer Flash] execute successfully, takes 4.2 secs.
The start address of operating flash is 0x0.
COMMAND[Program Outer Flash] execute successfully, takes 12.5 secs.
The start address of operating flash is 0x0.
COMMAND[Verify Outer Flash] execute successfully, takes 1.2 secs.
