[DEBUG][2022-05-02 00:03:27] [2312] - [d:\wf\3\output_files\pds_pro\fab_develop\branches\pds_2020.3\source\sw\cdt\debugger\main.cpp:105] : /*************************** 2022-05-02 00:03:27  Start ***************************/
[DEBUG][2022-05-02 00:03:27] [2312] - [d:\wf\3\output_files\pds_pro\fab_develop\branches\pds_2020.3\source\sw\cdt\debugger\main.cpp:106] : Path: D:/pango/PDS_2020.3/bin
[DEBUG][2022-05-02 00:03:27] [2312] - [d:\wf\3\output_files\pds_pro\fab_develop\branches\pds_2020.3\source\sw\cdt\debugger\main.cpp:107] : #Generated by Fabric Debugger (version 2020.3 build 62942) at Mon May  2 00:03:27 2022


[DEBUG][2022-05-02 00:03:27] [2312] - [d:\wf\3\output_files\pds_pro\fab_develop\branches\pds_2020.3\source\sw\cdt\debugger\main.cpp:134] : Main window show.
[DEBUG][2022-05-02 00:03:30] [2312] - [d:\wf\3\output_files\pds_pro\fab_develop\branches\pds_2020.3\source\sw\cdt\debugger\dbgmainwindow.cpp:1294] : Operation: Scan.
[DEBUG][2022-05-02 00:03:30] [2312] - [d:\wf\3\output_files\pds_pro\fab_develop\branches\pds_2020.3\source\sw\cdt\common\cdtcommunicate.cpp:463] : Client Local host name:DESKTOP-FPVEJ74
[DEBUG][2022-05-02 00:03:30] [2312] - [d:\wf\3\output_files\pds_pro\fab_develop\branches\pds_2020.3\source\sw\cdt\common\cdtcommunicate.cpp:471] : Client Local Address:192.168.56.1
[DEBUG][2022-05-02 00:03:30] [2312] - [d:\wf\3\output_files\pds_pro\fab_develop\branches\pds_2020.3\source\sw\cdt\common\cdtcommunicate.cpp:471] : Client Local Address:192.168.85.1
[DEBUG][2022-05-02 00:03:30] [2312] - [d:\wf\3\output_files\pds_pro\fab_develop\branches\pds_2020.3\source\sw\cdt\common\cdtcommunicate.cpp:471] : Client Local Address:192.168.239.1
[DEBUG][2022-05-02 00:03:30] [2312] - [d:\wf\3\output_files\pds_pro\fab_develop\branches\pds_2020.3\source\sw\cdt\common\cdtcommunicate.cpp:471] : Client Local Address:172.19.80.68
[DEBUG][2022-05-02 00:03:30] [2312] - [d:\wf\3\output_files\pds_pro\fab_develop\branches\pds_2020.3\source\sw\cdt\common\cdtcommunicate.cpp:471] : Client Local Address:192.168.20.177
[DEBUG][2022-05-02 00:03:30] [2312] - [d:\wf\3\output_files\pds_pro\fab_develop\branches\pds_2020.3\source\sw\cdt\common\cdtcommunicate.cpp:498] : Server Address:127.0.0.1, Port:65420
[INFO][2022-05-02 00:03:30] [2312] - [d:\wf\3\output_files\pds_pro\fab_develop\branches\pds_2020.3\source\sw\cdt\debugger\dbgclient.cpp:350] : Connect OK, Server: 127.0.0.1  Port: 65420
[DEBUG][2022-05-02 00:03:30] [2312] - [d:\wf\3\output_files\pds_pro\fab_develop\branches\pds_2020.3\source\sw\cdt\debugger\dbgclient.cpp:279] : Finish.
[DEBUG][2022-05-02 00:03:30] [2312] - [d:\wf\3\output_files\pds_pro\fab_develop\branches\pds_2020.3\source\sw\cdt\debugger\dbgclient.cpp:75] : Send RPC: 1.
[DEBUG][2022-05-02 00:03:30] [2312] - [d:\wf\3\output_files\pds_pro\fab_develop\branches\pds_2020.3\source\sw\cdt\common\cdtcommunicate.cpp:772] : Send cmd [check version information:40004] OK
[DEBUG][2022-05-02 00:03:31] [2312] - [d:\wf\3\output_files\pds_pro\fab_develop\branches\pds_2020.3\source\sw\cdt\common\cdtcommunicate.cpp:893] : Recv RPC[1] cmd [check version information:40004]
[DEBUG][2022-05-02 00:03:31] [2312] - [d:\wf\3\output_files\pds_pro\fab_develop\branches\pds_2020.3\source\sw\cdt\common\cdtcommunicate.cpp:901] : Revc exec: check version information start
[DEBUG][2022-05-02 00:03:31] [2312] - [d:\wf\3\output_files\pds_pro\fab_develop\branches\pds_2020.3\source\sw\cdt\debugger\dbgclient.cpp:75] : Send RPC: 2.
[DEBUG][2022-05-02 00:03:31] [2312] - [d:\wf\3\output_files\pds_pro\fab_develop\branches\pds_2020.3\source\sw\cdt\common\cdtcommunicate.cpp:772] : Send cmd [get_cable_paras:40010] OK
[DEBUG][2022-05-02 00:03:31] [2312] - [d:\wf\3\output_files\pds_pro\fab_develop\branches\pds_2020.3\source\sw\cdt\debugger\dbgclient.cpp:75] : Send RPC: 3.
[DEBUG][2022-05-02 00:03:31] [2312] - [d:\wf\3\output_files\pds_pro\fab_develop\branches\pds_2020.3\source\sw\cdt\common\cdtcommunicate.cpp:772] : Send cmd [open_cable:10001] OK
[DEBUG][2022-05-02 00:03:31] [2312] - [d:\wf\3\output_files\pds_pro\fab_develop\branches\pds_2020.3\source\sw\cdt\common\cdtcommunicate.cpp:903] : Revc exec: check version information end
[DEBUG][2022-05-02 00:03:31] [2312] - [d:\wf\3\output_files\pds_pro\fab_develop\branches\pds_2020.3\source\sw\cdt\debugger\dbgclient.cpp:381] : COMMAND[check version information] execute successfully, takes 0.4 secs.
[DEBUG][2022-05-02 00:03:32] [2312] - [d:\wf\3\output_files\pds_pro\fab_develop\branches\pds_2020.3\source\sw\cdt\common\cdtcommunicate.cpp:893] : Recv RPC[2] cmd [get_cable_paras:40010]
[DEBUG][2022-05-02 00:03:32] [2312] - [d:\wf\3\output_files\pds_pro\fab_develop\branches\pds_2020.3\source\sw\cdt\common\cdtcommunicate.cpp:901] : Revc exec: get_cable_paras start
[DEBUG][2022-05-02 00:03:32] [2312] - [d:\wf\3\output_files\pds_pro\fab_develop\branches\pds_2020.3\source\sw\cdt\common\cdtcommunicate.cpp:903] : Revc exec: get_cable_paras end
[DEBUG][2022-05-02 00:03:32] [2312] - [d:\wf\3\output_files\pds_pro\fab_develop\branches\pds_2020.3\source\sw\cdt\debugger\dbgclient.cpp:381] : COMMAND[get_cable_paras] execute successfully, takes 1.2 secs.
[DEBUG][2022-05-02 00:03:33] [2312] - [d:\wf\3\output_files\pds_pro\fab_develop\branches\pds_2020.3\source\sw\cdt\common\cdtcommunicate.cpp:893] : Recv RPC[3] cmd [open_cable:10001]
[DEBUG][2022-05-02 00:03:33] [2312] - [d:\wf\3\output_files\pds_pro\fab_develop\branches\pds_2020.3\source\sw\cdt\common\cdtcommunicate.cpp:901] : Revc exec: open_cable start
[DEBUG][2022-05-02 00:03:35] [2312] - [d:\wf\3\output_files\pds_pro\fab_develop\branches\pds_2020.3\source\sw\cdt\common\cdtcommunicate.cpp:903] : Revc exec: open_cable end
[DEBUG][2022-05-02 00:03:35] [2312] - [d:\wf\3\output_files\pds_pro\fab_develop\branches\pds_2020.3\source\sw\cdt\debugger\dbgclient.cpp:381] : COMMAND[open_cable] execute successfully, takes 4.1 secs.
[DEBUG][2022-05-02 00:03:40] [2312] - [d:\wf\3\output_files\pds_pro\fab_develop\branches\pds_2020.3\source\sw\cdt\debugger\dbgtree.cpp:1283] : Configure.
[DEBUG][2022-05-02 00:03:47] [2312] - [d:\wf\3\output_files\pds_pro\fab_develop\branches\pds_2020.3\source\sw\cdt\debugger\dbgmainwindow.cpp:910] : Operation: Program.
[DEBUG][2022-05-02 00:03:47] [2312] - [d:\wf\3\output_files\pds_pro\fab_develop\branches\pds_2020.3\source\sw\cdt\debugger\dbgclient.cpp:75] : Send RPC: 4.
[DEBUG][2022-05-02 00:03:47] [2312] - [d:\wf\3\output_files\pds_pro\fab_develop\branches\pds_2020.3\source\sw\cdt\common\cdtcommunicate.cpp:772] : Send cmd [configure:10002] OK
[DEBUG][2022-05-02 00:03:47] [2312] - [d:\wf\3\output_files\pds_pro\fab_develop\branches\pds_2020.3\source\sw\cdt\common\cdtcommunicate.cpp:893] : Recv RPC[0] cmd [set progress bar:40001]
[DEBUG][2022-05-02 00:03:47] [2312] - [d:\wf\3\output_files\pds_pro\fab_develop\branches\pds_2020.3\source\sw\cdt\debugger\dbgcommand.cpp:559] : The value is 6.
[DEBUG][2022-05-02 00:03:47] [2312] - [d:\wf\3\output_files\pds_pro\fab_develop\branches\pds_2020.3\source\sw\cdt\common\cdtcommunicate.cpp:901] : Revc exec: set progress bar start
[DEBUG][2022-05-02 00:03:47] [2312] - [d:\wf\3\output_files\pds_pro\fab_develop\branches\pds_2020.3\source\sw\cdt\common\cdtcommunicate.cpp:903] : Revc exec: set progress bar end
[DEBUG][2022-05-02 00:03:47] [2312] - [d:\wf\3\output_files\pds_pro\fab_develop\branches\pds_2020.3\source\sw\cdt\common\cdtcommunicate.cpp:893] : Recv RPC[0] cmd [set progress bar:40001]
[DEBUG][2022-05-02 00:03:47] [2312] - [d:\wf\3\output_files\pds_pro\fab_develop\branches\pds_2020.3\source\sw\cdt\debugger\dbgcommand.cpp:559] : The value is 10.
[DEBUG][2022-05-02 00:03:47] [2312] - [d:\wf\3\output_files\pds_pro\fab_develop\branches\pds_2020.3\source\sw\cdt\common\cdtcommunicate.cpp:901] : Revc exec: set progress bar start
[DEBUG][2022-05-02 00:03:47] [2312] - [d:\wf\3\output_files\pds_pro\fab_develop\branches\pds_2020.3\source\sw\cdt\common\cdtcommunicate.cpp:903] : Revc exec: set progress bar end
[DEBUG][2022-05-02 00:03:47] [2312] - [d:\wf\3\output_files\pds_pro\fab_develop\branches\pds_2020.3\source\sw\cdt\common\cdtcommunicate.cpp:893] : Recv RPC[0] cmd [set progress bar:40001]
[DEBUG][2022-05-02 00:03:47] [2312] - [d:\wf\3\output_files\pds_pro\fab_develop\branches\pds_2020.3\source\sw\cdt\debugger\dbgcommand.cpp:559] : The value is 15.
[DEBUG][2022-05-02 00:03:47] [2312] - [d:\wf\3\output_files\pds_pro\fab_develop\branches\pds_2020.3\source\sw\cdt\common\cdtcommunicate.cpp:901] : Revc exec: set progress bar start
[DEBUG][2022-05-02 00:03:47] [2312] - [d:\wf\3\output_files\pds_pro\fab_develop\branches\pds_2020.3\source\sw\cdt\common\cdtcommunicate.cpp:903] : Revc exec: set progress bar end
[DEBUG][2022-05-02 00:03:47] [2312] - [d:\wf\3\output_files\pds_pro\fab_develop\branches\pds_2020.3\source\sw\cdt\common\cdtcommunicate.cpp:893] : Recv RPC[0] cmd [set progress bar:40001]
[DEBUG][2022-05-02 00:03:47] [2312] - [d:\wf\3\output_files\pds_pro\fab_develop\branches\pds_2020.3\source\sw\cdt\debugger\dbgcommand.cpp:559] : The value is 20.
[DEBUG][2022-05-02 00:03:47] [2312] - [d:\wf\3\output_files\pds_pro\fab_develop\branches\pds_2020.3\source\sw\cdt\common\cdtcommunicate.cpp:901] : Revc exec: set progress bar start
[DEBUG][2022-05-02 00:03:47] [2312] - [d:\wf\3\output_files\pds_pro\fab_develop\branches\pds_2020.3\source\sw\cdt\common\cdtcommunicate.cpp:903] : Revc exec: set progress bar end
[DEBUG][2022-05-02 00:03:47] [2312] - [d:\wf\3\output_files\pds_pro\fab_develop\branches\pds_2020.3\source\sw\cdt\common\cdtcommunicate.cpp:893] : Recv RPC[0] cmd [set progress bar:40001]
[DEBUG][2022-05-02 00:03:47] [2312] - [d:\wf\3\output_files\pds_pro\fab_develop\branches\pds_2020.3\source\sw\cdt\debugger\dbgcommand.cpp:559] : The value is 25.
[DEBUG][2022-05-02 00:03:47] [2312] - [d:\wf\3\output_files\pds_pro\fab_develop\branches\pds_2020.3\source\sw\cdt\common\cdtcommunicate.cpp:901] : Revc exec: set progress bar start
[DEBUG][2022-05-02 00:03:47] [2312] - [d:\wf\3\output_files\pds_pro\fab_develop\branches\pds_2020.3\source\sw\cdt\common\cdtcommunicate.cpp:903] : Revc exec: set progress bar end
[DEBUG][2022-05-02 00:03:47] [2312] - [d:\wf\3\output_files\pds_pro\fab_develop\branches\pds_2020.3\source\sw\cdt\common\cdtcommunicate.cpp:893] : Recv RPC[0] cmd [set progress bar:40001]
[DEBUG][2022-05-02 00:03:47] [2312] - [d:\wf\3\output_files\pds_pro\fab_develop\branches\pds_2020.3\source\sw\cdt\debugger\dbgcommand.cpp:559] : The value is 30.
[DEBUG][2022-05-02 00:03:47] [2312] - [d:\wf\3\output_files\pds_pro\fab_develop\branches\pds_2020.3\source\sw\cdt\common\cdtcommunicate.cpp:901] : Revc exec: set progress bar start
[DEBUG][2022-05-02 00:03:47] [2312] - [d:\wf\3\output_files\pds_pro\fab_develop\branches\pds_2020.3\source\sw\cdt\common\cdtcommunicate.cpp:903] : Revc exec: set progress bar end
[DEBUG][2022-05-02 00:03:47] [2312] - [d:\wf\3\output_files\pds_pro\fab_develop\branches\pds_2020.3\source\sw\cdt\common\cdtcommunicate.cpp:893] : Recv RPC[0] cmd [set progress bar:40001]
[DEBUG][2022-05-02 00:03:47] [2312] - [d:\wf\3\output_files\pds_pro\fab_develop\branches\pds_2020.3\source\sw\cdt\debugger\dbgcommand.cpp:559] : The value is 35.
[DEBUG][2022-05-02 00:03:47] [2312] - [d:\wf\3\output_files\pds_pro\fab_develop\branches\pds_2020.3\source\sw\cdt\common\cdtcommunicate.cpp:901] : Revc exec: set progress bar start
[DEBUG][2022-05-02 00:03:47] [2312] - [d:\wf\3\output_files\pds_pro\fab_develop\branches\pds_2020.3\source\sw\cdt\common\cdtcommunicate.cpp:903] : Revc exec: set progress bar end
[DEBUG][2022-05-02 00:03:47] [2312] - [d:\wf\3\output_files\pds_pro\fab_develop\branches\pds_2020.3\source\sw\cdt\common\cdtcommunicate.cpp:893] : Recv RPC[0] cmd [set progress bar:40001]
[DEBUG][2022-05-02 00:03:47] [2312] - [d:\wf\3\output_files\pds_pro\fab_develop\branches\pds_2020.3\source\sw\cdt\debugger\dbgcommand.cpp:559] : The value is 40.
[DEBUG][2022-05-02 00:03:47] [2312] - [d:\wf\3\output_files\pds_pro\fab_develop\branches\pds_2020.3\source\sw\cdt\common\cdtcommunicate.cpp:901] : Revc exec: set progress bar start
[DEBUG][2022-05-02 00:03:47] [2312] - [d:\wf\3\output_files\pds_pro\fab_develop\branches\pds_2020.3\source\sw\cdt\common\cdtcommunicate.cpp:903] : Revc exec: set progress bar end
[DEBUG][2022-05-02 00:03:47] [2312] - [d:\wf\3\output_files\pds_pro\fab_develop\branches\pds_2020.3\source\sw\cdt\common\cdtcommunicate.cpp:893] : Recv RPC[0] cmd [set progress bar:40001]
[DEBUG][2022-05-02 00:03:47] [2312] - [d:\wf\3\output_files\pds_pro\fab_develop\branches\pds_2020.3\source\sw\cdt\debugger\dbgcommand.cpp:559] : The value is 45.
[DEBUG][2022-05-02 00:03:47] [2312] - [d:\wf\3\output_files\pds_pro\fab_develop\branches\pds_2020.3\source\sw\cdt\common\cdtcommunicate.cpp:901] : Revc exec: set progress bar start
[DEBUG][2022-05-02 00:03:47] [2312] - [d:\wf\3\output_files\pds_pro\fab_develop\branches\pds_2020.3\source\sw\cdt\common\cdtcommunicate.cpp:903] : Revc exec: set progress bar end
[DEBUG][2022-05-02 00:03:47] [2312] - [d:\wf\3\output_files\pds_pro\fab_develop\branches\pds_2020.3\source\sw\cdt\common\cdtcommunicate.cpp:893] : Recv RPC[0] cmd [set progress bar:40001]
[DEBUG][2022-05-02 00:03:47] [2312] - [d:\wf\3\output_files\pds_pro\fab_develop\branches\pds_2020.3\source\sw\cdt\debugger\dbgcommand.cpp:559] : The value is 50.
[DEBUG][2022-05-02 00:03:47] [2312] - [d:\wf\3\output_files\pds_pro\fab_develop\branches\pds_2020.3\source\sw\cdt\common\cdtcommunicate.cpp:901] : Revc exec: set progress bar start
[DEBUG][2022-05-02 00:03:47] [2312] - [d:\wf\3\output_files\pds_pro\fab_develop\branches\pds_2020.3\source\sw\cdt\common\cdtcommunicate.cpp:903] : Revc exec: set progress bar end
[DEBUG][2022-05-02 00:03:47] [2312] - [d:\wf\3\output_files\pds_pro\fab_develop\branches\pds_2020.3\source\sw\cdt\common\cdtcommunicate.cpp:893] : Recv RPC[0] cmd [set progress bar:40001]
[DEBUG][2022-05-02 00:03:47] [2312] - [d:\wf\3\output_files\pds_pro\fab_develop\branches\pds_2020.3\source\sw\cdt\debugger\dbgcommand.cpp:559] : The value is 55.
[DEBUG][2022-05-02 00:03:47] [2312] - [d:\wf\3\output_files\pds_pro\fab_develop\branches\pds_2020.3\source\sw\cdt\common\cdtcommunicate.cpp:901] : Revc exec: set progress bar start
[DEBUG][2022-05-02 00:03:47] [2312] - [d:\wf\3\output_files\pds_pro\fab_develop\branches\pds_2020.3\source\sw\cdt\common\cdtcommunicate.cpp:903] : Revc exec: set progress bar end
[DEBUG][2022-05-02 00:03:47] [2312] - [d:\wf\3\output_files\pds_pro\fab_develop\branches\pds_2020.3\source\sw\cdt\common\cdtcommunicate.cpp:893] : Recv RPC[0] cmd [set progress bar:40001]
[DEBUG][2022-05-02 00:03:47] [2312] - [d:\wf\3\output_files\pds_pro\fab_develop\branches\pds_2020.3\source\sw\cdt\debugger\dbgcommand.cpp:559] : The value is 60.
[DEBUG][2022-05-02 00:03:47] [2312] - [d:\wf\3\output_files\pds_pro\fab_develop\branches\pds_2020.3\source\sw\cdt\common\cdtcommunicate.cpp:901] : Revc exec: set progress bar start
[DEBUG][2022-05-02 00:03:47] [2312] - [d:\wf\3\output_files\pds_pro\fab_develop\branches\pds_2020.3\source\sw\cdt\common\cdtcommunicate.cpp:903] : Revc exec: set progress bar end
[DEBUG][2022-05-02 00:03:47] [2312] - [d:\wf\3\output_files\pds_pro\fab_develop\branches\pds_2020.3\source\sw\cdt\common\cdtcommunicate.cpp:893] : Recv RPC[0] cmd [set progress bar:40001]
[DEBUG][2022-05-02 00:03:47] [2312] - [d:\wf\3\output_files\pds_pro\fab_develop\branches\pds_2020.3\source\sw\cdt\debugger\dbgcommand.cpp:559] : The value is 65.
[DEBUG][2022-05-02 00:03:47] [2312] - [d:\wf\3\output_files\pds_pro\fab_develop\branches\pds_2020.3\source\sw\cdt\common\cdtcommunicate.cpp:901] : Revc exec: set progress bar start
[DEBUG][2022-05-02 00:03:47] [2312] - [d:\wf\3\output_files\pds_pro\fab_develop\branches\pds_2020.3\source\sw\cdt\common\cdtcommunicate.cpp:903] : Revc exec: set progress bar end
[DEBUG][2022-05-02 00:03:47] [2312] - [d:\wf\3\output_files\pds_pro\fab_develop\branches\pds_2020.3\source\sw\cdt\common\cdtcommunicate.cpp:893] : Recv RPC[0] cmd [set progress bar:40001]
[DEBUG][2022-05-02 00:03:47] [2312] - [d:\wf\3\output_files\pds_pro\fab_develop\branches\pds_2020.3\source\sw\cdt\debugger\dbgcommand.cpp:559] : The value is 70.
[DEBUG][2022-05-02 00:03:47] [2312] - [d:\wf\3\output_files\pds_pro\fab_develop\branches\pds_2020.3\source\sw\cdt\common\cdtcommunicate.cpp:901] : Revc exec: set progress bar start
[DEBUG][2022-05-02 00:03:47] [2312] - [d:\wf\3\output_files\pds_pro\fab_develop\branches\pds_2020.3\source\sw\cdt\common\cdtcommunicate.cpp:903] : Revc exec: set progress bar end
[DEBUG][2022-05-02 00:03:47] [2312] - [d:\wf\3\output_files\pds_pro\fab_develop\branches\pds_2020.3\source\sw\cdt\common\cdtcommunicate.cpp:893] : Recv RPC[0] cmd [set progress bar:40001]
[DEBUG][2022-05-02 00:03:47] [2312] - [d:\wf\3\output_files\pds_pro\fab_develop\branches\pds_2020.3\source\sw\cdt\debugger\dbgcommand.cpp:559] : The value is 75.
[DEBUG][2022-05-02 00:03:47] [2312] - [d:\wf\3\output_files\pds_pro\fab_develop\branches\pds_2020.3\source\sw\cdt\common\cdtcommunicate.cpp:901] : Revc exec: set progress bar start
[DEBUG][2022-05-02 00:03:47] [2312] - [d:\wf\3\output_files\pds_pro\fab_develop\branches\pds_2020.3\source\sw\cdt\common\cdtcommunicate.cpp:903] : Revc exec: set progress bar end
[DEBUG][2022-05-02 00:03:47] [2312] - [d:\wf\3\output_files\pds_pro\fab_develop\branches\pds_2020.3\source\sw\cdt\common\cdtcommunicate.cpp:893] : Recv RPC[0] cmd [set progress bar:40001]
[DEBUG][2022-05-02 00:03:47] [2312] - [d:\wf\3\output_files\pds_pro\fab_develop\branches\pds_2020.3\source\sw\cdt\debugger\dbgcommand.cpp:559] : The value is 80.
[DEBUG][2022-05-02 00:03:47] [2312] - [d:\wf\3\output_files\pds_pro\fab_develop\branches\pds_2020.3\source\sw\cdt\common\cdtcommunicate.cpp:901] : Revc exec: set progress bar start
[DEBUG][2022-05-02 00:03:47] [2312] - [d:\wf\3\output_files\pds_pro\fab_develop\branches\pds_2020.3\source\sw\cdt\common\cdtcommunicate.cpp:903] : Revc exec: set progress bar end
[DEBUG][2022-05-02 00:03:47] [2312] - [d:\wf\3\output_files\pds_pro\fab_develop\branches\pds_2020.3\source\sw\cdt\common\cdtcommunicate.cpp:893] : Recv RPC[0] cmd [set progress bar:40001]
[DEBUG][2022-05-02 00:03:47] [2312] - [d:\wf\3\output_files\pds_pro\fab_develop\branches\pds_2020.3\source\sw\cdt\debugger\dbgcommand.cpp:559] : The value is 85.
[DEBUG][2022-05-02 00:03:47] [2312] - [d:\wf\3\output_files\pds_pro\fab_develop\branches\pds_2020.3\source\sw\cdt\common\cdtcommunicate.cpp:901] : Revc exec: set progress bar start
[DEBUG][2022-05-02 00:03:47] [2312] - [d:\wf\3\output_files\pds_pro\fab_develop\branches\pds_2020.3\source\sw\cdt\common\cdtcommunicate.cpp:903] : Revc exec: set progress bar end
[DEBUG][2022-05-02 00:03:47] [2312] - [d:\wf\3\output_files\pds_pro\fab_develop\branches\pds_2020.3\source\sw\cdt\common\cdtcommunicate.cpp:893] : Recv RPC[0] cmd [set progress bar:40001]
[DEBUG][2022-05-02 00:03:47] [2312] - [d:\wf\3\output_files\pds_pro\fab_develop\branches\pds_2020.3\source\sw\cdt\debugger\dbgcommand.cpp:559] : The value is 90.
[DEBUG][2022-05-02 00:03:47] [2312] - [d:\wf\3\output_files\pds_pro\fab_develop\branches\pds_2020.3\source\sw\cdt\common\cdtcommunicate.cpp:901] : Revc exec: set progress bar start
[DEBUG][2022-05-02 00:03:47] [2312] - [d:\wf\3\output_files\pds_pro\fab_develop\branches\pds_2020.3\source\sw\cdt\common\cdtcommunicate.cpp:903] : Revc exec: set progress bar end
[DEBUG][2022-05-02 00:03:47] [2312] - [d:\wf\3\output_files\pds_pro\fab_develop\branches\pds_2020.3\source\sw\cdt\common\cdtcommunicate.cpp:893] : Recv RPC[0] cmd [set progress bar:40001]
[DEBUG][2022-05-02 00:03:47] [2312] - [d:\wf\3\output_files\pds_pro\fab_develop\branches\pds_2020.3\source\sw\cdt\debugger\dbgcommand.cpp:559] : The value is 95.
[DEBUG][2022-05-02 00:03:47] [2312] - [d:\wf\3\output_files\pds_pro\fab_develop\branches\pds_2020.3\source\sw\cdt\common\cdtcommunicate.cpp:901] : Revc exec: set progress bar start
[DEBUG][2022-05-02 00:03:47] [2312] - [d:\wf\3\output_files\pds_pro\fab_develop\branches\pds_2020.3\source\sw\cdt\common\cdtcommunicate.cpp:903] : Revc exec: set progress bar end
[DEBUG][2022-05-02 00:03:47] [2312] - [d:\wf\3\output_files\pds_pro\fab_develop\branches\pds_2020.3\source\sw\cdt\common\cdtcommunicate.cpp:893] : Recv RPC[0] cmd [set progress bar:40001]
[DEBUG][2022-05-02 00:03:47] [2312] - [d:\wf\3\output_files\pds_pro\fab_develop\branches\pds_2020.3\source\sw\cdt\debugger\dbgcommand.cpp:559] : The value is 100.
[DEBUG][2022-05-02 00:03:47] [2312] - [d:\wf\3\output_files\pds_pro\fab_develop\branches\pds_2020.3\source\sw\cdt\common\cdtcommunicate.cpp:901] : Revc exec: set progress bar start
[DEBUG][2022-05-02 00:03:47] [2312] - [d:\wf\3\output_files\pds_pro\fab_develop\branches\pds_2020.3\source\sw\cdt\common\cdtcommunicate.cpp:903] : Revc exec: set progress bar end
[DEBUG][2022-05-02 00:03:49] [2312] - [d:\wf\3\output_files\pds_pro\fab_develop\branches\pds_2020.3\source\sw\cdt\common\cdtcommunicate.cpp:893] : Recv RPC[4] cmd [configure:10002]
[DEBUG][2022-05-02 00:03:49] [2312] - [d:\wf\3\output_files\pds_pro\fab_develop\branches\pds_2020.3\source\sw\cdt\common\cdtcommunicate.cpp:901] : Revc exec: configure start
[DEBUG][2022-05-02 00:03:49] [2312] - [d:\wf\3\output_files\pds_pro\fab_develop\branches\pds_2020.3\source\sw\cdt\common\cdtcommunicate.cpp:903] : Revc exec: configure end
[DEBUG][2022-05-02 00:03:49] [2312] - [d:\wf\3\output_files\pds_pro\fab_develop\branches\pds_2020.3\source\sw\cdt\debugger\dbgclient.cpp:381] : COMMAND[configure] execute successfully, takes 2.1 secs.
[DEBUG][2022-05-02 00:03:53] [2312] - [d:\wf\3\output_files\pds_pro\fab_develop\branches\pds_2020.3\source\sw\cdt\debugger\dbgmainwindow.cpp:1422] : Operation: Read ADC register.
[DEBUG][2022-05-02 00:03:53] [2312] - [d:\wf\3\output_files\pds_pro\fab_develop\branches\pds_2020.3\source\sw\cdt\debugger\dbgclient.cpp:75] : Send RPC: 5.
[DEBUG][2022-05-02 00:03:53] [2312] - [d:\wf\3\output_files\pds_pro\fab_develop\branches\pds_2020.3\source\sw\cdt\common\cdtcommunicate.cpp:772] : Send cmd [read_adc_register:10012] OK
[DEBUG][2022-05-02 00:03:53] [2312] - [d:\wf\3\output_files\pds_pro\fab_develop\branches\pds_2020.3\source\sw\cdt\common\cdtcommunicate.cpp:893] : Recv RPC[5] cmd [read_adc_register:10012]
[DEBUG][2022-05-02 00:03:53] [2312] - [d:\wf\3\output_files\pds_pro\fab_develop\branches\pds_2020.3\source\sw\cdt\common\cdtcommunicate.cpp:901] : Revc exec: read_adc_register start
[DEBUG][2022-05-02 00:03:53] [2312] - [d:\wf\3\output_files\pds_pro\fab_develop\branches\pds_2020.3\source\sw\cdt\common\cdtcommunicate.cpp:903] : Revc exec: read_adc_register end
[DEBUG][2022-05-02 00:03:53] [2312] - [d:\wf\3\output_files\pds_pro\fab_develop\branches\pds_2020.3\source\sw\cdt\debugger\dbgclient.cpp:381] : COMMAND[read_adc_register] execute successfully, takes 0.4 secs.
[DEBUG][2022-05-02 00:03:54] [2312] - [d:\wf\3\output_files\pds_pro\fab_develop\branches\pds_2020.3\source\sw\cdt\debugger\dbgmainwindow.cpp:1422] : Operation: Read ADC register.
[DEBUG][2022-05-02 00:03:54] [2312] - [d:\wf\3\output_files\pds_pro\fab_develop\branches\pds_2020.3\source\sw\cdt\debugger\dbgclient.cpp:75] : Send RPC: 6.
[DEBUG][2022-05-02 00:03:54] [2312] - [d:\wf\3\output_files\pds_pro\fab_develop\branches\pds_2020.3\source\sw\cdt\common\cdtcommunicate.cpp:772] : Send cmd [read_adc_register:10012] OK
[DEBUG][2022-05-02 00:03:54] [2312] - [d:\wf\3\output_files\pds_pro\fab_develop\branches\pds_2020.3\source\sw\cdt\common\cdtcommunicate.cpp:893] : Recv RPC[6] cmd [read_adc_register:10012]
[DEBUG][2022-05-02 00:03:54] [2312] - [d:\wf\3\output_files\pds_pro\fab_develop\branches\pds_2020.3\source\sw\cdt\common\cdtcommunicate.cpp:901] : Revc exec: read_adc_register start
[DEBUG][2022-05-02 00:03:54] [2312] - [d:\wf\3\output_files\pds_pro\fab_develop\branches\pds_2020.3\source\sw\cdt\common\cdtcommunicate.cpp:903] : Revc exec: read_adc_register end
[DEBUG][2022-05-02 00:03:54] [2312] - [d:\wf\3\output_files\pds_pro\fab_develop\branches\pds_2020.3\source\sw\cdt\debugger\dbgclient.cpp:381] : COMMAND[read_adc_register] execute successfully, takes 0.4 secs.
[DEBUG][2022-05-02 00:03:55] [2312] - [d:\wf\3\output_files\pds_pro\fab_develop\branches\pds_2020.3\source\sw\cdt\debugger\dbgmainwindow.cpp:1422] : Operation: Read ADC register.
[DEBUG][2022-05-02 00:03:55] [2312] - [d:\wf\3\output_files\pds_pro\fab_develop\branches\pds_2020.3\source\sw\cdt\debugger\dbgclient.cpp:75] : Send RPC: 7.
[DEBUG][2022-05-02 00:03:55] [2312] - [d:\wf\3\output_files\pds_pro\fab_develop\branches\pds_2020.3\source\sw\cdt\common\cdtcommunicate.cpp:772] : Send cmd [read_adc_register:10012] OK
[DEBUG][2022-05-02 00:03:55] [2312] - [d:\wf\3\output_files\pds_pro\fab_develop\branches\pds_2020.3\source\sw\cdt\common\cdtcommunicate.cpp:893] : Recv RPC[7] cmd [read_adc_register:10012]
[DEBUG][2022-05-02 00:03:55] [2312] - [d:\wf\3\output_files\pds_pro\fab_develop\branches\pds_2020.3\source\sw\cdt\common\cdtcommunicate.cpp:901] : Revc exec: read_adc_register start
[DEBUG][2022-05-02 00:03:55] [2312] - [d:\wf\3\output_files\pds_pro\fab_develop\branches\pds_2020.3\source\sw\cdt\common\cdtcommunicate.cpp:903] : Revc exec: read_adc_register end
[DEBUG][2022-05-02 00:03:55] [2312] - [d:\wf\3\output_files\pds_pro\fab_develop\branches\pds_2020.3\source\sw\cdt\debugger\dbgclient.cpp:381] : COMMAND[read_adc_register] execute successfully, takes 0.4 secs.
[DEBUG][2022-05-02 00:03:56] [2312] - [d:\wf\3\output_files\pds_pro\fab_develop\branches\pds_2020.3\source\sw\cdt\debugger\dbgmainwindow.cpp:1422] : Operation: Read ADC register.
[DEBUG][2022-05-02 00:03:56] [2312] - [d:\wf\3\output_files\pds_pro\fab_develop\branches\pds_2020.3\source\sw\cdt\debugger\dbgclient.cpp:75] : Send RPC: 8.
[DEBUG][2022-05-02 00:03:56] [2312] - [d:\wf\3\output_files\pds_pro\fab_develop\branches\pds_2020.3\source\sw\cdt\common\cdtcommunicate.cpp:772] : Send cmd [read_adc_register:10012] OK
[DEBUG][2022-05-02 00:03:56] [2312] - [d:\wf\3\output_files\pds_pro\fab_develop\branches\pds_2020.3\source\sw\cdt\common\cdtcommunicate.cpp:893] : Recv RPC[8] cmd [read_adc_register:10012]
[DEBUG][2022-05-02 00:03:56] [2312] - [d:\wf\3\output_files\pds_pro\fab_develop\branches\pds_2020.3\source\sw\cdt\common\cdtcommunicate.cpp:901] : Revc exec: read_adc_register start
[DEBUG][2022-05-02 00:03:56] [2312] - [d:\wf\3\output_files\pds_pro\fab_develop\branches\pds_2020.3\source\sw\cdt\common\cdtcommunicate.cpp:903] : Revc exec: read_adc_register end
[DEBUG][2022-05-02 00:03:56] [2312] - [d:\wf\3\output_files\pds_pro\fab_develop\branches\pds_2020.3\source\sw\cdt\debugger\dbgclient.cpp:381] : COMMAND[read_adc_register] execute successfully, takes 0.4 secs.
[DEBUG][2022-05-02 00:03:57] [2312] - [d:\wf\3\output_files\pds_pro\fab_develop\branches\pds_2020.3\source\sw\cdt\debugger\dbgmainwindow.cpp:1422] : Operation: Read ADC register.
[DEBUG][2022-05-02 00:03:57] [2312] - [d:\wf\3\output_files\pds_pro\fab_develop\branches\pds_2020.3\source\sw\cdt\debugger\dbgclient.cpp:75] : Send RPC: 9.
[DEBUG][2022-05-02 00:03:57] [2312] - [d:\wf\3\output_files\pds_pro\fab_develop\branches\pds_2020.3\source\sw\cdt\common\cdtcommunicate.cpp:772] : Send cmd [read_adc_register:10012] OK
[DEBUG][2022-05-02 00:03:57] [2312] - [d:\wf\3\output_files\pds_pro\fab_develop\branches\pds_2020.3\source\sw\cdt\common\cdtcommunicate.cpp:893] : Recv RPC[9] cmd [read_adc_register:10012]
[DEBUG][2022-05-02 00:03:57] [2312] - [d:\wf\3\output_files\pds_pro\fab_develop\branches\pds_2020.3\source\sw\cdt\common\cdtcommunicate.cpp:901] : Revc exec: read_adc_register start
[DEBUG][2022-05-02 00:03:57] [2312] - [d:\wf\3\output_files\pds_pro\fab_develop\branches\pds_2020.3\source\sw\cdt\common\cdtcommunicate.cpp:903] : Revc exec: read_adc_register end
[DEBUG][2022-05-02 00:03:57] [2312] - [d:\wf\3\output_files\pds_pro\fab_develop\branches\pds_2020.3\source\sw\cdt\debugger\dbgclient.cpp:381] : COMMAND[read_adc_register] execute successfully, takes 0.4 secs.
[DEBUG][2022-05-02 00:03:58] [2312] - [d:\wf\3\output_files\pds_pro\fab_develop\branches\pds_2020.3\source\sw\cdt\debugger\dbgmainwindow.cpp:1422] : Operation: Read ADC register.
[DEBUG][2022-05-02 00:03:58] [2312] - [d:\wf\3\output_files\pds_pro\fab_develop\branches\pds_2020.3\source\sw\cdt\debugger\dbgclient.cpp:75] : Send RPC: 10.
[DEBUG][2022-05-02 00:03:58] [2312] - [d:\wf\3\output_files\pds_pro\fab_develop\branches\pds_2020.3\source\sw\cdt\common\cdtcommunicate.cpp:772] : Send cmd [read_adc_register:10012] OK
[DEBUG][2022-05-02 00:03:58] [2312] - [d:\wf\3\output_files\pds_pro\fab_develop\branches\pds_2020.3\source\sw\cdt\common\cdtcommunicate.cpp:893] : Recv RPC[10] cmd [read_adc_register:10012]
[DEBUG][2022-05-02 00:03:58] [2312] - [d:\wf\3\output_files\pds_pro\fab_develop\branches\pds_2020.3\source\sw\cdt\common\cdtcommunicate.cpp:901] : Revc exec: read_adc_register start
[DEBUG][2022-05-02 00:03:58] [2312] - [d:\wf\3\output_files\pds_pro\fab_develop\branches\pds_2020.3\source\sw\cdt\common\cdtcommunicate.cpp:903] : Revc exec: read_adc_register end
[DEBUG][2022-05-02 00:03:58] [2312] - [d:\wf\3\output_files\pds_pro\fab_develop\branches\pds_2020.3\source\sw\cdt\debugger\dbgclient.cpp:381] : COMMAND[read_adc_register] execute successfully, takes 0.4 secs.
[DEBUG][2022-05-02 00:03:59] [2312] - [d:\wf\3\output_files\pds_pro\fab_develop\branches\pds_2020.3\source\sw\cdt\debugger\dbgmainwindow.cpp:1422] : Operation: Read ADC register.
[DEBUG][2022-05-02 00:03:59] [2312] - [d:\wf\3\output_files\pds_pro\fab_develop\branches\pds_2020.3\source\sw\cdt\debugger\dbgclient.cpp:75] : Send RPC: 11.
[DEBUG][2022-05-02 00:03:59] [2312] - [d:\wf\3\output_files\pds_pro\fab_develop\branches\pds_2020.3\source\sw\cdt\common\cdtcommunicate.cpp:772] : Send cmd [read_adc_register:10012] OK
[DEBUG][2022-05-02 00:03:59] [2312] - [d:\wf\3\output_files\pds_pro\fab_develop\branches\pds_2020.3\source\sw\cdt\common\cdtcommunicate.cpp:893] : Recv RPC[11] cmd [read_adc_register:10012]
[DEBUG][2022-05-02 00:03:59] [2312] - [d:\wf\3\output_files\pds_pro\fab_develop\branches\pds_2020.3\source\sw\cdt\common\cdtcommunicate.cpp:901] : Revc exec: read_adc_register start
[DEBUG][2022-05-02 00:03:59] [2312] - [d:\wf\3\output_files\pds_pro\fab_develop\branches\pds_2020.3\source\sw\cdt\common\cdtcommunicate.cpp:903] : Revc exec: read_adc_register end
[DEBUG][2022-05-02 00:03:59] [2312] - [d:\wf\3\output_files\pds_pro\fab_develop\branches\pds_2020.3\source\sw\cdt\debugger\dbgclient.cpp:381] : COMMAND[read_adc_register] execute successfully, takes 0.4 secs.
[DEBUG][2022-05-02 00:04:00] [2312] - [d:\wf\3\output_files\pds_pro\fab_develop\branches\pds_2020.3\source\sw\cdt\debugger\dbgmainwindow.cpp:1422] : Operation: Read ADC register.
[DEBUG][2022-05-02 00:04:00] [2312] - [d:\wf\3\output_files\pds_pro\fab_develop\branches\pds_2020.3\source\sw\cdt\debugger\dbgclient.cpp:75] : Send RPC: 12.
[DEBUG][2022-05-02 00:04:00] [2312] - [d:\wf\3\output_files\pds_pro\fab_develop\branches\pds_2020.3\source\sw\cdt\common\cdtcommunicate.cpp:772] : Send cmd [read_adc_register:10012] OK
[DEBUG][2022-05-02 00:04:00] [2312] - [d:\wf\3\output_files\pds_pro\fab_develop\branches\pds_2020.3\source\sw\cdt\common\cdtcommunicate.cpp:893] : Recv RPC[12] cmd [read_adc_register:10012]
[DEBUG][2022-05-02 00:04:00] [2312] - [d:\wf\3\output_files\pds_pro\fab_develop\branches\pds_2020.3\source\sw\cdt\common\cdtcommunicate.cpp:901] : Revc exec: read_adc_register start
[DEBUG][2022-05-02 00:04:00] [2312] - [d:\wf\3\output_files\pds_pro\fab_develop\branches\pds_2020.3\source\sw\cdt\common\cdtcommunicate.cpp:903] : Revc exec: read_adc_register end
[DEBUG][2022-05-02 00:04:00] [2312] - [d:\wf\3\output_files\pds_pro\fab_develop\branches\pds_2020.3\source\sw\cdt\debugger\dbgclient.cpp:381] : COMMAND[read_adc_register] execute successfully, takes 0.4 secs.
[DEBUG][2022-05-02 00:04:01] [2312] - [d:\wf\3\output_files\pds_pro\fab_develop\branches\pds_2020.3\source\sw\cdt\debugger\dbgmainwindow.cpp:1422] : Operation: Read ADC register.
[DEBUG][2022-05-02 00:04:01] [2312] - [d:\wf\3\output_files\pds_pro\fab_develop\branches\pds_2020.3\source\sw\cdt\debugger\dbgclient.cpp:75] : Send RPC: 13.
[DEBUG][2022-05-02 00:04:01] [2312] - [d:\wf\3\output_files\pds_pro\fab_develop\branches\pds_2020.3\source\sw\cdt\common\cdtcommunicate.cpp:772] : Send cmd [read_adc_register:10012] OK
[DEBUG][2022-05-02 00:04:01] [2312] - [d:\wf\3\output_files\pds_pro\fab_develop\branches\pds_2020.3\source\sw\cdt\common\cdtcommunicate.cpp:893] : Recv RPC[13] cmd [read_adc_register:10012]
[DEBUG][2022-05-02 00:04:01] [2312] - [d:\wf\3\output_files\pds_pro\fab_develop\branches\pds_2020.3\source\sw\cdt\common\cdtcommunicate.cpp:901] : Revc exec: read_adc_register start
[DEBUG][2022-05-02 00:04:01] [2312] - [d:\wf\3\output_files\pds_pro\fab_develop\branches\pds_2020.3\source\sw\cdt\common\cdtcommunicate.cpp:903] : Revc exec: read_adc_register end
[DEBUG][2022-05-02 00:04:01] [2312] - [d:\wf\3\output_files\pds_pro\fab_develop\branches\pds_2020.3\source\sw\cdt\debugger\dbgclient.cpp:381] : COMMAND[read_adc_register] execute successfully, takes 0.4 secs.
[DEBUG][2022-05-02 00:04:02] [2312] - [d:\wf\3\output_files\pds_pro\fab_develop\branches\pds_2020.3\source\sw\cdt\debugger\dbgmainwindow.cpp:1422] : Operation: Read ADC register.
[DEBUG][2022-05-02 00:04:02] [2312] - [d:\wf\3\output_files\pds_pro\fab_develop\branches\pds_2020.3\source\sw\cdt\debugger\dbgclient.cpp:75] : Send RPC: 14.
[DEBUG][2022-05-02 00:04:02] [2312] - [d:\wf\3\output_files\pds_pro\fab_develop\branches\pds_2020.3\source\sw\cdt\common\cdtcommunicate.cpp:772] : Send cmd [read_adc_register:10012] OK
[DEBUG][2022-05-02 00:04:02] [2312] - [d:\wf\3\output_files\pds_pro\fab_develop\branches\pds_2020.3\source\sw\cdt\common\cdtcommunicate.cpp:893] : Recv RPC[14] cmd [read_adc_register:10012]
[DEBUG][2022-05-02 00:04:02] [2312] - [d:\wf\3\output_files\pds_pro\fab_develop\branches\pds_2020.3\source\sw\cdt\common\cdtcommunicate.cpp:901] : Revc exec: read_adc_register start
[DEBUG][2022-05-02 00:04:02] [2312] - [d:\wf\3\output_files\pds_pro\fab_develop\branches\pds_2020.3\source\sw\cdt\common\cdtcommunicate.cpp:903] : Revc exec: read_adc_register end
[DEBUG][2022-05-02 00:04:02] [2312] - [d:\wf\3\output_files\pds_pro\fab_develop\branches\pds_2020.3\source\sw\cdt\debugger\dbgclient.cpp:381] : COMMAND[read_adc_register] execute successfully, takes 0.4 secs.
[DEBUG][2022-05-02 00:04:12] [2312] - [d:\wf\3\output_files\pds_pro\fab_develop\branches\pds_2020.3\source\sw\cdt\debugger\dbgmainwindow.cpp:1976] : Operation: Try to close window.
[DEBUG][2022-05-02 00:04:13] [2312] - [d:\wf\3\output_files\pds_pro\fab_develop\branches\pds_2020.3\source\sw\cdt\debugger\main.cpp:154] : /*************************** 2022-05-02 00:04:13  End ***************************/
[DEBUG][2022-05-10 11:37:01] [13876] - [d:\wf\3\output_files\pds_pro\fab_develop\branches\pds_2020.3\source\sw\cdt\debugger\main.cpp:105] : /*************************** 2022-05-10 11:37:01  Start ***************************/
[DEBUG][2022-05-10 11:37:01] [13876] - [d:\wf\3\output_files\pds_pro\fab_develop\branches\pds_2020.3\source\sw\cdt\debugger\main.cpp:106] : Path: D:/pango/PDS_2020.3/bin
[DEBUG][2022-05-10 11:37:01] [13876] - [d:\wf\3\output_files\pds_pro\fab_develop\branches\pds_2020.3\source\sw\cdt\debugger\main.cpp:107] : #Generated by Fabric Debugger (version 2020.3 build 62942) at Tue May 10 11:37:01 2022


[DEBUG][2022-05-10 11:37:02] [13876] - [d:\wf\3\output_files\pds_pro\fab_develop\branches\pds_2020.3\source\sw\cdt\debugger\main.cpp:134] : Main window show.
[DEBUG][2022-05-10 11:37:05] [13876] - [d:\wf\3\output_files\pds_pro\fab_develop\branches\pds_2020.3\source\sw\cdt\debugger\dbgmainwindow.cpp:1976] : Operation: Try to close window.
[DEBUG][2022-05-10 11:37:05] [13876] - [d:\wf\3\output_files\pds_pro\fab_develop\branches\pds_2020.3\source\sw\cdt\debugger\main.cpp:154] : /*************************** 2022-05-10 11:37:05  End ***************************/
