#Build: Fabric Compiler 2020.3, Build 62942, Sep 29 13:34 2020
#Install: D:\pango\PDS_2020.3\bin
#Application name: pds_shell.exe
#OS: Windows 10 10.0.18363
#Hostname: DESKTOP-FPVEJ74
Generated by Fabric Compiler (version 2020.3 build 62942) at Wed May 11 14:51:12 2022
Compiling verification operator library.
Compiling common defs.
Compiling prim grid devices.
Compiling gate devices.
Compiling gate operators.
Building architecture model.
Loading device packaging model 'MBG324'.
I: Parameter configuration file F:/pds_project/ConvKing/testparam.txt cannot open.
Starting placement and routing flow. (CPU time elapsed 0h:00m:00s)
Reading design from devmap DB.
Building architecture floorplan logic view.
Executing : apply_constraint -f F:/pds_project/ConvKing/device_map/top.pcf
Executing : def_port cmos_scl -LOC J14 -IOSTANDARD LVCMOS33 -VCCIO 3.3 -HYS_DRIVE_MODE NOHYS -BUS_KEEPER PULLUP -DRIVE 4 -SLEW FAST
Executing : def_port cmos_scl -LOC J14 -IOSTANDARD LVCMOS33 -VCCIO 3.3 -HYS_DRIVE_MODE NOHYS -BUS_KEEPER PULLUP -DRIVE 4 -SLEW FAST successfully.
Executing : def_port cmos_sda -LOC J15 -IOSTANDARD LVCMOS33 -VCCIO 3.3 -HYS_DRIVE_MODE NOHYS -BUS_KEEPER PULLUP -DRIVE 4 -SLEW FAST
Executing : def_port cmos_sda -LOC J15 -IOSTANDARD LVCMOS33 -VCCIO 3.3 -HYS_DRIVE_MODE NOHYS -BUS_KEEPER PULLUP -DRIVE 4 -SLEW FAST successfully.
Executing : def_port {pad_dq_ch0[0]} -LOC T8 -IOSTANDARD SSTL15_I -VCCIO 1.5 -BUS_KEEPER UNUSED -VREF_MODE IN -VREF_MODE_VALUE 0.5 -DDR_TERM_MODE ON -DRIVE 7.5 -SLEW FAST
Executing : def_port {pad_dq_ch0[0]} -LOC T8 -IOSTANDARD SSTL15_I -VCCIO 1.5 -BUS_KEEPER UNUSED -VREF_MODE IN -VREF_MODE_VALUE 0.5 -DDR_TERM_MODE ON -DRIVE 7.5 -SLEW FAST successfully.
Executing : def_port {pad_dq_ch0[1]} -LOC T6 -IOSTANDARD SSTL15_I -VCCIO 1.5 -BUS_KEEPER UNUSED -VREF_MODE IN -VREF_MODE_VALUE 0.5 -DDR_TERM_MODE ON -DRIVE 7.5 -SLEW FAST
Executing : def_port {pad_dq_ch0[1]} -LOC T6 -IOSTANDARD SSTL15_I -VCCIO 1.5 -BUS_KEEPER UNUSED -VREF_MODE IN -VREF_MODE_VALUE 0.5 -DDR_TERM_MODE ON -DRIVE 7.5 -SLEW FAST successfully.
Executing : def_port {pad_dq_ch0[2]} -LOC R6 -IOSTANDARD SSTL15_I -VCCIO 1.5 -BUS_KEEPER UNUSED -VREF_MODE IN -VREF_MODE_VALUE 0.5 -DDR_TERM_MODE ON -DRIVE 7.5 -SLEW FAST
Executing : def_port {pad_dq_ch0[2]} -LOC R6 -IOSTANDARD SSTL15_I -VCCIO 1.5 -BUS_KEEPER UNUSED -VREF_MODE IN -VREF_MODE_VALUE 0.5 -DDR_TERM_MODE ON -DRIVE 7.5 -SLEW FAST successfully.
Executing : def_port {pad_dq_ch0[3]} -LOC R9 -IOSTANDARD SSTL15_I -VCCIO 1.5 -BUS_KEEPER UNUSED -VREF_MODE IN -VREF_MODE_VALUE 0.5 -DDR_TERM_MODE ON -DRIVE 7.5 -SLEW FAST
Executing : def_port {pad_dq_ch0[3]} -LOC R9 -IOSTANDARD SSTL15_I -VCCIO 1.5 -BUS_KEEPER UNUSED -VREF_MODE IN -VREF_MODE_VALUE 0.5 -DDR_TERM_MODE ON -DRIVE 7.5 -SLEW FAST successfully.
Executing : def_port {pad_dq_ch0[4]} -LOC T9 -IOSTANDARD SSTL15_I -VCCIO 1.5 -BUS_KEEPER UNUSED -VREF_MODE IN -VREF_MODE_VALUE 0.5 -DDR_TERM_MODE ON -DRIVE 7.5 -SLEW FAST
Executing : def_port {pad_dq_ch0[4]} -LOC T9 -IOSTANDARD SSTL15_I -VCCIO 1.5 -BUS_KEEPER UNUSED -VREF_MODE IN -VREF_MODE_VALUE 0.5 -DDR_TERM_MODE ON -DRIVE 7.5 -SLEW FAST successfully.
Executing : def_port {pad_dq_ch0[5]} -LOC N4 -IOSTANDARD SSTL15_I -VCCIO 1.5 -BUS_KEEPER UNUSED -VREF_MODE IN -VREF_MODE_VALUE 0.5 -DDR_TERM_MODE ON -DRIVE 7.5 -SLEW FAST
Executing : def_port {pad_dq_ch0[5]} -LOC N4 -IOSTANDARD SSTL15_I -VCCIO 1.5 -BUS_KEEPER UNUSED -VREF_MODE IN -VREF_MODE_VALUE 0.5 -DDR_TERM_MODE ON -DRIVE 7.5 -SLEW FAST successfully.
Executing : def_port {pad_dq_ch0[6]} -LOC N5 -IOSTANDARD SSTL15_I -VCCIO 1.5 -BUS_KEEPER UNUSED -VREF_MODE IN -VREF_MODE_VALUE 0.5 -DDR_TERM_MODE ON -DRIVE 7.5 -SLEW FAST
Executing : def_port {pad_dq_ch0[6]} -LOC N5 -IOSTANDARD SSTL15_I -VCCIO 1.5 -BUS_KEEPER UNUSED -VREF_MODE IN -VREF_MODE_VALUE 0.5 -DDR_TERM_MODE ON -DRIVE 7.5 -SLEW FAST successfully.
Executing : def_port {pad_dq_ch0[7]} -LOC P6 -IOSTANDARD SSTL15_I -VCCIO 1.5 -BUS_KEEPER UNUSED -VREF_MODE IN -VREF_MODE_VALUE 0.5 -DDR_TERM_MODE ON -DRIVE 7.5 -SLEW FAST
Executing : def_port {pad_dq_ch0[7]} -LOC P6 -IOSTANDARD SSTL15_I -VCCIO 1.5 -BUS_KEEPER UNUSED -VREF_MODE IN -VREF_MODE_VALUE 0.5 -DDR_TERM_MODE ON -DRIVE 7.5 -SLEW FAST successfully.
Executing : def_port {pad_dq_ch0[8]} -LOC T4 -IOSTANDARD SSTL15_I -VCCIO 1.5 -BUS_KEEPER UNUSED -VREF_MODE IN -VREF_MODE_VALUE 0.5 -DDR_TERM_MODE ON -DRIVE 7.5 -SLEW FAST
Executing : def_port {pad_dq_ch0[8]} -LOC T4 -IOSTANDARD SSTL15_I -VCCIO 1.5 -BUS_KEEPER UNUSED -VREF_MODE IN -VREF_MODE_VALUE 0.5 -DDR_TERM_MODE ON -DRIVE 7.5 -SLEW FAST successfully.
Executing : def_port {pad_dq_ch0[9]} -LOC V9 -IOSTANDARD SSTL15_I -VCCIO 1.5 -BUS_KEEPER UNUSED -VREF_MODE IN -VREF_MODE_VALUE 0.5 -DDR_TERM_MODE ON -DRIVE 7.5 -SLEW FAST
Executing : def_port {pad_dq_ch0[9]} -LOC V9 -IOSTANDARD SSTL15_I -VCCIO 1.5 -BUS_KEEPER UNUSED -VREF_MODE IN -VREF_MODE_VALUE 0.5 -DDR_TERM_MODE ON -DRIVE 7.5 -SLEW FAST successfully.
Executing : def_port {pad_dq_ch0[10]} -LOC U9 -IOSTANDARD SSTL15_I -VCCIO 1.5 -BUS_KEEPER UNUSED -VREF_MODE IN -VREF_MODE_VALUE 0.5 -DDR_TERM_MODE ON -DRIVE 7.5 -SLEW FAST
Executing : def_port {pad_dq_ch0[10]} -LOC U9 -IOSTANDARD SSTL15_I -VCCIO 1.5 -BUS_KEEPER UNUSED -VREF_MODE IN -VREF_MODE_VALUE 0.5 -DDR_TERM_MODE ON -DRIVE 7.5 -SLEW FAST successfully.
Executing : def_port {pad_dq_ch0[11]} -LOC V7 -IOSTANDARD SSTL15_I -VCCIO 1.5 -BUS_KEEPER UNUSED -VREF_MODE IN -VREF_MODE_VALUE 0.5 -DDR_TERM_MODE ON -DRIVE 7.5 -SLEW FAST
Executing : def_port {pad_dq_ch0[11]} -LOC V7 -IOSTANDARD SSTL15_I -VCCIO 1.5 -BUS_KEEPER UNUSED -VREF_MODE IN -VREF_MODE_VALUE 0.5 -DDR_TERM_MODE ON -DRIVE 7.5 -SLEW FAST successfully.
Executing : def_port {pad_dq_ch0[12]} -LOC U7 -IOSTANDARD SSTL15_I -VCCIO 1.5 -BUS_KEEPER UNUSED -VREF_MODE IN -VREF_MODE_VALUE 0.5 -DDR_TERM_MODE ON -DRIVE 7.5 -SLEW FAST
Executing : def_port {pad_dq_ch0[12]} -LOC U7 -IOSTANDARD SSTL15_I -VCCIO 1.5 -BUS_KEEPER UNUSED -VREF_MODE IN -VREF_MODE_VALUE 0.5 -DDR_TERM_MODE ON -DRIVE 7.5 -SLEW FAST successfully.
Executing : def_port {pad_dq_ch0[13]} -LOC V6 -IOSTANDARD SSTL15_I -VCCIO 1.5 -BUS_KEEPER UNUSED -VREF_MODE IN -VREF_MODE_VALUE 0.5 -DDR_TERM_MODE ON -DRIVE 7.5 -SLEW FAST
Executing : def_port {pad_dq_ch0[13]} -LOC V6 -IOSTANDARD SSTL15_I -VCCIO 1.5 -BUS_KEEPER UNUSED -VREF_MODE IN -VREF_MODE_VALUE 0.5 -DDR_TERM_MODE ON -DRIVE 7.5 -SLEW FAST successfully.
Executing : def_port {pad_dq_ch0[14]} -LOC U6 -IOSTANDARD SSTL15_I -VCCIO 1.5 -BUS_KEEPER UNUSED -VREF_MODE IN -VREF_MODE_VALUE 0.5 -DDR_TERM_MODE ON -DRIVE 7.5 -SLEW FAST
Executing : def_port {pad_dq_ch0[14]} -LOC U6 -IOSTANDARD SSTL15_I -VCCIO 1.5 -BUS_KEEPER UNUSED -VREF_MODE IN -VREF_MODE_VALUE 0.5 -DDR_TERM_MODE ON -DRIVE 7.5 -SLEW FAST successfully.
Executing : def_port {pad_dq_ch0[15]} -LOC V5 -IOSTANDARD SSTL15_I -VCCIO 1.5 -BUS_KEEPER UNUSED -VREF_MODE IN -VREF_MODE_VALUE 0.5 -DDR_TERM_MODE ON -DRIVE 7.5 -SLEW FAST
Executing : def_port {pad_dq_ch0[15]} -LOC V5 -IOSTANDARD SSTL15_I -VCCIO 1.5 -BUS_KEEPER UNUSED -VREF_MODE IN -VREF_MODE_VALUE 0.5 -DDR_TERM_MODE ON -DRIVE 7.5 -SLEW FAST successfully.
Executing : def_port {pad_dqs_ch0[0]} -LOC N6 -IOSTANDARD SSTL15D_I -VCCIO 1.5 -BUS_KEEPER UNUSED -DDR_TERM_MODE ON -DRIVE 7.5 -SLEW FAST
Executing : def_port {pad_dqs_ch0[0]} -LOC N6 -IOSTANDARD SSTL15D_I -VCCIO 1.5 -BUS_KEEPER UNUSED -DDR_TERM_MODE ON -DRIVE 7.5 -SLEW FAST successfully.
Executing : def_port {pad_dqs_ch0[1]} -LOC U8 -IOSTANDARD SSTL15D_I -VCCIO 1.5 -BUS_KEEPER UNUSED -DDR_TERM_MODE ON -DRIVE 7.5 -SLEW FAST
Executing : def_port {pad_dqs_ch0[1]} -LOC U8 -IOSTANDARD SSTL15D_I -VCCIO 1.5 -BUS_KEEPER UNUSED -DDR_TERM_MODE ON -DRIVE 7.5 -SLEW FAST successfully.
Executing : def_port {pad_dqsn_ch0[0]} -LOC N7 -IOSTANDARD SSTL15D_I -VCCIO 1.5 -BUS_KEEPER UNUSED -DDR_TERM_MODE ON -DRIVE 7.5 -SLEW FAST
Executing : def_port {pad_dqsn_ch0[0]} -LOC N7 -IOSTANDARD SSTL15D_I -VCCIO 1.5 -BUS_KEEPER UNUSED -DDR_TERM_MODE ON -DRIVE 7.5 -SLEW FAST successfully.
Executing : def_port {pad_dqsn_ch0[1]} -LOC V8 -IOSTANDARD SSTL15D_I -VCCIO 1.5 -BUS_KEEPER UNUSED -DDR_TERM_MODE ON -DRIVE 7.5 -SLEW FAST
Executing : def_port {pad_dqsn_ch0[1]} -LOC V8 -IOSTANDARD SSTL15D_I -VCCIO 1.5 -BUS_KEEPER UNUSED -DDR_TERM_MODE ON -DRIVE 7.5 -SLEW FAST successfully.
Executing : def_port cmos_xclk -LOC H13 -IOSTANDARD LVCMOS33 -VCCIO 3.3 -BUS_KEEPER PULLUP -DRIVE 4 -SLEW FAST -OPEN_DRAIN OFF
Executing : def_port cmos_xclk -LOC H13 -IOSTANDARD LVCMOS33 -VCCIO 3.3 -BUS_KEEPER PULLUP -DRIVE 4 -SLEW FAST -OPEN_DRAIN OFF successfully.
Executing : def_port {led_out[0]} -LOC U10 -IOSTANDARD LVCMOS33 -VCCIO 3.3 -BUS_KEEPER PULLUP -DRIVE 4 -SLEW FAST -OPEN_DRAIN OFF
Executing : def_port {led_out[0]} -LOC U10 -IOSTANDARD LVCMOS33 -VCCIO 3.3 -BUS_KEEPER PULLUP -DRIVE 4 -SLEW FAST -OPEN_DRAIN OFF successfully.
Executing : def_port {led_out[1]} -LOC V10 -IOSTANDARD LVCMOS33 -VCCIO 3.3 -BUS_KEEPER PULLUP -DRIVE 4 -SLEW FAST -OPEN_DRAIN OFF
Executing : def_port {led_out[1]} -LOC V10 -IOSTANDARD LVCMOS33 -VCCIO 3.3 -BUS_KEEPER PULLUP -DRIVE 4 -SLEW FAST -OPEN_DRAIN OFF successfully.
Executing : def_port {led_out[2]} -LOC U11 -IOSTANDARD LVCMOS33 -VCCIO 3.3 -BUS_KEEPER PULLUP -DRIVE 4 -SLEW FAST -OPEN_DRAIN OFF
Executing : def_port {led_out[2]} -LOC U11 -IOSTANDARD LVCMOS33 -VCCIO 3.3 -BUS_KEEPER PULLUP -DRIVE 4 -SLEW FAST -OPEN_DRAIN OFF successfully.
Executing : def_port led_t -LOC V11 -IOSTANDARD LVCMOS33 -VCCIO 3.3 -BUS_KEEPER PULLUP -DRIVE 4 -SLEW FAST -OPEN_DRAIN OFF
Executing : def_port led_t -LOC V11 -IOSTANDARD LVCMOS33 -VCCIO 3.3 -BUS_KEEPER PULLUP -DRIVE 4 -SLEW FAST -OPEN_DRAIN OFF successfully.
Executing : def_port {pad_addr_ch0[0]} -LOC M4 -IOSTANDARD SSTL15_I -VCCIO 1.5 -BUS_KEEPER UNUSED -DRIVE 7.5 -SLEW FAST
Executing : def_port {pad_addr_ch0[0]} -LOC M4 -IOSTANDARD SSTL15_I -VCCIO 1.5 -BUS_KEEPER UNUSED -DRIVE 7.5 -SLEW FAST successfully.
Executing : def_port {pad_addr_ch0[1]} -LOC M3 -IOSTANDARD SSTL15_I -VCCIO 1.5 -BUS_KEEPER UNUSED -DRIVE 7.5 -SLEW FAST
Executing : def_port {pad_addr_ch0[1]} -LOC M3 -IOSTANDARD SSTL15_I -VCCIO 1.5 -BUS_KEEPER UNUSED -DRIVE 7.5 -SLEW FAST successfully.
Executing : def_port {pad_addr_ch0[2]} -LOC P2 -IOSTANDARD SSTL15_I -VCCIO 1.5 -BUS_KEEPER UNUSED -DRIVE 7.5 -SLEW FAST
Executing : def_port {pad_addr_ch0[2]} -LOC P2 -IOSTANDARD SSTL15_I -VCCIO 1.5 -BUS_KEEPER UNUSED -DRIVE 7.5 -SLEW FAST successfully.
Executing : def_port {pad_addr_ch0[3]} -LOC P1 -IOSTANDARD SSTL15_I -VCCIO 1.5 -BUS_KEEPER UNUSED -DRIVE 7.5 -SLEW FAST
Executing : def_port {pad_addr_ch0[3]} -LOC P1 -IOSTANDARD SSTL15_I -VCCIO 1.5 -BUS_KEEPER UNUSED -DRIVE 7.5 -SLEW FAST successfully.
Executing : def_port {pad_addr_ch0[4]} -LOC L5 -IOSTANDARD SSTL15_I -VCCIO 1.5 -BUS_KEEPER UNUSED -DRIVE 7.5 -SLEW FAST
Executing : def_port {pad_addr_ch0[4]} -LOC L5 -IOSTANDARD SSTL15_I -VCCIO 1.5 -BUS_KEEPER UNUSED -DRIVE 7.5 -SLEW FAST successfully.
Executing : def_port {pad_addr_ch0[5]} -LOC M5 -IOSTANDARD SSTL15_I -VCCIO 1.5 -BUS_KEEPER UNUSED -DRIVE 7.5 -SLEW FAST
Executing : def_port {pad_addr_ch0[5]} -LOC M5 -IOSTANDARD SSTL15_I -VCCIO 1.5 -BUS_KEEPER UNUSED -DRIVE 7.5 -SLEW FAST successfully.
Executing : def_port {pad_addr_ch0[6]} -LOC N2 -IOSTANDARD SSTL15_I -VCCIO 1.5 -BUS_KEEPER UNUSED -DRIVE 7.5 -SLEW FAST
Executing : def_port {pad_addr_ch0[6]} -LOC N2 -IOSTANDARD SSTL15_I -VCCIO 1.5 -BUS_KEEPER UNUSED -DRIVE 7.5 -SLEW FAST successfully.
Executing : def_port {pad_addr_ch0[7]} -LOC N1 -IOSTANDARD SSTL15_I -VCCIO 1.5 -BUS_KEEPER UNUSED -DRIVE 7.5 -SLEW FAST
Executing : def_port {pad_addr_ch0[7]} -LOC N1 -IOSTANDARD SSTL15_I -VCCIO 1.5 -BUS_KEEPER UNUSED -DRIVE 7.5 -SLEW FAST successfully.
Executing : def_port {pad_addr_ch0[8]} -LOC K4 -IOSTANDARD SSTL15_I -VCCIO 1.5 -BUS_KEEPER UNUSED -DRIVE 7.5 -SLEW FAST
Executing : def_port {pad_addr_ch0[8]} -LOC K4 -IOSTANDARD SSTL15_I -VCCIO 1.5 -BUS_KEEPER UNUSED -DRIVE 7.5 -SLEW FAST successfully.
Executing : def_port {pad_addr_ch0[9]} -LOC M1 -IOSTANDARD SSTL15_I -VCCIO 1.5 -BUS_KEEPER UNUSED -DRIVE 7.5 -SLEW FAST
Executing : def_port {pad_addr_ch0[9]} -LOC M1 -IOSTANDARD SSTL15_I -VCCIO 1.5 -BUS_KEEPER UNUSED -DRIVE 7.5 -SLEW FAST successfully.
Executing : def_port {pad_addr_ch0[10]} -LOC M6 -IOSTANDARD SSTL15_I -VCCIO 1.5 -BUS_KEEPER UNUSED -DRIVE 7.5 -SLEW FAST
Executing : def_port {pad_addr_ch0[10]} -LOC M6 -IOSTANDARD SSTL15_I -VCCIO 1.5 -BUS_KEEPER UNUSED -DRIVE 7.5 -SLEW FAST successfully.
Executing : def_port {pad_addr_ch0[11]} -LOC L1 -IOSTANDARD SSTL15_I -VCCIO 1.5 -BUS_KEEPER UNUSED -DRIVE 7.5 -SLEW FAST
Executing : def_port {pad_addr_ch0[11]} -LOC L1 -IOSTANDARD SSTL15_I -VCCIO 1.5 -BUS_KEEPER UNUSED -DRIVE 7.5 -SLEW FAST successfully.
Executing : def_port {pad_addr_ch0[12]} -LOC K2 -IOSTANDARD SSTL15_I -VCCIO 1.5 -BUS_KEEPER UNUSED -DRIVE 7.5 -SLEW FAST
Executing : def_port {pad_addr_ch0[12]} -LOC K2 -IOSTANDARD SSTL15_I -VCCIO 1.5 -BUS_KEEPER UNUSED -DRIVE 7.5 -SLEW FAST successfully.
Executing : def_port {pad_addr_ch0[13]} -LOC K1 -IOSTANDARD SSTL15_I -VCCIO 1.5 -BUS_KEEPER UNUSED -DRIVE 7.5 -SLEW FAST
Executing : def_port {pad_addr_ch0[13]} -LOC K1 -IOSTANDARD SSTL15_I -VCCIO 1.5 -BUS_KEEPER UNUSED -DRIVE 7.5 -SLEW FAST successfully.
Executing : def_port {pad_addr_ch0[14]} -LOC J2 -IOSTANDARD SSTL15_I -VCCIO 1.5 -BUS_KEEPER UNUSED -DRIVE 7.5 -SLEW FAST
Executing : def_port {pad_addr_ch0[14]} -LOC J2 -IOSTANDARD SSTL15_I -VCCIO 1.5 -BUS_KEEPER UNUSED -DRIVE 7.5 -SLEW FAST successfully.
Executing : def_port {pad_addr_ch0[15]} -LOC J1 -IOSTANDARD SSTL15_I -VCCIO 1.5 -BUS_KEEPER UNUSED -DRIVE 7.5 -SLEW FAST
Executing : def_port {pad_addr_ch0[15]} -LOC J1 -IOSTANDARD SSTL15_I -VCCIO 1.5 -BUS_KEEPER UNUSED -DRIVE 7.5 -SLEW FAST successfully.
Executing : def_port {pad_ba_ch0[0]} -LOC U2 -IOSTANDARD SSTL15_I -VCCIO 1.5 -BUS_KEEPER UNUSED -DRIVE 7.5 -SLEW FAST
Executing : def_port {pad_ba_ch0[0]} -LOC U2 -IOSTANDARD SSTL15_I -VCCIO 1.5 -BUS_KEEPER UNUSED -DRIVE 7.5 -SLEW FAST successfully.
Executing : def_port {pad_ba_ch0[1]} -LOC U1 -IOSTANDARD SSTL15_I -VCCIO 1.5 -BUS_KEEPER UNUSED -DRIVE 7.5 -SLEW FAST
Executing : def_port {pad_ba_ch0[1]} -LOC U1 -IOSTANDARD SSTL15_I -VCCIO 1.5 -BUS_KEEPER UNUSED -DRIVE 7.5 -SLEW FAST successfully.
Executing : def_port {pad_ba_ch0[2]} -LOC T2 -IOSTANDARD SSTL15_I -VCCIO 1.5 -BUS_KEEPER UNUSED -DRIVE 7.5 -SLEW FAST
Executing : def_port {pad_ba_ch0[2]} -LOC T2 -IOSTANDARD SSTL15_I -VCCIO 1.5 -BUS_KEEPER UNUSED -DRIVE 7.5 -SLEW FAST successfully.
Executing : def_port pad_casn_ch0 -LOC T1 -IOSTANDARD SSTL15_I -VCCIO 1.5 -BUS_KEEPER UNUSED -DRIVE 7.5 -SLEW FAST
Executing : def_port pad_casn_ch0 -LOC T1 -IOSTANDARD SSTL15_I -VCCIO 1.5 -BUS_KEEPER UNUSED -DRIVE 7.5 -SLEW FAST successfully.
Executing : def_port pad_cke_ch0 -LOC L4 -IOSTANDARD SSTL15_I -VCCIO 1.5 -BUS_KEEPER UNUSED -DRIVE 7.5 -SLEW FAST
Executing : def_port pad_cke_ch0 -LOC L4 -IOSTANDARD SSTL15_I -VCCIO 1.5 -BUS_KEEPER UNUSED -DRIVE 7.5 -SLEW FAST successfully.
Executing : def_port pad_csn_ch0 -LOC R1 -IOSTANDARD SSTL15_I -VCCIO 1.5 -BUS_KEEPER UNUSED -DRIVE 7.5 -SLEW FAST
Executing : def_port pad_csn_ch0 -LOC R1 -IOSTANDARD SSTL15_I -VCCIO 1.5 -BUS_KEEPER UNUSED -DRIVE 7.5 -SLEW FAST successfully.
Executing : def_port pad_ddr_clk_w -LOC U3 -IOSTANDARD SSTL15D_I -VCCIO 1.5 -BUS_KEEPER UNUSED -DRIVE 7.5 -SLEW FAST
Executing : def_port pad_ddr_clk_w -LOC U3 -IOSTANDARD SSTL15D_I -VCCIO 1.5 -BUS_KEEPER UNUSED -DRIVE 7.5 -SLEW FAST successfully.
Executing : def_port pad_ddr_clkn_w -LOC V3 -IOSTANDARD SSTL15D_I -VCCIO 1.5 -BUS_KEEPER UNUSED -DRIVE 7.5 -SLEW FAST
Executing : def_port pad_ddr_clkn_w -LOC V3 -IOSTANDARD SSTL15D_I -VCCIO 1.5 -BUS_KEEPER UNUSED -DRIVE 7.5 -SLEW FAST successfully.
Executing : def_port {pad_dm_rdqs_ch0[0]} -LOC R8 -IOSTANDARD SSTL15_I -VCCIO 1.5 -BUS_KEEPER UNUSED -DRIVE 7.5 -SLEW FAST
Executing : def_port {pad_dm_rdqs_ch0[0]} -LOC R8 -IOSTANDARD SSTL15_I -VCCIO 1.5 -BUS_KEEPER UNUSED -DRIVE 7.5 -SLEW FAST successfully.
Executing : def_port {pad_dm_rdqs_ch0[1]} -LOC U5 -IOSTANDARD SSTL15_I -VCCIO 1.5 -BUS_KEEPER UNUSED -DRIVE 7.5 -SLEW FAST
Executing : def_port {pad_dm_rdqs_ch0[1]} -LOC U5 -IOSTANDARD SSTL15_I -VCCIO 1.5 -BUS_KEEPER UNUSED -DRIVE 7.5 -SLEW FAST successfully.
Executing : def_port pad_loop_out -LOC P8 -IOSTANDARD SSTL15_I -VCCIO 1.5 -BUS_KEEPER UNUSED -DRIVE 7.5 -SLEW FAST
Executing : def_port pad_loop_out -LOC P8 -IOSTANDARD SSTL15_I -VCCIO 1.5 -BUS_KEEPER UNUSED -DRIVE 7.5 -SLEW FAST successfully.
Executing : def_port pad_loop_out_h -LOC U4 -IOSTANDARD SSTL15_I -VCCIO 1.5 -BUS_KEEPER UNUSED -DRIVE 7.5 -SLEW FAST
Executing : def_port pad_loop_out_h -LOC U4 -IOSTANDARD SSTL15_I -VCCIO 1.5 -BUS_KEEPER UNUSED -DRIVE 7.5 -SLEW FAST successfully.
Executing : def_port pad_odt_ch0 -LOC V2 -IOSTANDARD SSTL15_I -VCCIO 1.5 -BUS_KEEPER UNUSED -DRIVE 7.5 -SLEW FAST
Executing : def_port pad_odt_ch0 -LOC V2 -IOSTANDARD SSTL15_I -VCCIO 1.5 -BUS_KEEPER UNUSED -DRIVE 7.5 -SLEW FAST successfully.
Executing : def_port pad_rasn_ch0 -LOC R2 -IOSTANDARD SSTL15_I -VCCIO 1.5 -BUS_KEEPER UNUSED -DRIVE 7.5 -SLEW FAST
Executing : def_port pad_rasn_ch0 -LOC R2 -IOSTANDARD SSTL15_I -VCCIO 1.5 -BUS_KEEPER UNUSED -DRIVE 7.5 -SLEW FAST successfully.
Executing : def_port pad_rstn_ch0 -LOC M2 -IOSTANDARD SSTL15_I -VCCIO 1.5 -BUS_KEEPER UNUSED -DRIVE 7.5 -SLEW FAST
Executing : def_port pad_rstn_ch0 -LOC M2 -IOSTANDARD SSTL15_I -VCCIO 1.5 -BUS_KEEPER UNUSED -DRIVE 7.5 -SLEW FAST successfully.
Executing : def_port pad_wen_ch0 -LOC V1 -IOSTANDARD SSTL15_I -VCCIO 1.5 -BUS_KEEPER UNUSED -DRIVE 7.5 -SLEW FAST
Executing : def_port pad_wen_ch0 -LOC V1 -IOSTANDARD SSTL15_I -VCCIO 1.5 -BUS_KEEPER UNUSED -DRIVE 7.5 -SLEW FAST successfully.
Executing : def_port sd_dclk -LOC V13 -IOSTANDARD LVCMOS33 -VCCIO 3.3 -BUS_KEEPER PULLUP -DRIVE 4 -SLEW FAST -OPEN_DRAIN OFF
Executing : def_port sd_dclk -LOC V13 -IOSTANDARD LVCMOS33 -VCCIO 3.3 -BUS_KEEPER PULLUP -DRIVE 4 -SLEW FAST -OPEN_DRAIN OFF successfully.
Executing : def_port sd_mosi -LOC U14 -IOSTANDARD LVCMOS33 -VCCIO 3.3 -BUS_KEEPER PULLUP -DRIVE 4 -SLEW FAST -OPEN_DRAIN OFF
Executing : def_port sd_mosi -LOC U14 -IOSTANDARD LVCMOS33 -VCCIO 3.3 -BUS_KEEPER PULLUP -DRIVE 4 -SLEW FAST -OPEN_DRAIN OFF successfully.
Executing : def_port sd_ncs -LOC V14 -IOSTANDARD LVCMOS33 -VCCIO 3.3 -BUS_KEEPER PULLUP -DRIVE 4 -SLEW FAST -OPEN_DRAIN OFF
Executing : def_port sd_ncs -LOC V14 -IOSTANDARD LVCMOS33 -VCCIO 3.3 -BUS_KEEPER PULLUP -DRIVE 4 -SLEW FAST -OPEN_DRAIN OFF successfully.
Executing : def_port tmds_clk_n -LOC A16 -IOSTANDARD LVTTL33 -VCCIO 3.3 -BUS_KEEPER NONE -DRIVE 12 -SLEW FAST -OPEN_DRAIN OFF
Executing : def_port tmds_clk_n -LOC A16 -IOSTANDARD LVTTL33 -VCCIO 3.3 -BUS_KEEPER NONE -DRIVE 12 -SLEW FAST -OPEN_DRAIN OFF successfully.
Executing : def_port tmds_clk_p -LOC B16 -IOSTANDARD LVTTL33 -VCCIO 3.3 -BUS_KEEPER NONE -DRIVE 12 -SLEW FAST -OPEN_DRAIN OFF
Executing : def_port tmds_clk_p -LOC B16 -IOSTANDARD LVTTL33 -VCCIO 3.3 -BUS_KEEPER NONE -DRIVE 12 -SLEW FAST -OPEN_DRAIN OFF successfully.
Executing : def_port {tmds_data_n[0]} -LOC A14 -IOSTANDARD LVTTL33 -VCCIO 3.3 -BUS_KEEPER NONE -DRIVE 12 -SLEW FAST -OPEN_DRAIN OFF
Executing : def_port {tmds_data_n[0]} -LOC A14 -IOSTANDARD LVTTL33 -VCCIO 3.3 -BUS_KEEPER NONE -DRIVE 12 -SLEW FAST -OPEN_DRAIN OFF successfully.
Executing : def_port {tmds_data_n[1]} -LOC A11 -IOSTANDARD LVTTL33 -VCCIO 3.3 -BUS_KEEPER NONE -DRIVE 12 -SLEW FAST -OPEN_DRAIN OFF
Executing : def_port {tmds_data_n[1]} -LOC A11 -IOSTANDARD LVTTL33 -VCCIO 3.3 -BUS_KEEPER NONE -DRIVE 12 -SLEW FAST -OPEN_DRAIN OFF successfully.
Executing : def_port {tmds_data_n[2]} -LOC A10 -IOSTANDARD LVTTL33 -VCCIO 3.3 -BUS_KEEPER NONE -DRIVE 12 -SLEW FAST -OPEN_DRAIN OFF
Executing : def_port {tmds_data_n[2]} -LOC A10 -IOSTANDARD LVTTL33 -VCCIO 3.3 -BUS_KEEPER NONE -DRIVE 12 -SLEW FAST -OPEN_DRAIN OFF successfully.
Executing : def_port {tmds_data_p[0]} -LOC B14 -IOSTANDARD LVTTL33 -VCCIO 3.3 -BUS_KEEPER NONE -DRIVE 12 -SLEW FAST -OPEN_DRAIN OFF
Executing : def_port {tmds_data_p[0]} -LOC B14 -IOSTANDARD LVTTL33 -VCCIO 3.3 -BUS_KEEPER NONE -DRIVE 12 -SLEW FAST -OPEN_DRAIN OFF successfully.
Executing : def_port {tmds_data_p[1]} -LOC B11 -IOSTANDARD LVTTL33 -VCCIO 3.3 -BUS_KEEPER NONE -DRIVE 12 -SLEW FAST -OPEN_DRAIN OFF
Executing : def_port {tmds_data_p[1]} -LOC B11 -IOSTANDARD LVTTL33 -VCCIO 3.3 -BUS_KEEPER NONE -DRIVE 12 -SLEW FAST -OPEN_DRAIN OFF successfully.
Executing : def_port {tmds_data_p[2]} -LOC B10 -IOSTANDARD LVTTL33 -VCCIO 3.3 -BUS_KEEPER NONE -DRIVE 12 -SLEW FAST -OPEN_DRAIN OFF
Executing : def_port {tmds_data_p[2]} -LOC B10 -IOSTANDARD LVTTL33 -VCCIO 3.3 -BUS_KEEPER NONE -DRIVE 12 -SLEW FAST -OPEN_DRAIN OFF successfully.
Executing : def_port uart_tx -LOC C10 -IOSTANDARD LVCMOS33 -VCCIO 3.3 -BUS_KEEPER PULLUP -DRIVE 4 -SLEW SLOW -OPEN_DRAIN OFF
Executing : def_port uart_tx -LOC C10 -IOSTANDARD LVCMOS33 -VCCIO 3.3 -BUS_KEEPER PULLUP -DRIVE 4 -SLEW SLOW -OPEN_DRAIN OFF successfully.
Executing : def_port {cmos_db[0]} -LOC E18 -IOSTANDARD LVCMOS33 -VCCIO 3.3 -HYS_DRIVE_MODE NOHYS -BUS_KEEPER PULLUP
C: ConstraintEditor-2002: [F:/pds_project/ConvKing/device_map/top.pcf(line number: 74)] | Port cmos_db[0] has been placed at location E18, whose type is share pin.
Executing : def_port {cmos_db[0]} -LOC E18 -IOSTANDARD LVCMOS33 -VCCIO 3.3 -HYS_DRIVE_MODE NOHYS -BUS_KEEPER PULLUP successfully.
Executing : def_port {cmos_db[1]} -LOC D18 -IOSTANDARD LVCMOS33 -VCCIO 3.3 -HYS_DRIVE_MODE NOHYS -BUS_KEEPER PULLUP
C: ConstraintEditor-2002: [F:/pds_project/ConvKing/device_map/top.pcf(line number: 75)] | Port cmos_db[1] has been placed at location D18, whose type is share pin.
Executing : def_port {cmos_db[1]} -LOC D18 -IOSTANDARD LVCMOS33 -VCCIO 3.3 -HYS_DRIVE_MODE NOHYS -BUS_KEEPER PULLUP successfully.
Executing : def_port {cmos_db[2]} -LOC F14 -IOSTANDARD LVCMOS33 -VCCIO 3.3 -HYS_DRIVE_MODE NOHYS -BUS_KEEPER PULLUP
C: ConstraintEditor-2002: [F:/pds_project/ConvKing/device_map/top.pcf(line number: 76)] | Port cmos_db[2] has been placed at location F14, whose type is share pin.
Executing : def_port {cmos_db[2]} -LOC F14 -IOSTANDARD LVCMOS33 -VCCIO 3.3 -HYS_DRIVE_MODE NOHYS -BUS_KEEPER PULLUP successfully.
Executing : def_port {cmos_db[3]} -LOC F13 -IOSTANDARD LVCMOS33 -VCCIO 3.3 -HYS_DRIVE_MODE NOHYS -BUS_KEEPER PULLUP
Executing : def_port {cmos_db[3]} -LOC F13 -IOSTANDARD LVCMOS33 -VCCIO 3.3 -HYS_DRIVE_MODE NOHYS -BUS_KEEPER PULLUP successfully.
Executing : def_port {cmos_db[4]} -LOC E17 -IOSTANDARD LVCMOS33 -VCCIO 3.3 -HYS_DRIVE_MODE NOHYS -BUS_KEEPER PULLUP
C: ConstraintEditor-2002: [F:/pds_project/ConvKing/device_map/top.pcf(line number: 78)] | Port cmos_db[4] has been placed at location E17, whose type is share pin.
Executing : def_port {cmos_db[4]} -LOC E17 -IOSTANDARD LVCMOS33 -VCCIO 3.3 -HYS_DRIVE_MODE NOHYS -BUS_KEEPER PULLUP successfully.
Executing : def_port {cmos_db[5]} -LOC D17 -IOSTANDARD LVCMOS33 -VCCIO 3.3 -HYS_DRIVE_MODE NOHYS -BUS_KEEPER PULLUP
C: ConstraintEditor-2002: [F:/pds_project/ConvKing/device_map/top.pcf(line number: 79)] | Port cmos_db[5] has been placed at location D17, whose type is share pin.
Executing : def_port {cmos_db[5]} -LOC D17 -IOSTANDARD LVCMOS33 -VCCIO 3.3 -HYS_DRIVE_MODE NOHYS -BUS_KEEPER PULLUP successfully.
Executing : def_port {cmos_db[6]} -LOC G14 -IOSTANDARD LVCMOS33 -VCCIO 3.3 -HYS_DRIVE_MODE NOHYS -BUS_KEEPER PULLUP
C: ConstraintEditor-2002: [F:/pds_project/ConvKing/device_map/top.pcf(line number: 80)] | Port cmos_db[6] has been placed at location G14, whose type is share pin.
Executing : def_port {cmos_db[6]} -LOC G14 -IOSTANDARD LVCMOS33 -VCCIO 3.3 -HYS_DRIVE_MODE NOHYS -BUS_KEEPER PULLUP successfully.
Executing : def_port {cmos_db[7]} -LOC G13 -IOSTANDARD LVCMOS33 -VCCIO 3.3 -HYS_DRIVE_MODE NOHYS -BUS_KEEPER PULLUP
C: ConstraintEditor-2002: [F:/pds_project/ConvKing/device_map/top.pcf(line number: 81)] | Port cmos_db[7] has been placed at location G13, whose type is share pin.
Executing : def_port {cmos_db[7]} -LOC G13 -IOSTANDARD LVCMOS33 -VCCIO 3.3 -HYS_DRIVE_MODE NOHYS -BUS_KEEPER PULLUP successfully.
Executing : def_port cmos_href -LOC H14 -IOSTANDARD LVCMOS33 -VCCIO 3.3 -HYS_DRIVE_MODE NOHYS -BUS_KEEPER PULLUP
C: ConstraintEditor-2002: [F:/pds_project/ConvKing/device_map/top.pcf(line number: 82)] | Port cmos_href has been placed at location H14, whose type is share pin.
Executing : def_port cmos_href -LOC H14 -IOSTANDARD LVCMOS33 -VCCIO 3.3 -HYS_DRIVE_MODE NOHYS -BUS_KEEPER PULLUP successfully.
Executing : def_port cmos_pclk -LOC J17 -IOSTANDARD LVCMOS33 -VCCIO 3.3 -HYS_DRIVE_MODE NOHYS -BUS_KEEPER PULLUP
Executing : def_port cmos_pclk -LOC J17 -IOSTANDARD LVCMOS33 -VCCIO 3.3 -HYS_DRIVE_MODE NOHYS -BUS_KEEPER PULLUP successfully.
Executing : def_port cmos_vsync -LOC J18 -IOSTANDARD LVCMOS33 -VCCIO 3.3 -HYS_DRIVE_MODE NOHYS -BUS_KEEPER PULLUP
Executing : def_port cmos_vsync -LOC J18 -IOSTANDARD LVCMOS33 -VCCIO 3.3 -HYS_DRIVE_MODE NOHYS -BUS_KEEPER PULLUP successfully.
Executing : def_port {key_button[0]} -LOC V12 -IOSTANDARD LVCMOS33 -VCCIO 3.3 -HYS_DRIVE_MODE NOHYS -BUS_KEEPER PULLUP
Executing : def_port {key_button[0]} -LOC V12 -IOSTANDARD LVCMOS33 -VCCIO 3.3 -HYS_DRIVE_MODE NOHYS -BUS_KEEPER PULLUP successfully.
Executing : def_port {key_button[1]} -LOC P17 -IOSTANDARD LVCMOS33 -VCCIO 3.3 -HYS_DRIVE_MODE NOHYS -BUS_KEEPER PULLUP
Executing : def_port {key_button[1]} -LOC P17 -IOSTANDARD LVCMOS33 -VCCIO 3.3 -HYS_DRIVE_MODE NOHYS -BUS_KEEPER PULLUP successfully.
Executing : def_port rst_n -LOC U12 -IOSTANDARD LVCMOS33 -VCCIO 3.3 -HYS_DRIVE_MODE NOHYS -BUS_KEEPER PULLUP
Executing : def_port rst_n -LOC U12 -IOSTANDARD LVCMOS33 -VCCIO 3.3 -HYS_DRIVE_MODE NOHYS -BUS_KEEPER PULLUP successfully.
Executing : def_port sd_miso -LOC U13 -IOSTANDARD LVCMOS33 -VCCIO 3.3 -HYS_DRIVE_MODE NOHYS -BUS_KEEPER PULLUP
Executing : def_port sd_miso -LOC U13 -IOSTANDARD LVCMOS33 -VCCIO 3.3 -HYS_DRIVE_MODE NOHYS -BUS_KEEPER PULLUP successfully.
Executing : def_port sys_clk -LOC B5 -IOSTANDARD LVCMOS33 -VCCIO 3.3 -HYS_DRIVE_MODE NOHYS -BUS_KEEPER PULLUP
Executing : def_port sys_clk -LOC B5 -IOSTANDARD LVCMOS33 -VCCIO 3.3 -HYS_DRIVE_MODE NOHYS -BUS_KEEPER PULLUP successfully.
Executing : def_port uart_rx -LOC A12 -IOSTANDARD LVCMOS33 -VCCIO 3.3 -HYS_DRIVE_MODE NOHYS -BUS_KEEPER PULLUP
C: ConstraintEditor-2002: [F:/pds_project/ConvKing/device_map/top.pcf(line number: 90)] | Port uart_rx has been placed at location A12, whose type is share pin.
Executing : def_port uart_rx -LOC A12 -IOSTANDARD LVCMOS33 -VCCIO 3.3 -HYS_DRIVE_MODE NOHYS -BUS_KEEPER PULLUP successfully.
Executing : def_port weight_ctrl_button -LOC L12 -IOSTANDARD LVCMOS33 -VCCIO 3.3 -HYS_DRIVE_MODE NOHYS -BUS_KEEPER PULLUP
Executing : def_port weight_ctrl_button -LOC L12 -IOSTANDARD LVCMOS33 -VCCIO 3.3 -HYS_DRIVE_MODE NOHYS -BUS_KEEPER PULLUP successfully.
Executing : def_inst_site u_ipsl_hmic_h_top/u_pll_50_400/u_pll_e1/goppll PLL_82_71
Executing : def_inst_site u_ipsl_hmic_h_top/u_pll_50_400/u_pll_e1/goppll PLL_82_71 successfully.
W: ConstraintEditor-4019: Port 'pad_loop_in' unspecified I/O constraint.
W: ConstraintEditor-4019: Port 'pad_loop_in_h' unspecified I/O constraint.
Executing : apply_constraint -f F:/pds_project/ConvKing/device_map/top.pcf successfully.

Placement started.
Mapping instance InsertedJtag/u_GTP_SCANCHAIN/scanchain to SCANCHAIN_48_328.
Mapping instance u_ipsl_hmic_h_top/u_ipsl_hmic_h_phy_top/u_phy_io/u_gtp_ddrphy/gateop_DDRC to HMEMC_16_1.
Mapping instance u_ipsl_hmic_h_top/u_ipsl_hmic_h_phy_top/u_phy_io/dqs2_dut/opit_0 to DQSL_6_96.
Mapping instance u_ipsl_hmic_h_top/u_ipsl_hmic_h_phy_top/u_phy_io/dqs0_dut/opit_0 to DQSL_6_24.
Mapping instance u_ipsl_hmic_h_top/u_ipsl_hmic_h_phy_top/u_phy_io/dll_hmemc_dut/gopdll to DLL_7_59.
Mapping instance u_ipsl_hmic_h_top/u_ipsl_hmic_h_phy_top/u_phy_io/dqs1_dut/opit_0 to DQSL_6_52.
Mapping instance u_ipsl_hmic_h_top/u_ipsl_hmic_h_phy_top/u_phy_io/dqs3_dut/opit_0 to DQSL_6_148.
Mapping instance u_ipsl_hmic_h_top/u_ipsl_hmic_h_phy_top/u_phy_io/dqs4_dut/opit_0 to DQSL_6_176.
Mapping instance u_ipsl_hmic_h_top/u_ipsl_hmic_h_phy_top/u_phy_io/ioclkdiv_dut/gopclkdiv to IOCKDIV_6_64.
Mapping instance u_ipsl_hmic_h_top/u_ipsl_hmic_h_phy_top/u_phy_io/ioclkbuf01_dut/gopclkgate to IOCKGATE_6_56.
Mapping instance u_ipsl_hmic_h_top/u_ipsl_hmic_h_phy_top/u_phy_io/ioclkbuf02_dut/gopclkgate to IOCKGATE_6_181.
Mapping instance video_pll_m0/u_pll_e1/goppll to PLL_82_51.
Mapping instance cmos_xclkbufg/gopclkbufg to USCM_74_108.
Mapping instance video_clkbufg/gopclkbufg to USCM_74_109.
Mapping instance video_clk5xbufg/gopclkbufg to USCM_74_110.
Mapping instance sys_clkbufg/gopclkbufg to USCM_74_104.
Mapping instance clkbufg_2/gopclkbufg to USCM_74_105.
Mapping instance clkbufg_1/gopclkbufg to USCM_74_106.
Mapping instance cmos_pclkbufg/gopclkbufg to USCM_74_107.
C: Place-2028: GLOBAL_CLOCK: the driver InsertedJtag/u_GTP_SCANCHAIN/scanchain fixed at SCANCHAIN_48_328 is unreasonable. Sub-optimal placement for a clock source and a clock buffer.
Mapping instance clkbufg_0/gopclkbufg to USCM_74_133.
Pre global placement takes 5.22 sec.
Run super clustering :
	Initial slack -1924.
	2 iterations finished.
	Final slack -1711.
Super clustering done.
Design Utilization : 16%.
Global placement takes 4.27 sec.
Wirelength after global placement is 31491.
Placed fixed instance InsertedJtag/u_GTP_SCANCHAIN/scanchain on SCANCHAIN_48_328.
Placed fixed instance clkbufg_0/gopclkbufg on USCM_74_133.
Placed fixed instance clkbufg_1/gopclkbufg on USCM_74_106.
Placed fixed instance clkbufg_2/gopclkbufg on USCM_74_105.
Placed fixed group with base inst cmos_db_ibuf[0]/opit_1 on IOL_151_254.
Placed fixed group with base inst cmos_db_ibuf[1]/opit_1 on IOL_151_258.
Placed fixed group with base inst cmos_db_ibuf[2]/opit_1 on IOL_151_242.
Placed fixed group with base inst cmos_db_ibuf[3]/opit_1 on IOL_151_241.
Placed fixed group with base inst cmos_db_ibuf[4]/opit_1 on IOL_151_253.
Placed fixed group with base inst cmos_db_ibuf[5]/opit_1 on IOL_151_257.
Placed fixed group with base inst cmos_db_ibuf[6]/opit_1 on IOL_151_234.
Placed fixed group with base inst cmos_db_ibuf[7]/opit_1 on IOL_151_233.
Placed fixed group with base inst cmos_href_ibuf/opit_1 on IOL_151_226.
Placed fixed group with base inst cmos_pclk_ibuf/opit_1 on IOL_151_173.
Placed fixed instance cmos_pclkbufg/gopclkbufg on USCM_74_107.
Placed fixed group with base inst cmos_vsync_ibuf/opit_1 on IOL_151_174.
Placed fixed group with base inst cmos_xclk_obuf/opit_1 on IOL_151_225.
Placed fixed instance cmos_xclkbufg/gopclkbufg on USCM_74_108.
Placed fixed group with base inst dvi_encoder_m0/serdes_4b_10to1_m0/gtp_outbuft0/opit_1_IOL on IOL_151_298.
Placed fixed group with base inst dvi_encoder_m0/serdes_4b_10to1_m0/gtp_outbuft1/opit_1_IOL on IOL_151_350.
Placed fixed group with base inst dvi_encoder_m0/serdes_4b_10to1_m0/gtp_outbuft2/opit_1_IOL on IOL_151_338.
Placed fixed group with base inst dvi_encoder_m0/serdes_4b_10to1_m0/gtp_outbuft3/opit_1_IOL on IOL_151_322.
Placed fixed group with base inst dvi_encoder_m0/serdes_4b_10to1_m0/gtp_outbuft4/opit_1_IOL on IOL_151_297.
Placed fixed group with base inst dvi_encoder_m0/serdes_4b_10to1_m0/gtp_outbuft5/opit_1_IOL on IOL_151_349.
Placed fixed group with base inst dvi_encoder_m0/serdes_4b_10to1_m0/gtp_outbuft6/opit_1_IOL on IOL_151_337.
Placed fixed group with base inst dvi_encoder_m0/serdes_4b_10to1_m0/gtp_outbuft7/opit_1_IOL on IOL_151_321.
Placed fixed group with base inst i2c_config_m0.i2c_scl_tri/opit_1 on IOL_151_209.
Placed fixed group with base inst i2c_config_m0.i2c_sda_tri/opit_1 on IOL_151_210.
Placed fixed group with base inst key_button_ibuf[0]/opit_1 on IOL_151_105.
Placed fixed group with base inst key_button_ibuf[1]/opit_1 on IOL_151_46.
Placed fixed group with base inst led_out_obuf[0]/opit_1 on IOL_151_114.
Placed fixed group with base inst led_out_obuf[1]/opit_1 on IOL_151_113.
Placed fixed group with base inst led_out_obuf[2]/opit_1 on IOL_151_102.
Placed fixed group with base inst led_t_obuf/opit_1 on IOL_151_101.
Placed fixed group with base inst rst_n_ibuf/opit_1 on IOL_151_106.
Placed fixed group with base inst sd_dclk_obuf/opit_1 on IOL_151_109.
Placed fixed group with base inst sd_miso_ibuf/opit_1 on IOL_151_110.
Placed fixed group with base inst sd_mosi_obuf/opit_1 on IOL_151_38.
Placed fixed group with base inst sd_ncs_obuf/opit_1 on IOL_151_37.
Placed fixed group with base inst sys_clk_ibuf/opit_1 on IOL_7_298.
Placed fixed instance sys_clkbufg/gopclkbufg on USCM_74_104.
Placed fixed instance u_ipsl_hmic_h_top/u_ipsl_hmic_h_phy_top/u_phy_io/dll_hmemc_dut/gopdll on DLL_7_59.
Placed fixed instance u_ipsl_hmic_h_top/u_ipsl_hmic_h_phy_top/u_phy_io/dqs0_dut/opit_0 on DQSL_6_24.
Placed fixed instance u_ipsl_hmic_h_top/u_ipsl_hmic_h_phy_top/u_phy_io/dqs1_dut/opit_0 on DQSL_6_52.
Placed fixed instance u_ipsl_hmic_h_top/u_ipsl_hmic_h_phy_top/u_phy_io/dqs2_dut/opit_0 on DQSL_6_96.
Placed fixed instance u_ipsl_hmic_h_top/u_ipsl_hmic_h_phy_top/u_phy_io/dqs3_dut/opit_0 on DQSL_6_148.
Placed fixed instance u_ipsl_hmic_h_top/u_ipsl_hmic_h_phy_top/u_phy_io/dqs4_dut/opit_0 on DQSL_6_176.
Placed fixed group with base inst u_ipsl_hmic_h_top/u_ipsl_hmic_h_phy_top/u_phy_io/genblk2.iob_08_09_dut/opit_2_O on IOL_7_22.
Placed fixed group with base inst u_ipsl_hmic_h_top/u_ipsl_hmic_h_phy_top/u_phy_io/genblk3.iob_30_31_dut/opit_2_O on IOL_7_102.
Placed fixed group with base inst u_ipsl_hmic_h_top/u_ipsl_hmic_h_phy_top/u_phy_io/iob_01_dut/opit_1 on IOL_7_6.
Placed fixed group with base inst u_ipsl_hmic_h_top/u_ipsl_hmic_h_phy_top/u_phy_io/iob_02_dut/opit_1_IOL on IOL_7_9.
Placed fixed group with base inst u_ipsl_hmic_h_top/u_ipsl_hmic_h_phy_top/u_phy_io/iob_16_17_dut/opit_3_IOL on IOL_7_46.
Placed fixed group with base inst u_ipsl_hmic_h_top/u_ipsl_hmic_h_phy_top/u_phy_io/iob_18_dut/opit_1_IOL on IOL_7_49.
Placed fixed group with base inst u_ipsl_hmic_h_top/u_ipsl_hmic_h_phy_top/u_phy_io/iob_19_dut/opit_1_IOL on IOL_7_50.
Placed fixed group with base inst u_ipsl_hmic_h_top/u_ipsl_hmic_h_phy_top/u_phy_io/iob_20_dut/opit_1_IOL on IOL_7_73.
Placed fixed group with base inst u_ipsl_hmic_h_top/u_ipsl_hmic_h_phy_top/u_phy_io/iob_21_dut/opit_1_IOL on IOL_7_74.
Placed fixed group with base inst u_ipsl_hmic_h_top/u_ipsl_hmic_h_phy_top/u_phy_io/iob_22_dut/opit_1_IOL on IOL_7_77.
Placed fixed group with base inst u_ipsl_hmic_h_top/u_ipsl_hmic_h_phy_top/u_phy_io/iob_23_dut/opit_1_IOL on IOL_7_78.
Placed fixed group with base inst u_ipsl_hmic_h_top/u_ipsl_hmic_h_phy_top/u_phy_io/iob_24_dut/opit_1_IOL on IOL_7_81.
Placed fixed group with base inst u_ipsl_hmic_h_top/u_ipsl_hmic_h_phy_top/u_phy_io/iob_25_dut/opit_1_IOL on IOL_7_82.
Placed fixed group with base inst u_ipsl_hmic_h_top/u_ipsl_hmic_h_phy_top/u_phy_io/iob_37_dut/opit_1_IOL on IOL_7_114.
Placed fixed group with base inst u_ipsl_hmic_h_top/u_ipsl_hmic_h_phy_top/u_phy_io/iob_39_dut/opit_1 on IOL_7_118.
Placed fixed group with base inst u_ipsl_hmic_h_top/u_ipsl_hmic_h_phy_top/u_phy_io/iob_40_dut/opit_1_IOL on IOL_7_129.
Placed fixed group with base inst u_ipsl_hmic_h_top/u_ipsl_hmic_h_phy_top/u_phy_io/iob_41_dut/opit_1_IOL on IOL_7_130.
Placed fixed group with base inst u_ipsl_hmic_h_top/u_ipsl_hmic_h_phy_top/u_phy_io/iob_42_dut/opit_1_IOL on IOL_7_133.
Placed fixed group with base inst u_ipsl_hmic_h_top/u_ipsl_hmic_h_phy_top/u_phy_io/iob_43_dut/opit_1_IOL on IOL_7_134.
Placed fixed group with base inst u_ipsl_hmic_h_top/u_ipsl_hmic_h_phy_top/u_phy_io/iob_44_dut/opit_1_IOL on IOL_7_137.
Placed fixed group with base inst u_ipsl_hmic_h_top/u_ipsl_hmic_h_phy_top/u_phy_io/iob_45_dut/opit_1_IOL on IOL_7_138.
Placed fixed group with base inst u_ipsl_hmic_h_top/u_ipsl_hmic_h_phy_top/u_phy_io/iob_46_dut/opit_1_IOL on IOL_7_141.
Placed fixed group with base inst u_ipsl_hmic_h_top/u_ipsl_hmic_h_phy_top/u_phy_io/iob_47_dut/opit_1_IOL on IOL_7_142.
Placed fixed group with base inst u_ipsl_hmic_h_top/u_ipsl_hmic_h_phy_top/u_phy_io/iob_48_dut/opit_1_IOL on IOL_7_145.
Placed fixed group with base inst u_ipsl_hmic_h_top/u_ipsl_hmic_h_phy_top/u_phy_io/iob_49_dut/opit_1_IOL on IOL_7_146.
Placed fixed group with base inst u_ipsl_hmic_h_top/u_ipsl_hmic_h_phy_top/u_phy_io/iob_50_dut/opit_1 on IOL_7_157.
Placed fixed group with base inst u_ipsl_hmic_h_top/u_ipsl_hmic_h_phy_top/u_phy_io/iob_51_dut/opit_1_IOL on IOL_7_158.
Placed fixed group with base inst u_ipsl_hmic_h_top/u_ipsl_hmic_h_phy_top/u_phy_io/iob_52_dut/opit_1_IOL on IOL_7_161.
Placed fixed group with base inst u_ipsl_hmic_h_top/u_ipsl_hmic_h_phy_top/u_phy_io/iob_55_dut/opit_1_IOL on IOL_7_166.
Placed fixed group with base inst u_ipsl_hmic_h_top/u_ipsl_hmic_h_phy_top/u_phy_io/iob_56_dut/opit_1_IOL on IOL_7_169.
Placed fixed group with base inst u_ipsl_hmic_h_top/u_ipsl_hmic_h_phy_top/u_phy_io/iob_57_dut/opit_1_IOL on IOL_7_170.
Placed fixed group with base inst u_ipsl_hmic_h_top/u_ipsl_hmic_h_phy_top/u_phy_io/iob_58_dut/opit_1_IOL on IOL_7_173.
Placed fixed group with base inst u_ipsl_hmic_h_top/u_ipsl_hmic_h_phy_top/u_phy_io/iob_59_dut/opit_1_IOL on IOL_7_174.
Placed fixed instance u_ipsl_hmic_h_top/u_ipsl_hmic_h_phy_top/u_phy_io/ioclkbuf01_dut/gopclkgate on IOCKGATE_6_56.
Placed fixed instance u_ipsl_hmic_h_top/u_ipsl_hmic_h_phy_top/u_phy_io/ioclkbuf02_dut/gopclkgate on IOCKGATE_6_181.
Placed fixed instance u_ipsl_hmic_h_top/u_ipsl_hmic_h_phy_top/u_phy_io/ioclkdiv_dut/gopclkdiv on IOCKDIV_6_64.
Placed fixed group with base inst u_ipsl_hmic_h_top/u_ipsl_hmic_h_phy_top/u_phy_io/iol_iddr3_dut/gateop_inv_IO on IOL_7_10.
Placed fixed group with base inst u_ipsl_hmic_h_top/u_ipsl_hmic_h_phy_top/u_phy_io/iol_iddr4_dut/gateop_inv_IO on IOL_7_13.
Placed fixed group with base inst u_ipsl_hmic_h_top/u_ipsl_hmic_h_phy_top/u_phy_io/iol_iddr5_dut/gateop_inv_IO on IOL_7_14.
Placed fixed group with base inst u_ipsl_hmic_h_top/u_ipsl_hmic_h_phy_top/u_phy_io/iol_iddr6_dut/gateop_inv_IO on IOL_7_17.
Placed fixed group with base inst u_ipsl_hmic_h_top/u_ipsl_hmic_h_phy_top/u_phy_io/iol_iddr7_dut/gateop_inv_IO on IOL_7_18.
Placed fixed group with base inst u_ipsl_hmic_h_top/u_ipsl_hmic_h_phy_top/u_phy_io/iol_iddr10_dut/gateop_inv_IO on IOL_7_33.
Placed fixed group with base inst u_ipsl_hmic_h_top/u_ipsl_hmic_h_phy_top/u_phy_io/iol_iddr11_dut/gateop_inv_IO on IOL_7_34.
Placed fixed group with base inst u_ipsl_hmic_h_top/u_ipsl_hmic_h_phy_top/u_phy_io/iol_iddr12_dut/gateop_inv_IO on IOL_7_37.
Placed fixed group with base inst u_ipsl_hmic_h_top/u_ipsl_hmic_h_phy_top/u_phy_io/iol_iddr27_dut/gateop_inv_IO on IOL_7_86.
Placed fixed group with base inst u_ipsl_hmic_h_top/u_ipsl_hmic_h_phy_top/u_phy_io/iol_iddr28_dut/gateop_inv_IO on IOL_7_89.
Placed fixed group with base inst u_ipsl_hmic_h_top/u_ipsl_hmic_h_phy_top/u_phy_io/iol_iddr29_dut/gateop_inv_IO on IOL_7_90.
Placed fixed group with base inst u_ipsl_hmic_h_top/u_ipsl_hmic_h_phy_top/u_phy_io/iol_iddr32_dut/gateop_inv_IO on IOL_7_105.
Placed fixed group with base inst u_ipsl_hmic_h_top/u_ipsl_hmic_h_phy_top/u_phy_io/iol_iddr33_dut/gateop_inv_IO on IOL_7_106.
Placed fixed group with base inst u_ipsl_hmic_h_top/u_ipsl_hmic_h_phy_top/u_phy_io/iol_iddr34_dut/gateop_inv_IO on IOL_7_109.
Placed fixed group with base inst u_ipsl_hmic_h_top/u_ipsl_hmic_h_phy_top/u_phy_io/iol_iddr35_dut/gateop_inv_IO on IOL_7_110.
Placed fixed group with base inst u_ipsl_hmic_h_top/u_ipsl_hmic_h_phy_top/u_phy_io/iol_iddr36_dut/gateop_inv_IO on IOL_7_113.
Placed fixed instance u_ipsl_hmic_h_top/u_ipsl_hmic_h_phy_top/u_phy_io/u_gtp_ddrphy/gateop_DDRC on HMEMC_16_1.
Placed fixed instance u_ipsl_hmic_h_top/u_pll_50_400/u_pll_e1/goppll on PLL_82_71.
Placed fixed group with base inst uart_rx_ibuf/opit_1 on IOL_151_333.
Placed fixed group with base inst uart_tx_obuf/opit_1 on IOL_151_361.
Placed fixed instance video_clk5xbufg/gopclkbufg on USCM_74_110.
Placed fixed instance video_clkbufg/gopclkbufg on USCM_74_109.
Placed fixed instance video_pll_m0/u_pll_e1/goppll on PLL_82_51.
Placed fixed group with base inst weight_ctrl_button_ibuf/opit_1 on IOL_151_161.
Placed fixed instance BKCL_auto_0 on BKCL_2_268.
Placed fixed instance BKCL_auto_1 on BKCL_2_144.
Placed fixed instance BKCL_auto_2 on BKCL_2_20.
Placed fixed instance BKCL_auto_3 on BKCL_154_268.
Placed fixed instance BKCL_auto_4 on BKCL_154_144.
Placed fixed instance BKCL_auto_5 on BKCL_154_20.
Placed instance u_ipsl_hmic_h_top/u_ipsl_hmic_h_phy_top/u_phy_io/dll_hmemc_dut/gopdll(gopDLL) on DLL_7_59, and placed u_ipsl_hmic_h_top/u_ipsl_hmic_h_phy_top/u_phy_io/dqs0_dut/opit_0(gopDQS_DDC) on DQSL_6_24.
Placed instance u_ipsl_hmic_h_top/u_ipsl_hmic_h_phy_top/u_phy_io/dll_hmemc_dut/gopdll(gopDLL) on DLL_7_59, and placed u_ipsl_hmic_h_top/u_ipsl_hmic_h_phy_top/u_phy_io/dqs1_dut/opit_0(gopDQS_DDC) on DQSL_6_52.
Placed instance u_ipsl_hmic_h_top/u_ipsl_hmic_h_phy_top/u_phy_io/dll_hmemc_dut/gopdll(gopDLL) on DLL_7_59, and placed u_ipsl_hmic_h_top/u_ipsl_hmic_h_phy_top/u_phy_io/dqs2_dut/opit_0(gopDQS_DDC) on DQSL_6_96.
Placed instance u_ipsl_hmic_h_top/u_ipsl_hmic_h_phy_top/u_phy_io/dll_hmemc_dut/gopdll(gopDLL) on DLL_7_59, and placed u_ipsl_hmic_h_top/u_ipsl_hmic_h_phy_top/u_phy_io/dqs3_dut/opit_0(gopDQS_DDC) on DQSL_6_148.
Placed instance u_ipsl_hmic_h_top/u_ipsl_hmic_h_phy_top/u_phy_io/dll_hmemc_dut/gopdll(gopDLL) on DLL_7_59, and placed u_ipsl_hmic_h_top/u_ipsl_hmic_h_phy_top/u_phy_io/dqs4_dut/opit_0(gopDQS_DDC) on DQSL_6_176.
Forbidden IOL_7_38.
Forbidden IOL_7_41.
Forbidden IOL_7_42.
Forbidden IOL_7_85.
Forbidden IOL_7_162.
Forbidden IOL_7_165.
Wirelength after Macro cell placement is 31644.
Macro cell placement takes 0.02 sec.
Run super clustering :
	Initial slack -1924.
	2 iterations finished.
	Final slack -1711.
Super clustering done.
Design Utilization : 16%.
Wirelength after post global placement is 31601.
Post global placement takes 4.80 sec.
Wirelength after legalization is 33341.
Legalization takes 0.34 sec.
Worst slack before Replication Place is -1205.
Wirelength after replication placement is 33341.
Legalized cost -1205.000000.
The detailed placement ends at 12th iteration.
Wirelength after detailed placement is 33697.
Timing-driven detailed placement takes 1.86 sec.
C: Place-2032: The vccio(3.3) and iostandard(LVCMOS33) of instance(u_ipsl_hmic_h_top/u_ipsl_hmic_h_phy_top/u_phy_io/iob_00_dut/opit_0) in bank(BANKL2) has been changed to vccio(1.5) and iostandard(LVCMOS15).
C: Place-2032: The vccio(3.3) and iostandard(LVCMOS33) of instance(u_ipsl_hmic_h_top/u_ipsl_hmic_h_phy_top/u_phy_io/iob_38_dut/opit_0) in bank(BANKL2) has been changed to vccio(1.5) and iostandard(LVCMOS15).
Placement done.
Total placement takes 16.83 sec.
Finished placement. (CPU time elapsed 0h:00m:17s)

Routing started.
Building routing graph takes 0.94 sec.
Worst slack is -914.
Processing design graph takes 0.39 sec.
Total memory for routing:
	49.206585 M.
Total nets for routing : 4284.
Rcf routing step 1 processed 0 nets, it takes 0.00 sec.
Rcf routing step 2 processed 0 nets, it takes 0.00 sec.
Rcf routing step 3 processed 0 nets, it takes 0.00 sec.
Unrouted nets 0 at the end of iteration 0.
Global Routing step 1 processed 120 nets, it takes 0.02 sec.
Unrouted nets 156 at the end of iteration 0.
Unrouted nets 79 at the end of iteration 1.
Unrouted nets 39 at the end of iteration 2.
Unrouted nets 17 at the end of iteration 3.
Unrouted nets 8 at the end of iteration 4.
Unrouted nets 5 at the end of iteration 5.
Unrouted nets 6 at the end of iteration 6.
Unrouted nets 1 at the end of iteration 7.
Unrouted nets 2 at the end of iteration 8.
Unrouted nets 1 at the end of iteration 9.
Unrouted nets 1 at the end of iteration 10.
Unrouted nets 1 at the end of iteration 11.
Unrouted nets 1 at the end of iteration 12.
Unrouted nets 1 at the end of iteration 13.
Unrouted nets 1 at the end of iteration 14.
Unrouted nets 1 at the end of iteration 15.
Unrouted nets 2 at the end of iteration 16.
Unrouted nets 1 at the end of iteration 17.
Unrouted nets 1 at the end of iteration 18.
Unrouted nets 1 at the end of iteration 19.
Unrouted nets 1 at the end of iteration 20.
Unrouted nets 1 at the end of iteration 21.
Unrouted nets 0 at the end of iteration 22.
Global Routing step 2 processed 301 nets, it takes 0.72 sec.
Unrouted nets 32 at the end of iteration 0.
Unrouted nets 19 at the end of iteration 1.
Unrouted nets 5 at the end of iteration 2.
Unrouted nets 2 at the end of iteration 3.
Unrouted nets 0 at the end of iteration 4.
Global Routing step 3 processed 446 nets, it takes 0.42 sec.
Global routing takes 1.16 sec.
Total 4576 subnets.
    forward max bucket size 35166 , backward 884.
        Unrouted nets 2436 at the end of iteration 0.
    route iteration 0, CPU time elapsed 2.140625 sec.
    forward max bucket size 450 , backward 424.
        Unrouted nets 1836 at the end of iteration 1.
    route iteration 1, CPU time elapsed 0.625000 sec.
    forward max bucket size 262 , backward 205.
        Unrouted nets 1374 at the end of iteration 2.
    route iteration 2, CPU time elapsed 0.546875 sec.
    forward max bucket size 377 , backward 402.
        Unrouted nets 980 at the end of iteration 3.
    route iteration 3, CPU time elapsed 0.421875 sec.
    forward max bucket size 400 , backward 380.
        Unrouted nets 809 at the end of iteration 4.
    route iteration 4, CPU time elapsed 0.218750 sec.
    forward max bucket size 331 , backward 400.
        Unrouted nets 575 at the end of iteration 5.
    route iteration 5, CPU time elapsed 0.156250 sec.
    forward max bucket size 499 , backward 238.
        Unrouted nets 409 at the end of iteration 6.
    route iteration 6, CPU time elapsed 0.125000 sec.
    forward max bucket size 693 , backward 516.
        Unrouted nets 280 at the end of iteration 7.
    route iteration 7, CPU time elapsed 0.078125 sec.
    forward max bucket size 652 , backward 636.
        Unrouted nets 167 at the end of iteration 8.
    route iteration 8, CPU time elapsed 0.062500 sec.
    forward max bucket size 626 , backward 117.
        Unrouted nets 108 at the end of iteration 9.
    route iteration 9, CPU time elapsed 0.031250 sec.
    forward max bucket size 461 , backward 99.
        Unrouted nets 59 at the end of iteration 10.
    route iteration 10, CPU time elapsed 0.031250 sec.
    forward max bucket size 265 , backward 56.
        Unrouted nets 30 at the end of iteration 11.
    route iteration 11, CPU time elapsed 0.015625 sec.
    forward max bucket size 417 , backward 65.
        Unrouted nets 27 at the end of iteration 12.
    route iteration 12, CPU time elapsed 0.015625 sec.
    forward max bucket size 576 , backward 44.
        Unrouted nets 19 at the end of iteration 13.
    route iteration 13, CPU time elapsed 0.015625 sec.
    forward max bucket size 579 , backward 44.
        Unrouted nets 17 at the end of iteration 14.
    route iteration 14, CPU time elapsed 0.015625 sec.
    forward max bucket size 345 , backward 32.
        Unrouted nets 12 at the end of iteration 15.
    route iteration 15, CPU time elapsed 0.015625 sec.
    forward max bucket size 326 , backward 21.
        Unrouted nets 6 at the end of iteration 16.
    route iteration 16, CPU time elapsed 0.015625 sec.
    forward max bucket size 16 , backward 15.
        Unrouted nets 0 at the end of iteration 17.
    route iteration 17, CPU time elapsed 0.015625 sec.
C: Route-2036: The clock path from InsertedJtag/u_GTP_SCANCHAIN/scanchain:TCK_USER to clkbufg_0/gopclkbufg:CLK is routed by SRB.
Detailed routing takes 4.61 sec.

Dispose routing result:
    Collect routing result.
    Delete unused device instances.
    Annotate routing result.
    Change LUT configuration.
    Dispose misc instances.
I: Route-6001: Insert route through in CLMA_146_225.
I: Route-6001: Insert route through in RCKB_7_62.
I: Route-6001: Insert route through in RCKB_7_60.
    Annotate routing result again.
Finish routing takes 0.77 sec.
Used srb routing arc is 35358.
Cleanup routing takes 0.02 sec.
Routing done.
Total routing takes 8.38 sec.


Device Utilization Summary :
+----------------------------------------------------------------------------+
| Logic Utilization        | Used     | Available     | Utilization(%)     
+----------------------------------------------------------------------------+
| Use of ADC               | 0        | 1             | 0                   
| Use of APM               | 0        | 30            | 0                   
| Use of BKCL              | 6        | 6             | 100                 
| Use of CLMA              | 754      | 3274          | 23                  
|   FF                     | 1131     | 19644         | 6                   
|   LUT                    | 2173     | 13096         | 17                  
|   LUT-FF pairs           | 609      | 13096         | 5                   
| Use of CLMS              | 231      | 1110          | 21                  
|   FF                     | 353      | 6660          | 5                   
|   LUT                    | 629      | 4440          | 14                  
|   LUT-FF pairs           | 187      | 4440          | 4                   
|   Distributed RAM        | 0        | 4440          | 0                   
| Use of CRYSTAL           | 0        | 6             | 0                   
| Use of DLL               | 2        | 6             | 33                  
| Use of DQSL              | 5        | 18            | 28                  
| Use of DRM               | 4        | 48            | 8                   
| Use of FLSIF             | 0        | 1             | 0                   
| Use of FUSECODE          | 0        | 1             | 0                   
| Use of HARD0N1           | 0        | 2745          | 0                   
| Use of HMEMC             | 1        | 2             | 50                  
| Use of IO                | 91       | 240           | 38                  
|   IOBD                   | 45       | 120           | 38                  
|   IOBR                   | 2        | 6             | 33                  
|   IOBS                   | 44       | 114           | 39                  
| Use of IOCKDIV           | 1        | 12            | 8                   
| Use of IOCKDLY           | 0        | 24            | 0                   
| Use of IOCKGATE          | 2        | 12            | 17                  
| Use of IOCKGMUX_TEST     | 0        | 12            | 0                   
| Use of IOL               | 91       | 240           | 38                  
| Use of IPAL              | 0        | 1             | 0                   
| Use of MFG_TEST          | 0        | 1             | 0                   
| Use of OSC               | 0        | 1             | 0                   
| Use of PLL               | 2        | 6             | 33                  
| Use of PREGMUX_TEST      | 0        | 6             | 0                   
| Use of RCKB              | 2        | 24            | 8                   
| Use of RCKBMUX_TEST      | 0        | 12            | 0                   
| Use of RESCAL            | 0        | 6             | 0                   
| Use of SCANCHAIN         | 1        | 4             | 25                  
| Use of START             | 1        | 1             | 100                 
| Use of UDID              | 0        | 1             | 0                   
| Use of USCM              | 8        | 20            | 40                  
| Use of USCMMUX_TEST      | 0        | 20            | 0                   
| Use of VCKBMUX_TEST      | 0        | 12            | 0                   
+----------------------------------------------------------------------------+

Finished routing. (CPU time elapsed 0h:00m:26s)
Design 'top' has been placed and routed successfully.
Saving design to DB.
Action pnr: Real time elapsed is 31.000 sec
Action pnr: CPU time elapsed is 29.609 sec
Current time: Wed May 11 14:51:42 2022
Action pnr: Peak memory pool usage is 582,643,712 bytes
Finished placement and routing. (CPU time elapsed 0h:00m:26s)
